<?xml version="1.0" encoding="UTF-8"?>
<coverage generated="1788088967818" clover="3.2.0">
  <project timestamp="1788088967818" name="All files">
    <metrics statements="1348" coveredstatements="1235" conditionals="1069" coveredconditionals="877" methods="345" coveredmethods="324" elements="2762" coveredelements="2436" complexity="0" loc="1348" ncloc="1348" packages="11" files="49" classes="49"/>
    <package name="providers">
      <metrics statements="0" coveredstatements="0" conditionals="0" coveredconditionals="0" methods="0" coveredmethods="0"/>
      <file name="index.ts" path="C:\Users\jay\Desktop\ClaudeWorks\Glance-Bar\src\providers\index.ts">
        <metrics statements="0" coveredstatements="0" conditionals="0" coveredconditionals="0" methods="0" coveredmethods="0"/>
      </file>
    </package>
    <package name="providers.core">
      <metrics statements="155" coveredstatements="153" conditionals="60" coveredconditionals="56" methods="52" coveredmethods="52"/>
      <file name="index.ts" path="C:\Users\jay\Desktop\ClaudeWorks\Glance-Bar\src\providers\core\index.ts">
        <metrics statements="0" coveredstatements="0" conditionals="0" coveredconditionals="0" methods="0" coveredmethods="0"/>
      </file>
      <file name="providerAdapter.ts" path="C:\Users\jay\Desktop\ClaudeWorks\Glance-Bar\src\providers\core\providerAdapter.ts">
        <metrics statements="10" coveredstatements="10" conditionals="2" coveredconditionals="2" methods="3" coveredmethods="3"/>
        <line num="12" count="80" type="stmt"/>
        <line num="13" count="46" type="stmt"/>
        <line num="14" count="199" type="stmt"/>
        <line num="15" count="199" type="stmt"/>
        <line num="21" count="80" type="stmt"/>
        <line num="23" count="80" type="stmt"/>
        <line num="25" count="88" type="cond" truecount="2" falsecount="0"/>
        <line num="26" count="9" type="stmt"/>
        <line num="29" count="79" type="stmt"/>
        <line num="30" count="79" type="stmt"/>
      </file>
      <file name="providerHealthMonitor.ts" path="C:\Users\jay\Desktop\ClaudeWorks\Glance-Bar\src\providers\core\providerHealthMonitor.ts">
        <metrics statements="17" coveredstatements="17" conditionals="16" coveredconditionals="16" methods="4" coveredmethods="4"/>
        <line num="61" count="132" type="stmt"/>
        <line num="62" count="132" type="stmt"/>
        <line num="83" count="42" type="stmt"/>
        <line num="85" count="42" type="stmt"/>
        <line num="90" count="42" type="stmt"/>
        <line num="91" count="42" type="stmt"/>
        <line num="92" count="42" type="stmt"/>
        <line num="93" count="42" type="stmt"/>
        <line num="95" count="42" type="stmt"/>
        <line num="96" count="67" type="stmt"/>
        <line num="97" count="67" type="cond" truecount="2" falsecount="0"/>
        <line num="98" count="67" type="cond" truecount="2" falsecount="0"/>
        <line num="99" count="67" type="cond" truecount="2" falsecount="0"/>
        <line num="100" count="67" type="cond" truecount="4" falsecount="0"/>
        <line num="103" count="42" type="stmt"/>
        <line num="123" count="38" type="stmt"/>
        <line num="125" count="59" type="cond" truecount="2" falsecount="0"/>
      </file>
      <file name="providerManager.ts" path="C:\Users\jay\Desktop\ClaudeWorks\Glance-Bar\src\providers\core\providerManager.ts">
        <metrics statements="41" coveredstatements="39" conditionals="11" coveredconditionals="9" methods="6" coveredmethods="6"/>
        <line num="52" count="26" type="cond" truecount="2" falsecount="0"/>
        <line num="53" count="26" type="stmt"/>
        <line num="54" count="26" type="stmt"/>
        <line num="58" count="26" type="stmt"/>
        <line num="61" count="260" type="stmt"/>
        <line num="62" count="260" type="cond" truecount="1" falsecount="1"/>
        <line num="63" count="260" type="stmt"/>
        <line num="65" count="0" type="stmt"/>
        <line num="75" count="26" type="cond" truecount="2" falsecount="0"/>
        <line num="76" count="20" type="stmt"/>
        <line num="77" count="20" type="stmt"/>
        <line num="78" count="20" type="stmt"/>
        <line num="79" count="20" type="stmt"/>
        <line num="80" count="20" type="stmt"/>
        <line num="81" count="20" type="stmt"/>
        <line num="82" count="20" type="stmt"/>
        <line num="83" count="20" type="stmt"/>
        <line num="84" count="20" type="stmt"/>
        <line num="85" count="20" type="stmt"/>
        <line num="89" count="26" type="cond" truecount="2" falsecount="0"/>
        <line num="90" count="15" type="stmt"/>
        <line num="91" count="15" type="stmt"/>
        <line num="92" count="15" type="stmt"/>
        <line num="93" count="15" type="stmt"/>
        <line num="96" count="26" type="stmt"/>
        <line num="101" count="15" type="stmt"/>
        <line num="102" count="14" type="stmt"/>
        <line num="104" count="15" type="stmt"/>
        <line num="106" count="15" type="stmt"/>
        <line num="107" count="152" type="stmt"/>
        <line num="108" count="152" type="cond" truecount="1" falsecount="1"/>
        <line num="109" count="0" type="stmt"/>
        <line num="113" count="152" type="stmt"/>
        <line num="114" count="152" type="stmt"/>
        <line num="117" count="152" type="stmt"/>
        <line num="123" count="12" type="stmt"/>
        <line num="124" count="110" type="stmt"/>
        <line num="128" count="12" type="stmt"/>
        <line num="129" count="96" type="stmt"/>
        <line num="131" count="12" type="stmt"/>
        <line num="135" count="112" type="stmt"/>
      </file>
      <file name="providerRegistry.ts" path="C:\Users\jay\Desktop\ClaudeWorks\Glance-Bar\src\providers\core\providerRegistry.ts">
        <metrics statements="66" coveredstatements="66" conditionals="27" coveredconditionals="25" methods="30" coveredmethods="30"/>
        <line num="53" count="1306" type="stmt"/>
        <line num="55" count="1306" type="stmt"/>
        <line num="60" count="1316" type="stmt"/>
        <line num="69" count="62" type="stmt"/>
        <line num="71" count="72" type="stmt"/>
        <line num="83" count="22" type="stmt"/>
        <line num="85" count="22" type="stmt"/>
        <line num="86" count="38" type="stmt"/>
        <line num="87" count="38" type="stmt"/>
        <line num="88" count="38" type="cond" truecount="2" falsecount="0"/>
        <line num="97" count="38" type="stmt"/>
        <line num="99" count="38" type="cond" truecount="2" falsecount="0"/>
        <line num="100" count="36" type="stmt"/>
        <line num="101" count="36" type="stmt"/>
        <line num="104" count="38" type="stmt"/>
        <line num="107" count="34" type="stmt"/>
        <line num="116" count="10" type="stmt"/>
        <line num="118" count="10" type="stmt"/>
        <line num="119" count="20" type="cond" truecount="1" falsecount="1"/>
        <line num="120" count="20" type="cond" truecount="1" falsecount="1"/>
        <line num="122" count="20" type="cond" truecount="2" falsecount="0"/>
        <line num="123" count="8" type="stmt"/>
        <line num="126" count="12" type="stmt"/>
        <line num="131" count="102" type="stmt"/>
        <line num="132" count="102" type="stmt"/>
        <line num="135" count="324" type="stmt"/>
        <line num="139" count="28" type="stmt"/>
        <line num="142" count="102" type="stmt"/>
        <line num="144" count="385" type="cond" truecount="2" falsecount="0"/>
        <line num="145" count="3" type="stmt"/>
        <line num="152" count="382" type="stmt"/>
        <line num="157" count="382" type="stmt"/>
        <line num="158" count="382" type="stmt"/>
        <line num="160" count="382" type="stmt"/>
        <line num="167" count="36" type="stmt"/>
        <line num="169" count="36" type="cond" truecount="2" falsecount="0"/>
        <line num="173" count="81" type="stmt"/>
        <line num="179" count="22" type="stmt"/>
        <line num="183" count="6" type="stmt"/>
        <line num="184" count="12" type="stmt"/>
        <line num="186" count="2" type="stmt"/>
        <line num="190" count="4" type="stmt"/>
        <line num="192" count="10" type="stmt"/>
        <line num="193" count="10" type="cond" truecount="2" falsecount="0"/>
        <line num="200" count="4" type="stmt"/>
        <line num="201" count="12" type="stmt"/>
        <line num="206" count="10" type="stmt"/>
        <line num="209" count="24" type="stmt"/>
        <line num="214" count="14" type="stmt"/>
        <line num="216" count="14" type="cond" truecount="2" falsecount="0"/>
        <line num="217" count="2" type="stmt"/>
        <line num="220" count="12" type="stmt"/>
        <line num="222" count="12" type="cond" truecount="5" falsecount="0"/>
        <line num="223" count="8" type="stmt"/>
        <line num="226" count="12" type="stmt"/>
        <line num="228" count="12" type="stmt"/>
        <line num="232" count="160" type="stmt"/>
        <line num="234" count="160" type="cond" truecount="2" falsecount="0"/>
        <line num="235" count="2" type="stmt"/>
        <line num="238" count="158" type="stmt"/>
        <line num="240" count="158" type="stmt"/>
        <line num="244" count="114" type="stmt"/>
        <line num="246" count="114" type="cond" truecount="2" falsecount="0"/>
        <line num="247" count="2" type="stmt"/>
        <line num="250" count="112" type="stmt"/>
        <line num="252" count="112" type="stmt"/>
      </file>
      <file name="providerShell.ts" path="C:\Users\jay\Desktop\ClaudeWorks\Glance-Bar\src\providers\core\providerShell.ts">
        <metrics statements="21" coveredstatements="21" conditionals="4" coveredconditionals="4" methods="9" coveredmethods="9"/>
        <line num="31" count="346" type="stmt"/>
        <line num="32" count="346" type="stmt"/>
        <line num="33" count="346" type="stmt"/>
        <line num="36" count="239" type="cond" truecount="2" falsecount="0"/>
        <line num="37" count="16" type="stmt"/>
        <line num="39" count="223" type="stmt"/>
        <line num="40" count="206" type="stmt"/>
        <line num="41" count="206" type="stmt"/>
        <line num="48" count="346" type="stmt"/>
        <line num="51" count="38" type="stmt"/>
        <line num="55" count="346" type="stmt"/>
        <line num="62" count="250" type="cond" truecount="2" falsecount="0"/>
        <line num="63" count="21" type="stmt"/>
        <line num="65" count="229" type="stmt"/>
        <line num="66" count="229" type="stmt"/>
        <line num="70" count="151" type="stmt"/>
        <line num="71" count="151" type="stmt"/>
        <line num="75" count="150" type="stmt"/>
        <line num="76" count="150" type="stmt"/>
        <line num="77" count="73" type="stmt"/>
        <line num="82" count="954" type="stmt"/>
      </file>
      <file name="types.ts" path="C:\Users\jay\Desktop\ClaudeWorks\Glance-Bar\src\providers\core\types.ts">
        <metrics statements="0" coveredstatements="0" conditionals="0" coveredconditionals="0" methods="0" coveredmethods="0"/>
      </file>
    </package>
    <package name="providers.impl.mock">
      <metrics statements="118" coveredstatements="102" conditionals="30" coveredconditionals="23" methods="34" coveredmethods="33"/>
      <file name="index.ts" path="C:\Users\jay\Desktop\ClaudeWorks\Glance-Bar\src\providers\impl\mock\index.ts">
        <metrics statements="0" coveredstatements="0" conditionals="0" coveredconditionals="0" methods="0" coveredmethods="0"/>
      </file>
      <file name="mockAiProvider.ts" path="C:\Users\jay\Desktop\ClaudeWorks\Glance-Bar\src\providers\impl\mock\mockAiProvider.ts">
        <metrics statements="17" coveredstatements="14" conditionals="6" coveredconditionals="3" methods="4" coveredmethods="4"/>
        <line num="17" count="10" type="cond" truecount="1" falsecount="0"/>
        <line num="18" count="6" type="stmt"/>
        <line num="20" count="6" type="stmt"/>
        <line num="39" count="10" type="stmt"/>
        <line num="40" count="16" type="cond" truecount="1" falsecount="1"/>
        <line num="41" count="16" type="stmt"/>
        <line num="44" count="0" type="cond" truecount="0" falsecount="2"/>
        <line num="45" count="0" type="stmt"/>
        <line num="48" count="0" type="stmt"/>
        <line num="51" count="10" type="stmt"/>
        <line num="57" count="10" type="stmt"/>
        <line num="58" count="16" type="stmt"/>
        <line num="59" count="16" type="stmt"/>
        <line num="60" count="16" type="stmt"/>
        <line num="69" count="16" type="stmt"/>
        <line num="82" count="48" type="cond" truecount="1" falsecount="0"/>
        <line num="91" count="10" type="stmt"/>
      </file>
      <file name="mockDownloadProvider.ts" path="C:\Users\jay\Desktop\ClaudeWorks\Glance-Bar\src\providers\impl\mock\mockDownloadProvider.ts">
        <metrics statements="11" coveredstatements="11" conditionals="4" coveredconditionals="3" methods="3" coveredmethods="3"/>
        <line num="17" count="10" type="cond" truecount="1" falsecount="0"/>
        <line num="18" count="6" type="stmt"/>
        <line num="20" count="6" type="stmt"/>
        <line num="39" count="10" type="stmt"/>
        <line num="40" count="14" type="stmt"/>
        <line num="41" count="14" type="stmt"/>
        <line num="42" count="14" type="stmt"/>
        <line num="43" count="14" type="cond" truecount="1" falsecount="1"/>
        <line num="44" count="14" type="stmt"/>
        <line num="53" count="14" type="stmt"/>
        <line num="66" count="31" type="cond" truecount="1" falsecount="0"/>
      </file>
      <file name="mockHubData.ts" path="C:\Users\jay\Desktop\ClaudeWorks\Glance-Bar\src\providers\impl\mock\mockHubData.ts">
        <metrics statements="7" coveredstatements="0" conditionals="0" coveredconditionals="0" methods="0" coveredmethods="0"/>
        <line num="10" count="0" type="stmt"/>
        <line num="18" count="0" type="stmt"/>
        <line num="25" count="0" type="stmt"/>
        <line num="34" count="0" type="stmt"/>
        <line num="43" count="0" type="stmt"/>
        <line num="49" count="0" type="stmt"/>
        <line num="62" count="0" type="stmt"/>
      </file>
      <file name="mockMusicProvider.ts" path="C:\Users\jay\Desktop\ClaudeWorks\Glance-Bar\src\providers\impl\mock\mockMusicProvider.ts">
        <metrics statements="8" coveredstatements="8" conditionals="2" coveredconditionals="2" methods="3" coveredmethods="3"/>
        <line num="20" count="10" type="cond" truecount="1" falsecount="0"/>
        <line num="21" count="7" type="stmt"/>
        <line num="23" count="7" type="stmt"/>
        <line num="38" count="10" type="stmt"/>
        <line num="39" count="26" type="stmt"/>
        <line num="40" count="26" type="stmt"/>
        <line num="47" count="26" type="stmt"/>
        <line num="57" count="78" type="cond" truecount="1" falsecount="0"/>
      </file>
      <file name="mockNotificationProvider.ts" path="C:\Users\jay\Desktop\ClaudeWorks\Glance-Bar\src\providers\impl\mock\mockNotificationProvider.ts">
        <metrics statements="5" coveredstatements="5" conditionals="2" coveredconditionals="2" methods="3" coveredmethods="3"/>
        <line num="16" count="10" type="cond" truecount="1" falsecount="0"/>
        <line num="17" count="18" type="stmt"/>
        <line num="19" count="18" type="stmt"/>
        <line num="33" count="30" type="cond" truecount="1" falsecount="0"/>
        <line num="37" count="15" type="stmt"/>
      </file>
      <file name="shared.ts" path="C:\Users\jay\Desktop\ClaudeWorks\Glance-Bar\src\providers\impl\mock\shared.ts">
        <metrics statements="70" coveredstatements="64" conditionals="16" coveredconditionals="13" methods="21" coveredmethods="20"/>
        <line num="12" count="10" type="stmt"/>
        <line num="15" count="10" type="stmt"/>
        <line num="18" count="10" type="stmt"/>
        <line num="21" count="10" type="stmt"/>
        <line num="24" count="10" type="stmt"/>
        <line num="27" count="10" type="stmt"/>
        <line num="30" count="10" type="stmt"/>
        <line num="32" count="10" type="cond" truecount="1" falsecount="0"/>
        <line num="33" count="194" type="cond" truecount="1" falsecount="1"/>
        <line num="34" count="0" type="stmt"/>
        <line num="37" count="194" type="cond" truecount="2" falsecount="0"/>
        <line num="40" count="10" type="stmt"/>
        <line num="44" count="7" type="stmt"/>
        <line num="52" count="10" type="stmt"/>
        <line num="57" count="30" type="stmt"/>
        <line num="58" count="30" type="stmt"/>
        <line num="60" count="30" type="stmt"/>
        <line num="61" count="15" type="cond" truecount="1" falsecount="1"/>
        <line num="62" count="0" type="stmt"/>
        <line num="65" count="15" type="stmt"/>
        <line num="66" count="15" type="stmt"/>
        <line num="67" count="7" type="stmt"/>
        <line num="68" count="7" type="stmt"/>
        <line num="75" count="30" type="stmt"/>
        <line num="81" count="17" type="cond" truecount="2" falsecount="0"/>
        <line num="82" count="2" type="stmt"/>
        <line num="85" count="15" type="stmt"/>
        <line num="86" count="15" type="stmt"/>
        <line num="89" count="6" type="stmt"/>
        <line num="92" count="8" type="stmt"/>
        <line num="94" count="8" type="stmt"/>
        <line num="95" count="4" type="stmt"/>
        <line num="99" count="61" type="stmt"/>
        <line num="115" count="10" type="stmt"/>
        <line num="122" count="157" type="stmt"/>
        <line num="123" count="157" type="stmt"/>
        <line num="125" count="157" type="stmt"/>
        <line num="126" count="157" type="stmt"/>
        <line num="128" count="157" type="stmt"/>
        <line num="129" count="56" type="cond" truecount="1" falsecount="1"/>
        <line num="130" count="0" type="stmt"/>
        <line num="133" count="56" type="stmt"/>
        <line num="134" count="56" type="stmt"/>
        <line num="135" count="56" type="stmt"/>
        <line num="136" count="56" type="stmt"/>
        <line num="137" count="30" type="stmt"/>
        <line num="138" count="30" type="stmt"/>
        <line num="145" count="157" type="stmt"/>
        <line num="151" count="63" type="cond" truecount="2" falsecount="0"/>
        <line num="152" count="7" type="stmt"/>
        <line num="155" count="56" type="stmt"/>
        <line num="156" count="56" type="stmt"/>
        <line num="157" count="56" type="stmt"/>
        <line num="158" count="56" type="stmt"/>
        <line num="160" count="56" type="stmt"/>
        <line num="161" count="0" type="stmt"/>
        <line num="162" count="0" type="stmt"/>
        <line num="163" count="0" type="stmt"/>
        <line num="167" count="23" type="stmt"/>
        <line num="168" count="23" type="cond" truecount="2" falsecount="0"/>
        <line num="169" count="19" type="stmt"/>
        <line num="170" count="19" type="stmt"/>
        <line num="174" count="35" type="stmt"/>
        <line num="176" count="35" type="stmt"/>
        <line num="177" count="22" type="stmt"/>
        <line num="181" count="285" type="stmt"/>
        <line num="189" count="10" type="stmt"/>
        <line num="193" count="187" type="stmt"/>
        <line num="201" count="10" type="stmt"/>
        <line num="203" count="187" type="stmt"/>
      </file>
    </package>
    <package name="providers.impl.real">
      <metrics statements="293" coveredstatements="263" conditionals="161" coveredconditionals="115" methods="79" coveredmethods="69"/>
      <file name="index.ts" path="C:\Users\jay\Desktop\ClaudeWorks\Glance-Bar\src\providers\impl\real\index.ts">
        <metrics statements="0" coveredstatements="0" conditionals="0" coveredconditionals="0" methods="0" coveredmethods="0"/>
      </file>
      <file name="realClipboardProvider.ts" path="C:\Users\jay\Desktop\ClaudeWorks\Glance-Bar\src\providers\impl\real\realClipboardProvider.ts">
        <metrics statements="16" coveredstatements="16" conditionals="4" coveredconditionals="4" methods="7" coveredmethods="7"/>
        <line num="8" count="8" type="stmt"/>
        <line num="9" count="8" type="stmt"/>
        <line num="12" count="13" type="cond" truecount="2" falsecount="0"/>
        <line num="14" count="13" type="stmt"/>
        <line num="35" count="35" type="stmt"/>
        <line num="43" count="35" type="stmt"/>
        <line num="47" count="35" type="stmt"/>
        <line num="52" count="24" type="stmt"/>
        <line num="54" count="16" type="cond" truecount="2" falsecount="0"/>
        <line num="55" count="3" type="stmt"/>
        <line num="57" count="13" type="stmt"/>
        <line num="58" count="13" type="stmt"/>
        <line num="61" count="16" type="stmt"/>
        <line num="64" count="7" type="stmt"/>
        <line num="69" count="12" type="stmt"/>
        <line num="70" count="12" type="stmt"/>
      </file>
      <file name="realDockerProvider.ts" path="C:\Users\jay\Desktop\ClaudeWorks\Glance-Bar\src\providers\impl\real\realDockerProvider.ts">
        <metrics statements="32" coveredstatements="26" conditionals="18" coveredconditionals="10" methods="8" coveredmethods="6"/>
        <line num="7" count="8" type="stmt"/>
        <line num="8" count="8" type="stmt"/>
        <line num="35" count="20" type="stmt"/>
        <line num="38" count="20" type="stmt"/>
        <line num="39" count="20" type="stmt"/>
        <line num="40" count="20" type="cond" truecount="1" falsecount="1"/>
        <line num="44" count="20" type="stmt"/>
        <line num="74" count="24" type="stmt"/>
        <line num="75" count="24" type="stmt"/>
        <line num="93" count="31" type="stmt"/>
        <line num="101" count="31" type="stmt"/>
        <line num="105" count="31" type="stmt"/>
        <line num="110" count="20" type="stmt"/>
        <line num="111" count="20" type="cond" truecount="1" falsecount="1"/>
        <line num="112" count="20" type="stmt"/>
        <line num="113" count="20" type="stmt"/>
        <line num="114" count="20" type="stmt"/>
        <line num="116" count="0" type="stmt"/>
        <line num="119" count="20" type="stmt"/>
        <line num="120" count="4" type="stmt"/>
        <line num="121" count="4" type="cond" truecount="1" falsecount="1"/>
        <line num="122" count="0" type="stmt"/>
        <line num="123" count="0" type="stmt"/>
        <line num="127" count="4" type="cond" truecount="1" falsecount="1"/>
        <line num="131" count="4" type="stmt"/>
        <line num="133" count="0" type="stmt"/>
        <line num="134" count="0" type="stmt"/>
        <line num="135" count="0" type="stmt"/>
        <line num="140" count="18" type="cond" truecount="2" falsecount="0"/>
        <line num="141" count="13" type="stmt"/>
        <line num="142" count="13" type="stmt"/>
        <line num="148" count="8" type="stmt"/>
      </file>
      <file name="realDownloadProvider.ts" path="C:\Users\jay\Desktop\ClaudeWorks\Glance-Bar\src\providers\impl\real\realDownloadProvider.ts">
        <metrics statements="45" coveredstatements="43" conditionals="26" coveredconditionals="22" methods="8" coveredmethods="8"/>
        <line num="8" count="8" type="stmt"/>
        <line num="9" count="8" type="stmt"/>
        <line num="10" count="8" type="stmt"/>
        <line num="15" count="51" type="stmt"/>
        <line num="16" count="51" type="stmt"/>
        <line num="39" count="30" type="stmt"/>
        <line num="40" count="30" type="stmt"/>
        <line num="42" count="30" type="stmt"/>
        <line num="50" count="30" type="stmt"/>
        <line num="55" count="49" type="cond" truecount="2" falsecount="0"/>
        <line num="56" count="47" type="stmt"/>
        <line num="57" count="47" type="cond" truecount="2" falsecount="0"/>
        <line num="58" count="2" type="stmt"/>
        <line num="63" count="30" type="stmt"/>
        <line num="68" count="19" type="stmt"/>
        <line num="69" count="49" type="stmt"/>
        <line num="70" count="49" type="stmt"/>
        <line num="75" count="11" type="cond" truecount="2" falsecount="0"/>
        <line num="76" count="10" type="stmt"/>
        <line num="77" count="10" type="stmt"/>
        <line num="94" count="10" type="cond" truecount="2" falsecount="0"/>
        <line num="95" count="3" type="cond" truecount="2" falsecount="0"/>
        <line num="96" count="2" type="stmt"/>
        <line num="97" count="2" type="stmt"/>
        <line num="99" count="1" type="stmt"/>
        <line num="101" count="7" type="cond" truecount="2" falsecount="0"/>
        <line num="102" count="2" type="cond" truecount="2" falsecount="0"/>
        <line num="103" count="1" type="stmt"/>
        <line num="104" count="1" type="stmt"/>
        <line num="106" count="1" type="stmt"/>
        <line num="108" count="5" type="cond" truecount="1" falsecount="1"/>
        <line num="109" count="5" type="cond" truecount="4" falsecount="0"/>
        <line num="110" count="2" type="stmt"/>
        <line num="112" count="3" type="stmt"/>
        <line num="113" count="3" type="stmt"/>
        <line num="115" count="0" type="stmt"/>
        <line num="127" count="2" type="stmt"/>
        <line num="128" count="2" type="cond" truecount="2" falsecount="2"/>
        <line num="129" count="0" type="stmt"/>
        <line num="131" count="2" type="stmt"/>
        <line num="132" count="2" type="cond" truecount="1" falsecount="1"/>
        <line num="133" count="2" type="stmt"/>
        <line num="135" count="2" type="stmt"/>
        <line num="138" count="8" type="stmt"/>
        <line num="139" count="8" type="stmt"/>
      </file>
      <file name="realFocusProvider.ts" path="C:\Users\jay\Desktop\ClaudeWorks\Glance-Bar\src\providers\impl\real\realFocusProvider.ts">
        <metrics statements="16" coveredstatements="11" conditionals="4" coveredconditionals="1" methods="9" coveredmethods="6"/>
        <line num="12" count="7" type="stmt"/>
        <line num="15" count="0" type="cond" truecount="0" falsecount="2"/>
        <line num="17" count="0" type="stmt"/>
        <line num="33" count="20" type="stmt"/>
        <line num="41" count="20" type="stmt"/>
        <line num="45" count="20" type="stmt"/>
        <line num="50" count="11" type="stmt"/>
        <line num="52" count="11" type="cond" truecount="1" falsecount="1"/>
        <line num="53" count="0" type="stmt"/>
        <line num="57" count="0" type="stmt"/>
        <line num="60" count="11" type="stmt"/>
        <line num="61" count="0" type="stmt"/>
        <line num="64" count="5" type="stmt"/>
        <line num="67" count="6" type="stmt"/>
        <line num="72" count="9" type="stmt"/>
        <line num="73" count="9" type="stmt"/>
      </file>
      <file name="realGitProvider.ts" path="C:\Users\jay\Desktop\ClaudeWorks\Glance-Bar\src\providers\impl\real\realGitProvider.ts">
        <metrics statements="26" coveredstatements="21" conditionals="17" coveredconditionals="10" methods="8" coveredmethods="6"/>
        <line num="7" count="8" type="stmt"/>
        <line num="8" count="8" type="stmt"/>
        <line num="22" count="19" type="stmt"/>
        <line num="23" count="19" type="stmt"/>
        <line num="53" count="23" type="stmt"/>
        <line num="66" count="30" type="stmt"/>
        <line num="74" count="30" type="stmt"/>
        <line num="78" count="30" type="stmt"/>
        <line num="83" count="19" type="stmt"/>
        <line num="84" count="19" type="cond" truecount="1" falsecount="1"/>
        <line num="85" count="19" type="stmt"/>
        <line num="86" count="19" type="stmt"/>
        <line num="88" count="0" type="stmt"/>
        <line num="91" count="19" type="stmt"/>
        <line num="92" count="4" type="stmt"/>
        <line num="93" count="4" type="cond" truecount="1" falsecount="1"/>
        <line num="94" count="0" type="stmt"/>
        <line num="95" count="0" type="stmt"/>
        <line num="98" count="4" type="cond" truecount="1" falsecount="1"/>
        <line num="103" count="4" type="stmt"/>
        <line num="105" count="0" type="stmt"/>
        <line num="106" count="0" type="stmt"/>
        <line num="111" count="17" type="cond" truecount="2" falsecount="0"/>
        <line num="112" count="12" type="stmt"/>
        <line num="113" count="12" type="stmt"/>
        <line num="119" count="8" type="stmt"/>
      </file>
      <file name="realMediaSessionProvider.ts" path="C:\Users\jay\Desktop\ClaudeWorks\Glance-Bar\src\providers\impl\real\realMediaSessionProvider.ts">
        <metrics statements="21" coveredstatements="21" conditionals="8" coveredconditionals="8" methods="10" coveredmethods="9"/>
        <line num="13" count="8" type="stmt"/>
        <line num="14" count="8" type="stmt"/>
        <line num="17" count="8" type="cond" truecount="2" falsecount="0"/>
        <line num="18" count="8" type="cond" truecount="2" falsecount="0"/>
        <line num="20" count="8" type="stmt"/>
        <line num="44" count="2" type="stmt"/>
        <line num="60" count="38" type="stmt"/>
        <line num="68" count="38" type="stmt"/>
        <line num="72" count="38" type="stmt"/>
        <line num="80" count="27" type="stmt"/>
        <line num="82" count="27" type="cond" truecount="4" falsecount="0"/>
        <line num="83" count="25" type="stmt"/>
        <line num="85" count="2" type="stmt"/>
        <line num="86" count="2" type="stmt"/>
        <line num="98" count="27" type="stmt"/>
        <line num="99" count="6" type="stmt"/>
        <line num="102" count="19" type="stmt"/>
        <line num="105" count="7" type="stmt"/>
        <line num="110" count="12" type="stmt"/>
        <line num="111" count="12" type="stmt"/>
        <line num="118" count="8" type="stmt"/>
      </file>
      <file name="realNpmProvider.ts" path="C:\Users\jay\Desktop\ClaudeWorks\Glance-Bar\src\providers\impl\real\realNpmProvider.ts">
        <metrics statements="37" coveredstatements="31" conditionals="24" coveredconditionals="13" methods="8" coveredmethods="6"/>
        <line num="7" count="8" type="stmt"/>
        <line num="8" count="8" type="stmt"/>
        <line num="32" count="20" type="stmt"/>
        <line num="33" count="20" type="stmt"/>
        <line num="34" count="20" type="stmt"/>
        <line num="35" count="20" type="stmt"/>
        <line num="38" count="20" type="stmt"/>
        <line num="39" count="20" type="cond" truecount="1" falsecount="1"/>
        <line num="40" count="20" type="cond" truecount="1" falsecount="1"/>
        <line num="41" count="20" type="cond" truecount="1" falsecount="1"/>
        <line num="42" count="20" type="stmt"/>
        <line num="44" count="20" type="stmt"/>
        <line num="74" count="24" type="stmt"/>
        <line num="75" count="24" type="stmt"/>
        <line num="95" count="31" type="stmt"/>
        <line num="103" count="31" type="stmt"/>
        <line num="107" count="31" type="stmt"/>
        <line num="112" count="20" type="stmt"/>
        <line num="113" count="20" type="cond" truecount="1" falsecount="1"/>
        <line num="114" count="20" type="stmt"/>
        <line num="115" count="20" type="stmt"/>
        <line num="116" count="20" type="stmt"/>
        <line num="118" count="0" type="stmt"/>
        <line num="121" count="20" type="stmt"/>
        <line num="122" count="4" type="stmt"/>
        <line num="123" count="4" type="cond" truecount="1" falsecount="1"/>
        <line num="124" count="0" type="stmt"/>
        <line num="125" count="0" type="stmt"/>
        <line num="129" count="4" type="cond" truecount="1" falsecount="1"/>
        <line num="133" count="4" type="stmt"/>
        <line num="135" count="0" type="stmt"/>
        <line num="136" count="0" type="stmt"/>
        <line num="137" count="0" type="stmt"/>
        <line num="142" count="18" type="cond" truecount="2" falsecount="0"/>
        <line num="143" count="13" type="stmt"/>
        <line num="144" count="13" type="stmt"/>
        <line num="150" count="8" type="stmt"/>
      </file>
      <file name="realSystemPerformanceProvider.ts" path="C:\Users\jay\Desktop\ClaudeWorks\Glance-Bar\src\providers\impl\real\realSystemPerformanceProvider.ts">
        <metrics statements="21" coveredstatements="21" conditionals="14" coveredconditionals="10" methods="7" coveredmethods="7"/>
        <line num="13" count="8" type="stmt"/>
        <line num="14" count="8" type="stmt"/>
        <line num="20" count="11" type="stmt"/>
        <line num="22" count="11" type="stmt"/>
        <line num="42" count="34" type="stmt"/>
        <line num="50" count="34" type="stmt"/>
        <line num="54" count="34" type="stmt"/>
        <line num="60" count="28" type="stmt"/>
        <line num="61" count="28" type="stmt"/>
        <line num="66" count="28" type="stmt"/>
        <line num="68" count="28" type="cond" truecount="4" falsecount="0"/>
        <line num="69" count="44" type="stmt"/>
        <line num="70" count="11" type="stmt"/>
        <line num="77" count="11" type="stmt"/>
        <line num="79" count="17" type="stmt"/>
        <line num="83" count="23" type="stmt"/>
        <line num="85" count="23" type="stmt"/>
        <line num="86" count="5" type="stmt"/>
        <line num="91" count="11" type="cond" truecount="2" falsecount="0"/>
        <line num="92" count="10" type="stmt"/>
        <line num="93" count="10" type="stmt"/>
      </file>
      <file name="realUpdateProvider.ts" path="C:\Users\jay\Desktop\ClaudeWorks\Glance-Bar\src\providers\impl\real\realUpdateProvider.ts">
        <metrics statements="48" coveredstatements="48" conditionals="28" coveredconditionals="27" methods="8" coveredmethods="8"/>
        <line num="8" count="8" type="stmt"/>
        <line num="9" count="8" type="stmt"/>
        <line num="10" count="8" type="stmt"/>
        <line num="15" count="54" type="stmt"/>
        <line num="16" count="54" type="stmt"/>
        <line num="39" count="31" type="stmt"/>
        <line num="40" count="31" type="stmt"/>
        <line num="42" count="31" type="stmt"/>
        <line num="50" count="31" type="stmt"/>
        <line num="55" count="50" type="cond" truecount="2" falsecount="0"/>
        <line num="59" count="7" type="stmt"/>
        <line num="60" count="43" type="cond" truecount="2" falsecount="0"/>
        <line num="61" count="6" type="stmt"/>
        <line num="62" count="6" type="stmt"/>
        <line num="63" count="37" type="cond" truecount="2" falsecount="0"/>
        <line num="64" count="35" type="stmt"/>
        <line num="65" count="35" type="cond" truecount="2" falsecount="0"/>
        <line num="66" count="3" type="stmt"/>
        <line num="68" count="2" type="cond" truecount="1" falsecount="1"/>
        <line num="69" count="2" type="stmt"/>
        <line num="70" count="2" type="stmt"/>
        <line num="74" count="31" type="stmt"/>
        <line num="79" count="20" type="stmt"/>
        <line num="80" count="50" type="stmt"/>
        <line num="81" count="50" type="stmt"/>
        <line num="86" count="11" type="cond" truecount="2" falsecount="0"/>
        <line num="87" count="10" type="stmt"/>
        <line num="88" count="10" type="stmt"/>
        <line num="103" count="8" type="stmt"/>
        <line num="104" count="8" type="cond" truecount="4" falsecount="0"/>
        <line num="105" count="1" type="stmt"/>
        <line num="109" count="7" type="cond" truecount="4" falsecount="0"/>
        <line num="110" count="4" type="stmt"/>
        <line num="111" count="4" type="stmt"/>
        <line num="112" count="4" type="stmt"/>
        <line num="114" count="7" type="stmt"/>
        <line num="127" count="12" type="cond" truecount="2" falsecount="0"/>
        <line num="128" count="2" type="stmt"/>
        <line num="130" count="10" type="cond" truecount="2" falsecount="0"/>
        <line num="131" count="2" type="stmt"/>
        <line num="133" count="8" type="cond" truecount="2" falsecount="0"/>
        <line num="134" count="7" type="stmt"/>
        <line num="135" count="7" type="cond" truecount="2" falsecount="0"/>
        <line num="136" count="2" type="stmt"/>
        <line num="138" count="5" type="stmt"/>
        <line num="141" count="1" type="stmt"/>
        <line num="144" count="8" type="stmt"/>
        <line num="145" count="8" type="stmt"/>
      </file>
      <file name="realWslProvider.ts" path="C:\Users\jay\Desktop\ClaudeWorks\Glance-Bar\src\providers\impl\real\realWslProvider.ts">
        <metrics statements="31" coveredstatements="25" conditionals="18" coveredconditionals="10" methods="6" coveredmethods="6"/>
        <line num="7" count="8" type="stmt"/>
        <line num="8" count="8" type="stmt"/>
        <line num="27" count="19" type="stmt"/>
        <line num="28" count="19" type="stmt"/>
        <line num="29" count="19" type="stmt"/>
        <line num="30" count="19" type="cond" truecount="1" falsecount="1"/>
        <line num="34" count="19" type="stmt"/>
        <line num="58" count="22" type="stmt"/>
        <line num="59" count="22" type="stmt"/>
        <line num="76" count="33" type="stmt"/>
        <line num="84" count="33" type="stmt"/>
        <line num="88" count="33" type="stmt"/>
        <line num="92" count="19" type="stmt"/>
        <line num="93" count="19" type="cond" truecount="1" falsecount="1"/>
        <line num="94" count="19" type="stmt"/>
        <line num="95" count="19" type="stmt"/>
        <line num="96" count="19" type="stmt"/>
        <line num="98" count="0" type="stmt"/>
        <line num="100" count="19" type="stmt"/>
        <line num="101" count="3" type="stmt"/>
        <line num="102" count="3" type="cond" truecount="1" falsecount="1"/>
        <line num="103" count="0" type="stmt"/>
        <line num="104" count="0" type="stmt"/>
        <line num="106" count="3" type="cond" truecount="1" falsecount="1"/>
        <line num="110" count="3" type="stmt"/>
        <line num="112" count="0" type="stmt"/>
        <line num="113" count="0" type="stmt"/>
        <line num="114" count="0" type="stmt"/>
        <line num="118" count="24" type="cond" truecount="2" falsecount="0"/>
        <line num="119" count="16" type="stmt"/>
        <line num="120" count="16" type="stmt"/>
      </file>
    </package>
    <package name="runtime">
      <metrics statements="0" coveredstatements="0" conditionals="0" coveredconditionals="0" methods="0" coveredmethods="0"/>
      <file name="index.ts" path="C:\Users\jay\Desktop\ClaudeWorks\Glance-Bar\src\runtime\index.ts">
        <metrics statements="0" coveredstatements="0" conditionals="0" coveredconditionals="0" methods="0" coveredmethods="0"/>
      </file>
    </package>
    <package name="runtime.actions">
      <metrics statements="40" coveredstatements="40" conditionals="37" coveredconditionals="37" methods="5" coveredmethods="5"/>
      <file name="downloadControlRuntime.ts" path="C:\Users\jay\Desktop\ClaudeWorks\Glance-Bar\src\runtime\actions\downloadControlRuntime.ts">
        <metrics statements="13" coveredstatements="13" conditionals="13" coveredconditionals="13" methods="2" coveredmethods="2"/>
        <line num="3" count="10" type="stmt"/>
        <line num="4" count="10" type="stmt"/>
        <line num="5" count="10" type="stmt"/>
        <line num="17" count="13" type="cond" truecount="2" falsecount="0"/>
        <line num="18" count="3" type="stmt"/>
        <line num="20" count="10" type="stmt"/>
        <line num="21" count="10" type="stmt"/>
        <line num="22" count="9" type="cond" truecount="2" falsecount="0"/>
        <line num="27" count="7" type="stmt"/>
        <line num="29" count="2" type="stmt"/>
        <line num="31" count="1" type="stmt"/>
        <line num="40" count="13" type="cond" truecount="4" falsecount="0"/>
        <line num="41" count="13" type="stmt"/>
      </file>
      <file name="focusStopRuntime.ts" path="C:\Users\jay\Desktop\ClaudeWorks\Glance-Bar\src\runtime\actions\focusStopRuntime.ts">
        <metrics statements="9" coveredstatements="9" conditionals="8" coveredconditionals="8" methods="1" coveredmethods="1"/>
        <line num="3" count="2" type="stmt"/>
        <line num="12" count="6" type="cond" truecount="2" falsecount="0"/>
        <line num="13" count="1" type="stmt"/>
        <line num="15" count="5" type="stmt"/>
        <line num="16" count="5" type="stmt"/>
        <line num="17" count="4" type="cond" truecount="2" falsecount="0"/>
        <line num="22" count="2" type="stmt"/>
        <line num="24" count="2" type="stmt"/>
        <line num="26" count="1" type="stmt"/>
      </file>
      <file name="index.ts" path="C:\Users\jay\Desktop\ClaudeWorks\Glance-Bar\src\runtime\actions\index.ts">
        <metrics statements="0" coveredstatements="0" conditionals="0" coveredconditionals="0" methods="0" coveredmethods="0"/>
      </file>
      <file name="notificationDismissRuntime.ts" path="C:\Users\jay\Desktop\ClaudeWorks\Glance-Bar\src\runtime\actions\notificationDismissRuntime.ts">
        <metrics statements="9" coveredstatements="9" conditionals="8" coveredconditionals="8" methods="1" coveredmethods="1"/>
        <line num="3" count="1" type="stmt"/>
        <line num="23" count="6" type="cond" truecount="2" falsecount="0"/>
        <line num="24" count="1" type="stmt"/>
        <line num="26" count="5" type="stmt"/>
        <line num="27" count="5" type="stmt"/>
        <line num="28" count="4" type="cond" truecount="2" falsecount="0"/>
        <line num="33" count="2" type="stmt"/>
        <line num="35" count="2" type="stmt"/>
        <line num="37" count="1" type="stmt"/>
      </file>
      <file name="updateInstallRuntime.ts" path="C:\Users\jay\Desktop\ClaudeWorks\Glance-Bar\src\runtime\actions\updateInstallRuntime.ts">
        <metrics statements="9" coveredstatements="9" conditionals="8" coveredconditionals="8" methods="1" coveredmethods="1"/>
        <line num="3" count="10" type="stmt"/>
        <line num="12" count="14" type="cond" truecount="2" falsecount="0"/>
        <line num="13" count="3" type="stmt"/>
        <line num="15" count="11" type="stmt"/>
        <line num="16" count="11" type="stmt"/>
        <line num="17" count="9" type="cond" truecount="2" falsecount="0"/>
        <line num="22" count="7" type="stmt"/>
        <line num="24" count="2" type="stmt"/>
        <line num="26" count="2" type="stmt"/>
      </file>
    </package>
    <package name="runtime.scheduler">
      <metrics statements="105" coveredstatements="98" conditionals="88" coveredconditionals="80" methods="22" coveredmethods="21"/>
      <file name="index.ts" path="C:\Users\jay\Desktop\ClaudeWorks\Glance-Bar\src\runtime\scheduler\index.ts">
        <metrics statements="0" coveredstatements="0" conditionals="0" coveredconditionals="0" methods="0" coveredmethods="0"/>
      </file>
      <file name="schedulerService.ts" path="C:\Users\jay\Desktop\ClaudeWorks\Glance-Bar\src\runtime\scheduler\schedulerService.ts">
        <metrics statements="105" coveredstatements="98" conditionals="88" coveredconditionals="80" methods="22" coveredmethods="21"/>
        <line num="26" count="2" type="stmt"/>
        <line num="27" count="2" type="stmt"/>
        <line num="28" count="2" type="stmt"/>
        <line num="29" count="2" type="stmt"/>
        <line num="31" count="2" type="stmt"/>
        <line num="32" count="2" type="stmt"/>
        <line num="34" count="2" type="stmt"/>
        <line num="56" count="30" type="cond" truecount="3" falsecount="1"/>
        <line num="57" count="0" type="stmt"/>
        <line num="59" count="30" type="cond" truecount="2" falsecount="0"/>
        <line num="66" count="71" type="stmt"/>
        <line num="80" count="3" type="cond" truecount="2" falsecount="0"/>
        <line num="81" count="3" type="cond" truecount="1" falsecount="1"/>
        <line num="83" count="3" type="cond" truecount="3" falsecount="1"/>
        <line num="84" count="0" type="stmt"/>
        <line num="87" count="3" type="cond" truecount="3" falsecount="1"/>
        <line num="88" count="0" type="stmt"/>
        <line num="91" count="3" type="cond" truecount="1" falsecount="1"/>
        <line num="92" count="0" type="stmt"/>
        <line num="96" count="3" type="cond" truecount="2" falsecount="0"/>
        <line num="98" count="3" type="cond" truecount="4" falsecount="0"/>
        <line num="99" count="1" type="stmt"/>
        <line num="102" count="2" type="cond" truecount="2" falsecount="0"/>
        <line num="106" count="146" type="cond" truecount="2" falsecount="0"/>
        <line num="107" count="32" type="stmt"/>
        <line num="109" count="524" type="stmt"/>
        <line num="113" count="24" type="stmt"/>
        <line num="124" count="24" type="stmt"/>
        <line num="125" count="24" type="stmt"/>
        <line num="128" count="22" type="stmt"/>
        <line num="132" count="73" type="stmt"/>
        <line num="133" count="73" type="stmt"/>
        <line num="134" count="73" type="stmt"/>
        <line num="137" count="73" type="cond" truecount="2" falsecount="0"/>
        <line num="140" count="73" type="cond" truecount="1" falsecount="1"/>
        <line num="141" count="0" type="stmt"/>
        <line num="145" count="73" type="cond" truecount="3" falsecount="0"/>
        <line num="149" count="73" type="cond" truecount="5" falsecount="0"/>
        <line num="150" count="2" type="stmt"/>
        <line num="156" count="71" type="cond" truecount="2" falsecount="0"/>
        <line num="159" count="27" type="stmt"/>
        <line num="160" count="27" type="cond" truecount="2" falsecount="0"/>
        <line num="163" count="10" type="cond" truecount="2" falsecount="0"/>
        <line num="164" count="7" type="stmt"/>
        <line num="165" count="7" type="stmt"/>
        <line num="167" count="3" type="stmt"/>
        <line num="174" count="3" type="stmt"/>
        <line num="181" count="61" type="cond" truecount="3" falsecount="0"/>
        <line num="185" count="73" type="cond" truecount="2" falsecount="0"/>
        <line num="186" count="24" type="stmt"/>
        <line num="187" count="24" type="stmt"/>
        <line num="188" count="25" type="stmt"/>
        <line num="189" count="25" type="stmt"/>
        <line num="190" count="25" type="stmt"/>
        <line num="197" count="24" type="cond" truecount="2" falsecount="0"/>
        <line num="198" count="23" type="stmt"/>
        <line num="202" count="38" type="stmt"/>
        <line num="203" count="229" type="cond" truecount="2" falsecount="0"/>
        <line num="204" count="12" type="stmt"/>
        <line num="208" count="26" type="cond" truecount="2" falsecount="0"/>
        <line num="209" count="20" type="stmt"/>
        <line num="215" count="6" type="stmt"/>
        <line num="216" count="6" type="cond" truecount="1" falsecount="1"/>
        <line num="217" count="0" type="stmt"/>
        <line num="220" count="6" type="stmt"/>
        <line num="224" count="37" type="stmt"/>
        <line num="225" count="37" type="stmt"/>
        <line num="226" count="37" type="cond" truecount="2" falsecount="0"/>
        <line num="227" count="4" type="stmt"/>
        <line num="228" count="4" type="stmt"/>
        <line num="229" count="4" type="stmt"/>
        <line num="234" count="11" type="cond" truecount="2" falsecount="0"/>
        <line num="235" count="10" type="stmt"/>
        <line num="236" count="10" type="stmt"/>
        <line num="240" count="25" type="cond" truecount="2" falsecount="0"/>
        <line num="241" count="10" type="stmt"/>
        <line num="242" count="10" type="stmt"/>
        <line num="246" count="36" type="stmt"/>
        <line num="247" count="36" type="stmt"/>
        <line num="249" count="36" type="stmt"/>
        <line num="250" count="36" type="stmt"/>
        <line num="251" count="45" type="cond" truecount="2" falsecount="0"/>
        <line num="252" count="33" type="stmt"/>
        <line num="255" count="36" type="stmt"/>
        <line num="256" count="45" type="cond" truecount="1" falsecount="1"/>
        <line num="257" count="0" type="stmt"/>
        <line num="261" count="36" type="cond" truecount="4" falsecount="0"/>
        <line num="262" count="1" type="stmt"/>
        <line num="264" count="36" type="cond" truecount="2" falsecount="0"/>
        <line num="265" count="35" type="stmt"/>
        <line num="268" count="36" type="stmt"/>
        <line num="269" count="36" type="cond" truecount="2" falsecount="0"/>
        <line num="270" count="18" type="stmt"/>
        <line num="271" count="18" type="stmt"/>
        <line num="272" count="18" type="stmt"/>
        <line num="277" count="4" type="stmt"/>
        <line num="278" count="4" type="stmt"/>
        <line num="279" count="4" type="stmt"/>
        <line num="283" count="20" type="stmt"/>
        <line num="284" count="20" type="stmt"/>
        <line num="285" count="20" type="stmt"/>
        <line num="289" count="13" type="stmt"/>
        <line num="290" count="13" type="stmt"/>
        <line num="294" count="42" type="stmt"/>
        <line num="297" count="24" type="stmt"/>
      </file>
    </package>
    <package name="runtime.system">
      <metrics statements="131" coveredstatements="126" conditionals="100" coveredconditionals="93" methods="31" coveredmethods="31"/>
      <file name="index.ts" path="C:\Users\jay\Desktop\ClaudeWorks\Glance-Bar\src\runtime\system\index.ts">
        <metrics statements="0" coveredstatements="0" conditionals="0" coveredconditionals="0" methods="0" coveredmethods="0"/>
      </file>
      <file name="mediaControlRuntime.ts" path="C:\Users\jay\Desktop\ClaudeWorks\Glance-Bar\src\runtime\system\mediaControlRuntime.ts">
        <metrics statements="17" coveredstatements="17" conditionals="11" coveredconditionals="11" methods="2" coveredmethods="2"/>
        <line num="3" count="1" type="stmt"/>
        <line num="4" count="1" type="stmt"/>
        <line num="5" count="1" type="stmt"/>
        <line num="23" count="5" type="cond" truecount="2" falsecount="0"/>
        <line num="24" count="1" type="stmt"/>
        <line num="27" count="4" type="stmt"/>
        <line num="28" count="4" type="stmt"/>
        <line num="29" count="3" type="stmt"/>
        <line num="31" count="1" type="stmt"/>
        <line num="39" count="11" type="cond" truecount="2" falsecount="0"/>
        <line num="40" count="1" type="stmt"/>
        <line num="43" count="10" type="stmt"/>
        <line num="44" count="10" type="stmt"/>
        <line num="45" count="9" type="cond" truecount="2" falsecount="0"/>
        <line num="50" count="7" type="stmt"/>
        <line num="52" count="2" type="stmt"/>
        <line num="54" count="1" type="stmt"/>
      </file>
      <file name="systemMonitorRuntime.ts" path="C:\Users\jay\Desktop\ClaudeWorks\Glance-Bar\src\runtime\system\systemMonitorRuntime.ts">
        <metrics statements="32" coveredstatements="32" conditionals="20" coveredconditionals="20" methods="10" coveredmethods="10"/>
        <line num="5" count="9" type="stmt"/>
        <line num="6" count="9" type="stmt"/>
        <line num="8" count="9" type="stmt"/>
        <line num="9" count="9" type="stmt"/>
        <line num="10" count="9" type="stmt"/>
        <line num="11" count="9" type="stmt"/>
        <line num="45" count="15" type="cond" truecount="2" falsecount="0"/>
        <line num="46" count="7" type="stmt"/>
        <line num="49" count="8" type="stmt"/>
        <line num="50" count="8" type="stmt"/>
        <line num="51" count="7" type="cond" truecount="4" falsecount="0"/>
        <line num="52" count="5" type="stmt"/>
        <line num="53" count="5" type="stmt"/>
        <line num="59" count="2" type="stmt"/>
        <line num="61" count="1" type="stmt"/>
        <line num="68" count="7" type="cond" truecount="2" falsecount="0"/>
        <line num="69" count="1" type="stmt"/>
        <line num="72" count="6" type="stmt"/>
        <line num="73" count="6" type="stmt"/>
        <line num="74" count="5" type="cond" truecount="4" falsecount="0"/>
        <line num="75" count="4" type="stmt"/>
        <line num="76" count="4" type="stmt"/>
        <line num="81" count="1" type="stmt"/>
        <line num="83" count="1" type="stmt"/>
        <line num="90" count="12" type="stmt"/>
        <line num="91" count="2" type="stmt"/>
        <line num="98" count="4" type="stmt"/>
        <line num="99" count="1" type="stmt"/>
        <line num="106" count="25" type="stmt"/>
        <line num="107" count="18" type="stmt"/>
        <line num="114" count="29" type="stmt"/>
        <line num="115" count="9" type="stmt"/>
      </file>
      <file name="systemPerformanceRuntime.ts" path="C:\Users\jay\Desktop\ClaudeWorks\Glance-Bar\src\runtime\system\systemPerformanceRuntime.ts">
        <metrics statements="82" coveredstatements="77" conditionals="69" coveredconditionals="62" methods="19" coveredmethods="19"/>
        <line num="8" count="12" type="stmt"/>
        <line num="9" count="12" type="stmt"/>
        <line num="15" count="12" type="stmt"/>
        <line num="24" count="15" type="stmt"/>
        <line num="32" count="12" type="stmt"/>
        <line num="33" count="12" type="stmt"/>
        <line num="41" count="12" type="stmt"/>
        <line num="69" count="2" type="stmt"/>
        <line num="70" count="2" type="stmt"/>
        <line num="84" count="40" type="cond" truecount="2" falsecount="0"/>
        <line num="85" count="15" type="stmt"/>
        <line num="92" count="25" type="stmt"/>
        <line num="93" count="25" type="stmt"/>
        <line num="94" count="19" type="stmt"/>
        <line num="96" count="19" type="cond" truecount="2" falsecount="0"/>
        <line num="97" count="4" type="stmt"/>
        <line num="104" count="15" type="stmt"/>
        <line num="109" count="6" type="stmt"/>
        <line num="120" count="15" type="stmt"/>
        <line num="121" count="15" type="stmt"/>
        <line num="132" count="22" type="cond" truecount="2" falsecount="0"/>
        <line num="133" count="2" type="stmt"/>
        <line num="136" count="20" type="cond" truecount="1" falsecount="1"/>
        <line num="137" count="0" type="stmt"/>
        <line num="140" count="20" type="cond" truecount="1" falsecount="1"/>
        <line num="141" count="0" type="stmt"/>
        <line num="144" count="20" type="cond" truecount="2" falsecount="0"/>
        <line num="145" count="22" type="cond" truecount="2" falsecount="0"/>
        <line num="146" count="1" type="stmt"/>
        <line num="149" count="19" type="stmt"/>
        <line num="155" count="19" type="cond" truecount="2" falsecount="0"/>
        <line num="156" count="6" type="cond" truecount="2" falsecount="0"/>
        <line num="157" count="3" type="stmt"/>
        <line num="159" count="3" type="cond" truecount="1" falsecount="1"/>
        <line num="160" count="0" type="stmt"/>
        <line num="162" count="3" type="stmt"/>
        <line num="165" count="16" type="stmt"/>
        <line num="171" count="19" type="stmt"/>
        <line num="172" count="19" type="cond" truecount="2" falsecount="0"/>
        <line num="173" count="3" type="stmt"/>
        <line num="183" count="16" type="cond" truecount="1" falsecount="1"/>
        <line num="184" count="0" type="stmt"/>
        <line num="187" count="16" type="stmt"/>
        <line num="188" count="16" type="stmt"/>
        <line num="190" count="16" type="cond" truecount="4" falsecount="0"/>
        <line num="191" count="4" type="stmt"/>
        <line num="194" count="12" type="stmt"/>
        <line num="198" count="35" type="cond" truecount="2" falsecount="0"/>
        <line num="199" count="2" type="stmt"/>
        <line num="202" count="33" type="stmt"/>
        <line num="203" count="33" type="stmt"/>
        <line num="204" count="33" type="stmt"/>
        <line num="205" count="33" type="stmt"/>
        <line num="207" count="33" type="cond" truecount="2" falsecount="0"/>
        <line num="213" count="17" type="stmt"/>
        <line num="216" count="16" type="stmt"/>
        <line num="229" count="25" type="cond" truecount="1" falsecount="1"/>
        <line num="231" count="25" type="stmt"/>
        <line num="253" count="25" type="cond" truecount="3" falsecount="1"/>
        <line num="254" count="0" type="stmt"/>
        <line num="258" count="25" type="stmt"/>
        <line num="259" count="25" type="stmt"/>
        <line num="262" count="25" type="stmt"/>
        <line num="263" count="25" type="stmt"/>
        <line num="265" count="25" type="cond" truecount="1" falsecount="1"/>
        <line num="266" count="25" type="stmt"/>
        <line num="273" count="1" type="stmt"/>
        <line num="278" count="6" type="cond" truecount="2" falsecount="0"/>
        <line num="279" count="1" type="stmt"/>
        <line num="282" count="5" type="cond" truecount="5" falsecount="0"/>
        <line num="287" count="3" type="stmt"/>
        <line num="290" count="2" type="stmt"/>
        <line num="294" count="20" type="stmt"/>
        <line num="298" count="23" type="stmt"/>
        <line num="302" count="23" type="stmt"/>
        <line num="306" count="6" type="cond" truecount="2" falsecount="0"/>
        <line num="310" count="66" type="cond" truecount="4" falsecount="0"/>
        <line num="311" count="31" type="stmt"/>
        <line num="314" count="35" type="stmt"/>
        <line num="318" count="66" type="cond" truecount="4" falsecount="0"/>
        <line num="319" count="28" type="stmt"/>
        <line num="322" count="38" type="stmt"/>
      </file>
    </package>
    <package name="runtime.tauri">
      <metrics statements="157" coveredstatements="144" conditionals="186" coveredconditionals="160" methods="30" coveredmethods="27"/>
      <file name="desktopProductRuntime.ts" path="C:\Users\jay\Desktop\ClaudeWorks\Glance-Bar\src\runtime\tauri\desktopProductRuntime.ts">
        <metrics statements="25" coveredstatements="19" conditionals="41" coveredconditionals="31" methods="8" coveredmethods="6"/>
        <line num="8" count="1" type="stmt"/>
        <line num="29" count="5" type="cond" truecount="2" falsecount="0"/>
        <line num="30" count="1" type="stmt"/>
        <line num="33" count="4" type="stmt"/>
        <line num="34" count="4" type="cond" truecount="2" falsecount="0"/>
        <line num="35" count="1" type="stmt"/>
        <line num="38" count="3" type="stmt"/>
        <line num="47" count="4" type="cond" truecount="4" falsecount="0"/>
        <line num="48" count="2" type="stmt"/>
        <line num="51" count="2" type="stmt"/>
        <line num="59" count="0" type="stmt"/>
        <line num="60" count="0" type="stmt"/>
        <line num="61" count="0" type="cond" truecount="0" falsecount="2"/>
        <line num="62" count="0" type="stmt"/>
        <line num="65" count="0" type="stmt"/>
        <line num="70" count="1" type="stmt"/>
        <line num="82" count="4" type="cond" truecount="2" falsecount="0"/>
        <line num="83" count="1" type="stmt"/>
        <line num="86" count="3" type="cond" truecount="3" falsecount="1"/>
        <line num="88" count="1" type="stmt"/>
        <line num="90" count="1" type="stmt"/>
        <line num="92" count="0" type="stmt"/>
        <line num="94" count="1" type="cond" truecount="1" falsecount="1"/>
        <line num="99" count="4" type="stmt"/>
        <line num="116" count="3" type="cond" truecount="4" falsecount="0"/>
      </file>
      <file name="index.ts" path="C:\Users\jay\Desktop\ClaudeWorks\Glance-Bar\src\runtime\tauri\index.ts">
        <metrics statements="0" coveredstatements="0" conditionals="0" coveredconditionals="0" methods="0" coveredmethods="0"/>
      </file>
      <file name="tauriRuntime.ts" path="C:\Users\jay\Desktop\ClaudeWorks\Glance-Bar\src\runtime\tauri\tauriRuntime.ts">
        <metrics statements="132" coveredstatements="125" conditionals="145" coveredconditionals="129" methods="22" coveredmethods="21"/>
        <line num="21" count="26" type="stmt"/>
        <line num="22" count="26" type="stmt"/>
        <line num="23" count="26" type="stmt"/>
        <line num="24" count="26" type="stmt"/>
        <line num="25" count="26" type="stmt"/>
        <line num="140" count="26" type="stmt"/>
        <line num="144" count="26" type="stmt"/>
        <line num="148" count="26" type="stmt"/>
        <line num="152" count="26" type="stmt"/>
        <line num="156" count="26" type="stmt"/>
        <line num="160" count="26" type="stmt"/>
        <line num="167" count="26" type="stmt"/>
        <line num="174" count="26" type="stmt"/>
        <line num="185" count="90" type="stmt"/>
        <line num="186" count="90" type="cond" truecount="2" falsecount="0"/>
        <line num="188" count="90" type="cond" truecount="2" falsecount="0"/>
        <line num="189" count="25" type="stmt"/>
        <line num="192" count="65" type="stmt"/>
        <line num="193" count="65" type="stmt"/>
        <line num="195" count="90" type="cond" truecount="4" falsecount="1"/>
        <line num="196" count="0" type="stmt"/>
        <line num="199" count="65" type="stmt"/>
        <line num="208" count="12" type="cond" truecount="2" falsecount="0"/>
        <line num="209" count="12" type="cond" truecount="2" falsecount="0"/>
        <line num="210" count="2" type="stmt"/>
        <line num="221" count="10" type="stmt"/>
        <line num="222" count="10" type="stmt"/>
        <line num="224" count="2" type="stmt"/>
        <line num="235" count="8" type="cond" truecount="1" falsecount="1"/>
        <line num="236" count="0" type="stmt"/>
        <line num="246" count="8" type="stmt"/>
        <line num="248" count="8" type="cond" truecount="2" falsecount="0"/>
        <line num="249" count="3" type="stmt"/>
        <line num="259" count="5" type="stmt"/>
        <line num="260" count="6" type="stmt"/>
        <line num="261" count="6" type="stmt"/>
        <line num="267" count="5" type="stmt"/>
        <line num="284" count="4" type="cond" truecount="2" falsecount="0"/>
        <line num="285" count="1" type="stmt"/>
        <line num="295" count="3" type="stmt"/>
        <line num="296" count="3" type="stmt"/>
        <line num="297" count="2" type="cond" truecount="5" falsecount="0"/>
        <line num="298" count="1" type="stmt"/>
        <line num="308" count="1" type="stmt"/>
        <line num="313" count="1" type="stmt"/>
        <line num="330" count="9" type="cond" truecount="2" falsecount="0"/>
        <line num="331" count="1" type="stmt"/>
        <line num="341" count="8" type="stmt"/>
        <line num="342" count="8" type="stmt"/>
        <line num="343" count="7" type="stmt"/>
        <line num="345" count="7" type="cond" truecount="2" falsecount="0"/>
        <line num="346" count="3" type="stmt"/>
        <line num="356" count="4" type="stmt"/>
        <line num="361" count="1" type="stmt"/>
        <line num="380" count="6" type="cond" truecount="2" falsecount="0"/>
        <line num="381" count="1" type="stmt"/>
        <line num="391" count="5" type="stmt"/>
        <line num="392" count="5" type="stmt"/>
        <line num="396" count="3" type="stmt"/>
        <line num="398" count="3" type="cond" truecount="2" falsecount="0"/>
        <line num="399" count="1" type="stmt"/>
        <line num="409" count="2" type="stmt"/>
        <line num="414" count="2" type="cond" truecount="4" falsecount="0"/>
        <line num="415" count="1" type="stmt"/>
        <line num="421" count="1" type="stmt"/>
        <line num="440" count="26" type="cond" truecount="2" falsecount="0"/>
        <line num="441" count="18" type="stmt"/>
        <line num="451" count="8" type="stmt"/>
        <line num="452" count="8" type="stmt"/>
        <line num="456" count="7" type="stmt"/>
        <line num="458" count="7" type="cond" truecount="2" falsecount="0"/>
        <line num="459" count="2" type="stmt"/>
        <line num="469" count="5" type="stmt"/>
        <line num="475" count="1" type="stmt"/>
        <line num="491" count="1" type="stmt"/>
        <line num="493" count="1" type="stmt"/>
        <line num="494" count="5" type="stmt"/>
        <line num="503" count="1" type="stmt"/>
        <line num="507" count="5" type="cond" truecount="2" falsecount="0"/>
        <line num="508" count="2" type="stmt"/>
        <line num="511" count="3" type="cond" truecount="2" falsecount="0"/>
        <line num="513" count="5" type="stmt"/>
        <line num="534" count="3" type="cond" truecount="4" falsecount="0"/>
        <line num="535" count="1" type="stmt"/>
        <line num="538" count="2" type="stmt"/>
        <line num="542" count="4" type="stmt"/>
        <line num="543" count="4" type="stmt"/>
        <line num="544" count="4" type="stmt"/>
        <line num="546" count="4" type="stmt"/>
        <line num="553" count="13" type="cond" truecount="5" falsecount="0"/>
        <line num="554" count="12" type="stmt"/>
        <line num="558" count="1" type="stmt"/>
        <line num="559" count="1" type="stmt"/>
        <line num="562" count="1" type="stmt"/>
        <line num="566" count="1" type="cond" truecount="1" falsecount="1"/>
        <line num="567" count="1" type="stmt"/>
        <line num="573" count="7" type="cond" truecount="1" falsecount="1"/>
        <line num="574" count="0" type="stmt"/>
        <line num="577" count="7" type="cond" truecount="2" falsecount="0"/>
        <line num="585" count="3" type="stmt"/>
        <line num="588" count="4" type="stmt"/>
        <line num="599" count="3" type="cond" truecount="1" falsecount="1"/>
        <line num="605" count="3" type="cond" truecount="1" falsecount="1"/>
        <line num="606" count="0" type="stmt"/>
        <line num="609" count="3" type="stmt"/>
        <line num="611" count="3" type="stmt"/>
        <line num="612" count="7" type="stmt"/>
        <line num="613" count="7" type="cond" truecount="2" falsecount="0"/>
        <line num="614" count="1" type="stmt"/>
        <line num="617" count="6" type="stmt"/>
        <line num="620" count="2" type="stmt"/>
        <line num="624" count="7" type="cond" truecount="1" falsecount="1"/>
        <line num="625" count="0" type="stmt"/>
        <line num="628" count="7" type="cond" truecount="2" falsecount="0"/>
        <line num="635" count="1" type="stmt"/>
        <line num="638" count="6" type="stmt"/>
        <line num="646" count="6" type="stmt"/>
        <line num="650" count="7" type="cond" truecount="1" falsecount="1"/>
        <line num="651" count="0" type="stmt"/>
        <line num="654" count="7" type="cond" truecount="2" falsecount="0"/>
        <line num="663" count="2" type="stmt"/>
        <line num="666" count="5" type="cond" truecount="2" falsecount="0"/>
        <line num="667" count="7" type="cond" truecount="2" falsecount="0"/>
        <line num="668" count="7" type="cond" truecount="2" falsecount="0"/>
        <line num="669" count="7" type="cond" truecount="2" falsecount="0"/>
        <line num="671" count="7" type="stmt"/>
        <line num="685" count="6" type="stmt"/>
        <line num="691" count="5" type="stmt"/>
        <line num="701" count="6" type="cond" truecount="1" falsecount="1"/>
        <line num="702" count="0" type="stmt"/>
        <line num="705" count="6" type="stmt"/>
        <line num="718" count="5" type="cond" truecount="2" falsecount="0"/>
      </file>
    </package>
    <package name="runtime.window">
      <metrics statements="88" coveredstatements="81" conditionals="64" coveredconditionals="55" methods="15" coveredmethods="12"/>
      <file name="autostartRuntime.ts" path="C:\Users\jay\Desktop\ClaudeWorks\Glance-Bar\src\runtime\window\autostartRuntime.ts">
        <metrics statements="14" coveredstatements="14" conditionals="6" coveredconditionals="6" methods="2" coveredmethods="2"/>
        <line num="3" count="1" type="stmt"/>
        <line num="4" count="1" type="stmt"/>
        <line num="9" count="6" type="cond" truecount="2" falsecount="0"/>
        <line num="10" count="1" type="stmt"/>
        <line num="13" count="5" type="stmt"/>
        <line num="14" count="5" type="stmt"/>
        <line num="15" count="4" type="stmt"/>
        <line num="17" count="1" type="stmt"/>
        <line num="25" count="5" type="cond" truecount="2" falsecount="0"/>
        <line num="26" count="1" type="stmt"/>
        <line num="29" count="4" type="stmt"/>
        <line num="30" count="4" type="stmt"/>
        <line num="31" count="3" type="stmt"/>
        <line num="33" count="1" type="stmt"/>
      </file>
      <file name="index.ts" path="C:\Users\jay\Desktop\ClaudeWorks\Glance-Bar\src\runtime\window\index.ts">
        <metrics statements="0" coveredstatements="0" conditionals="0" coveredconditionals="0" methods="0" coveredmethods="0"/>
      </file>
      <file name="statusWindowRuntime.ts" path="C:\Users\jay\Desktop\ClaudeWorks\Glance-Bar\src\runtime\window\statusWindowRuntime.ts">
        <metrics statements="74" coveredstatements="67" conditionals="58" coveredconditionals="49" methods="13" coveredmethods="10"/>
        <line num="4" count="1" type="stmt"/>
        <line num="5" count="1" type="stmt"/>
        <line num="6" count="1" type="stmt"/>
        <line num="7" count="1" type="stmt"/>
        <line num="8" count="1" type="stmt"/>
        <line num="9" count="1" type="stmt"/>
        <line num="10" count="1" type="stmt"/>
        <line num="11" count="1" type="stmt"/>
        <line num="38" count="4" type="stmt"/>
        <line num="50" count="4" type="cond" truecount="1" falsecount="1"/>
        <line num="51" count="0" type="stmt"/>
        <line num="54" count="4" type="stmt"/>
        <line num="61" count="9" type="cond" truecount="1" falsecount="1"/>
        <line num="63" count="9" type="cond" truecount="1" falsecount="1"/>
        <line num="64" count="0" type="stmt"/>
        <line num="67" count="9" type="cond" truecount="1" falsecount="1"/>
        <line num="68" count="9" type="cond" truecount="2" falsecount="0"/>
        <line num="69" count="9" type="cond" truecount="1" falsecount="1"/>
        <line num="71" count="9" type="cond" truecount="1" falsecount="1"/>
        <line num="73" count="9" type="stmt"/>
        <line num="74" count="9" type="stmt"/>
        <line num="76" count="9" type="cond" truecount="2" falsecount="0"/>
        <line num="78" count="9" type="cond" truecount="2" falsecount="0"/>
        <line num="79" count="9" type="cond" truecount="2" falsecount="0"/>
        <line num="82" count="9" type="stmt"/>
        <line num="83" count="9" type="cond" truecount="2" falsecount="0"/>
        <line num="84" count="2" type="stmt"/>
        <line num="87" count="9" type="cond" truecount="2" falsecount="0"/>
        <line num="88" count="1" type="stmt"/>
        <line num="92" count="9" type="cond" truecount="5" falsecount="0"/>
        <line num="97" count="9" type="cond" truecount="2" falsecount="0"/>
        <line num="98" count="8" type="stmt"/>
        <line num="99" count="8" type="stmt"/>
        <line num="100" count="8" type="stmt"/>
        <line num="103" count="9" type="stmt"/>
        <line num="106" count="9" type="cond" truecount="4" falsecount="0"/>
        <line num="111" count="9" type="cond" truecount="2" falsecount="0"/>
        <line num="112" count="4" type="stmt"/>
        <line num="113" count="4" type="stmt"/>
        <line num="114" count="4" type="stmt"/>
        <line num="115" count="4" type="stmt"/>
        <line num="117" count="4" type="cond" truecount="2" falsecount="0"/>
        <line num="118" count="1" type="stmt"/>
        <line num="122" count="9" type="stmt"/>
        <line num="126" count="1" type="stmt"/>
        <line num="127" count="1" type="stmt"/>
        <line num="128" count="1" type="stmt"/>
        <line num="129" count="1" type="stmt"/>
        <line num="130" count="1" type="stmt"/>
        <line num="131" count="1" type="stmt"/>
        <line num="132" count="1" type="stmt"/>
        <line num="138" count="0" type="stmt"/>
        <line num="148" count="1" type="stmt"/>
        <line num="150" count="1" type="stmt"/>
        <line num="152" count="3" type="cond" truecount="2" falsecount="0"/>
        <line num="153" count="2" type="stmt"/>
        <line num="156" count="3" type="stmt"/>
        <line num="157" count="1" type="stmt"/>
        <line num="158" count="1" type="stmt"/>
        <line num="162" count="0" type="cond" truecount="0" falsecount="2"/>
        <line num="163" count="0" type="stmt"/>
        <line num="164" count="0" type="stmt"/>
        <line num="171" count="13" type="cond" truecount="4" falsecount="0"/>
        <line num="172" count="2" type="stmt"/>
        <line num="175" count="11" type="stmt"/>
        <line num="185" count="0" type="stmt"/>
        <line num="192" count="9" type="cond" truecount="4" falsecount="0"/>
        <line num="193" count="2" type="stmt"/>
        <line num="196" count="7" type="stmt"/>
        <line num="200" count="9" type="stmt"/>
        <line num="202" count="9" type="cond" truecount="2" falsecount="0"/>
        <line num="203" count="1" type="stmt"/>
        <line num="204" count="1" type="stmt"/>
        <line num="207" count="9" type="stmt"/>
      </file>
    </package>
    <package name="state">
      <metrics statements="261" coveredstatements="228" conditionals="343" coveredconditionals="258" methods="77" coveredmethods="74"/>
      <file name="desktopStatusAggregation.ts" path="C:\Users\jay\Desktop\ClaudeWorks\Glance-Bar\src\state\desktopStatusAggregation.ts">
        <metrics statements="102" coveredstatements="81" conditionals="166" coveredconditionals="97" methods="27" coveredmethods="24"/>
        <line num="29" count="3" type="stmt"/>
        <line num="43" count="26" type="cond" truecount="2" falsecount="0"/>
        <line num="44" count="12" type="stmt"/>
        <line num="47" count="104" type="stmt"/>
        <line num="51" count="7" type="stmt"/>
        <line num="69" count="0" type="cond" truecount="0" falsecount="5"/>
        <line num="75" count="0" type="stmt"/>
        <line num="104" count="0" type="cond" truecount="0" falsecount="2"/>
        <line num="106" count="0" type="stmt"/>
        <line num="125" count="0" type="cond" truecount="0" falsecount="2"/>
        <line num="129" count="0" type="stmt"/>
        <line num="150" count="4" type="stmt"/>
        <line num="162" count="4" type="stmt"/>
        <line num="174" count="5" type="stmt"/>
        <line num="176" count="5" type="cond" truecount="4" falsecount="1"/>
        <line num="180" count="5" type="cond" truecount="4" falsecount="1"/>
        <line num="184" count="5" type="stmt"/>
        <line num="211" count="2" type="cond" truecount="1" falsecount="1"/>
        <line num="212" count="2" type="cond" truecount="3" falsecount="1"/>
        <line num="214" count="2" type="stmt"/>
        <line num="226" count="0" type="cond" truecount="0" falsecount="4"/>
        <line num="227" count="0" type="stmt"/>
        <line num="244" count="0" type="stmt"/>
        <line num="248" count="26" type="stmt"/>
        <line num="251" count="26" type="cond" truecount="2" falsecount="0"/>
        <line num="252" count="7" type="stmt"/>
        <line num="256" count="26" type="stmt"/>
        <line num="257" count="26" type="cond" truecount="2" falsecount="3"/>
        <line num="258" count="0" type="stmt"/>
        <line num="259" count="0" type="cond" truecount="0" falsecount="2"/>
        <line num="260" count="0" type="stmt"/>
        <line num="265" count="26" type="stmt"/>
        <line num="266" count="26" type="cond" truecount="2" falsecount="0"/>
        <line num="267" count="4" type="stmt"/>
        <line num="271" count="26" type="stmt"/>
        <line num="272" count="26" type="cond" truecount="2" falsecount="0"/>
        <line num="273" count="4" type="stmt"/>
        <line num="277" count="26" type="stmt"/>
        <line num="279" count="22" type="cond" truecount="5" falsecount="0"/>
        <line num="282" count="26" type="cond" truecount="2" falsecount="0"/>
        <line num="283" count="5" type="stmt"/>
        <line num="287" count="26" type="cond" truecount="1" falsecount="1"/>
        <line num="288" count="0" type="stmt"/>
        <line num="292" count="26" type="cond" truecount="2" falsecount="2"/>
        <line num="293" count="0" type="stmt"/>
        <line num="301" count="26" type="cond" truecount="3" falsecount="1"/>
        <line num="302" count="26" type="stmt"/>
        <line num="303" count="22" type="cond" truecount="2" falsecount="0"/>
        <line num="305" count="26" type="cond" truecount="2" falsecount="0"/>
        <line num="308" count="26" type="cond" truecount="2" falsecount="0"/>
        <line num="309" count="2" type="stmt"/>
        <line num="313" count="26" type="cond" truecount="1" falsecount="1"/>
        <line num="314" count="26" type="stmt"/>
        <line num="315" count="22" type="cond" truecount="1" falsecount="1"/>
        <line num="317" count="26" type="cond" truecount="1" falsecount="1"/>
        <line num="318" count="26" type="cond" truecount="1" falsecount="1"/>
        <line num="319" count="0" type="stmt"/>
        <line num="323" count="26" type="stmt"/>
        <line num="327" count="26" type="stmt"/>
        <line num="330" count="26" type="cond" truecount="2" falsecount="0"/>
        <line num="331" count="7" type="stmt"/>
        <line num="335" count="26" type="cond" truecount="1" falsecount="1"/>
        <line num="337" count="22" type="cond" truecount="1" falsecount="1"/>
        <line num="338" count="0" type="stmt"/>
        <line num="340" count="0" type="cond" truecount="0" falsecount="3"/>
        <line num="341" count="22" type="stmt"/>
        <line num="344" count="0" type="stmt"/>
        <line num="348" count="26" type="cond" truecount="2" falsecount="0"/>
        <line num="349" count="4" type="stmt"/>
        <line num="353" count="26" type="cond" truecount="2" falsecount="0"/>
        <line num="354" count="4" type="stmt"/>
        <line num="358" count="26" type="cond" truecount="2" falsecount="0"/>
        <line num="361" count="22" type="cond" truecount="5" falsecount="0"/>
        <line num="365" count="5" type="stmt"/>
        <line num="369" count="26" type="cond" truecount="1" falsecount="1"/>
        <line num="370" count="0" type="stmt"/>
        <line num="374" count="26" type="cond" truecount="4" falsecount="0"/>
        <line num="375" count="2" type="stmt"/>
        <line num="379" count="26" type="cond" truecount="2" falsecount="2"/>
        <line num="380" count="0" type="stmt"/>
        <line num="381" count="26" type="cond" truecount="1" falsecount="1"/>
        <line num="382" count="22" type="cond" truecount="1" falsecount="1"/>
        <line num="384" count="0" type="stmt"/>
        <line num="387" count="26" type="stmt"/>
        <line num="391" count="26" type="cond" truecount="2" falsecount="0"/>
        <line num="392" count="12" type="stmt"/>
        <line num="395" count="14" type="cond" truecount="2" falsecount="0"/>
        <line num="399" count="26" type="cond" truecount="2" falsecount="0"/>
        <line num="400" count="12" type="stmt"/>
        <line num="403" count="14" type="cond" truecount="2" falsecount="0"/>
        <line num="409" count="26" type="stmt"/>
        <line num="410" count="26" type="stmt"/>
        <line num="411" count="26" type="stmt"/>
        <line num="412" count="26" type="stmt"/>
        <line num="413" count="26" type="stmt"/>
        <line num="418" count="26" type="cond" truecount="2" falsecount="0"/>
        <line num="419" count="1" type="stmt"/>
        <line num="423" count="1" type="cond" truecount="3" falsecount="1"/>
        <line num="424" count="1" type="stmt"/>
        <line num="430" count="26" type="cond" truecount="2" falsecount="0"/>
        <line num="434" count="26" type="stmt"/>
        <line num="439" count="26" type="stmt"/>
      </file>
      <file name="desktopStatusScheduler.ts" path="C:\Users\jay\Desktop\ClaudeWorks\Glance-Bar\src\state\desktopStatusScheduler.ts">
        <metrics statements="64" coveredstatements="58" conditionals="72" coveredconditionals="67" methods="11" coveredmethods="11"/>
        <line num="30" count="3" type="stmt"/>
        <line num="31" count="3" type="stmt"/>
        <line num="32" count="3" type="stmt"/>
        <line num="33" count="3" type="stmt"/>
        <line num="36" count="3" type="stmt"/>
        <line num="39" count="3" type="stmt"/>
        <line num="42" count="28" type="cond" truecount="3" falsecount="1"/>
        <line num="43" count="0" type="stmt"/>
        <line num="46" count="28" type="cond" truecount="2" falsecount="0"/>
        <line num="50" count="86" type="cond" truecount="2" falsecount="0"/>
        <line num="51" count="12" type="stmt"/>
        <line num="54" count="302" type="stmt"/>
        <line num="58" count="1" type="stmt"/>
        <line num="64" count="43" type="cond" truecount="4" falsecount="0"/>
        <line num="65" count="43" type="stmt"/>
        <line num="66" count="43" type="stmt"/>
        <line num="67" count="43" type="stmt"/>
        <line num="68" count="43" type="stmt"/>
        <line num="69" count="48" type="stmt"/>
        <line num="71" count="43" type="cond" truecount="3" falsecount="0"/>
        <line num="76" count="43" type="cond" truecount="5" falsecount="0"/>
        <line num="101" count="40" type="cond" truecount="2" falsecount="0"/>
        <line num="104" count="22" type="stmt"/>
        <line num="105" count="22" type="cond" truecount="2" falsecount="0"/>
        <line num="108" count="8" type="cond" truecount="2" falsecount="0"/>
        <line num="109" count="2" type="stmt"/>
        <line num="118" count="6" type="stmt"/>
        <line num="126" count="32" type="cond" truecount="3" falsecount="0"/>
        <line num="130" count="40" type="cond" truecount="2" falsecount="0"/>
        <line num="131" count="1" type="stmt"/>
        <line num="132" count="1" type="stmt"/>
        <line num="133" count="2" type="stmt"/>
        <line num="134" count="2" type="stmt"/>
        <line num="135" count="2" type="stmt"/>
        <line num="142" count="1" type="cond" truecount="1" falsecount="1"/>
        <line num="143" count="0" type="stmt"/>
        <line num="151" count="32" type="stmt"/>
        <line num="152" count="145" type="cond" truecount="2" falsecount="0"/>
        <line num="153" count="19" type="stmt"/>
        <line num="161" count="13" type="cond" truecount="1" falsecount="1"/>
        <line num="162" count="13" type="stmt"/>
        <line num="169" count="0" type="stmt"/>
        <line num="170" count="0" type="cond" truecount="0" falsecount="2"/>
        <line num="171" count="0" type="stmt"/>
        <line num="178" count="0" type="stmt"/>
        <line num="185" count="43" type="stmt"/>
        <line num="194" count="43" type="cond" truecount="2" falsecount="0"/>
        <line num="195" count="3" type="stmt"/>
        <line num="202" count="40" type="stmt"/>
        <line num="215" count="40" type="stmt"/>
        <line num="253" count="45" type="cond" truecount="2" falsecount="0"/>
        <line num="254" count="45" type="cond" truecount="2" falsecount="0"/>
        <line num="256" count="45" type="cond" truecount="4" falsecount="0"/>
        <line num="257" count="33" type="stmt"/>
        <line num="260" count="12" type="cond" truecount="4" falsecount="0"/>
        <line num="261" count="4" type="stmt"/>
        <line num="267" count="8" type="cond" truecount="2" falsecount="0"/>
        <line num="268" count="2" type="stmt"/>
        <line num="280" count="6" type="cond" truecount="2" falsecount="0"/>
        <line num="282" count="45" type="cond" truecount="4" falsecount="0"/>
        <line num="283" count="3" type="stmt"/>
        <line num="287" count="3" type="cond" truecount="2" falsecount="0"/>
        <line num="290" count="45" type="stmt"/>
        <line num="291" count="45" type="stmt"/>
      </file>
      <file name="desktopStatusState.ts" path="C:\Users\jay\Desktop\ClaudeWorks\Glance-Bar\src\state\desktopStatusState.ts">
        <metrics statements="11" coveredstatements="11" conditionals="10" coveredconditionals="9" methods="8" coveredmethods="8"/>
        <line num="17" count="2" type="stmt"/>
        <line num="20" count="332" type="stmt"/>
        <line num="24" count="29" type="stmt"/>
        <line num="43" count="2" type="stmt"/>
        <line num="47" count="27" type="stmt"/>
        <line num="48" count="27" type="stmt"/>
        <line num="61" count="164" type="cond" truecount="2" falsecount="0"/>
        <line num="62" count="40" type="stmt"/>
        <line num="63" count="27" type="stmt"/>
        <line num="81" count="27" type="cond" truecount="1" falsecount="1"/>
        <line num="87" count="56" type="cond" truecount="2" falsecount="0"/>
      </file>
      <file name="hubScenarios.ts" path="C:\Users\jay\Desktop\ClaudeWorks\Glance-Bar\src\state\hubScenarios.ts">
        <metrics statements="22" coveredstatements="22" conditionals="16" coveredconditionals="16" methods="10" coveredmethods="10"/>
        <line num="24" count="2" type="stmt"/>
        <line num="25" count="2" type="stmt"/>
        <line num="28" count="71" type="stmt"/>
        <line num="35" count="21" type="stmt"/>
        <line num="50" count="19" type="stmt"/>
        <line num="67" count="20" type="stmt"/>
        <line num="84" count="11" type="stmt"/>
        <line num="98" count="10" type="stmt"/>
        <line num="106" count="66" type="cond" truecount="7" falsecount="0"/>
        <line num="108" count="11" type="stmt"/>
        <line num="117" count="9" type="stmt"/>
        <line num="126" count="10" type="stmt"/>
        <line num="135" count="11" type="stmt"/>
        <line num="144" count="10" type="stmt"/>
        <line num="153" count="10" type="stmt"/>
        <line num="162" count="4" type="stmt"/>
        <line num="174" count="2" type="stmt"/>
        <line num="185" count="4" type="stmt"/>
        <line num="197" count="8" type="stmt"/>
        <line num="199" count="8" type="stmt"/>
        <line num="200" count="8" type="stmt"/>
        <line num="203" count="8" type="stmt"/>
      </file>
      <file name="hubState.ts" path="C:\Users\jay\Desktop\ClaudeWorks\Glance-Bar\src\state\hubState.ts">
        <metrics statements="62" coveredstatements="56" conditionals="79" coveredconditionals="69" methods="21" coveredmethods="21"/>
        <line num="14" count="7" type="stmt"/>
        <line num="23" count="666" type="stmt"/>
        <line num="25" count="23363" type="cond" truecount="4" falsecount="0"/>
        <line num="30" count="22769" type="stmt"/>
        <line num="34" count="332" type="stmt"/>
        <line num="36" count="332" type="cond" truecount="2" falsecount="0"/>
        <line num="37" count="47" type="stmt"/>
        <line num="40" count="11667" type="cond" truecount="2" falsecount="0"/>
        <line num="41" count="11" type="stmt"/>
        <line num="45" count="274" type="stmt"/>
        <line num="47" count="11649" type="cond" truecount="4" falsecount="0"/>
        <line num="53" count="274" type="cond" truecount="2" falsecount="0"/>
        <line num="54" count="23" type="stmt"/>
        <line num="57" count="251" type="stmt"/>
        <line num="59" count="251" type="cond" truecount="2" falsecount="0"/>
        <line num="60" count="174" type="stmt"/>
        <line num="63" count="77" type="cond" truecount="2" falsecount="0"/>
        <line num="64" count="31" type="stmt"/>
        <line num="68" count="46" type="cond" truecount="1" falsecount="1"/>
        <line num="69" count="0" type="stmt"/>
        <line num="73" count="46" type="cond" truecount="4" falsecount="1"/>
        <line num="74" count="0" type="stmt"/>
        <line num="77" count="46" type="stmt"/>
        <line num="81" count="11645" type="cond" truecount="4" falsecount="0"/>
        <line num="82" count="11645" type="cond" truecount="2" falsecount="0"/>
        <line num="84" count="11645" type="cond" truecount="4" falsecount="0"/>
        <line num="86" count="11645" type="stmt"/>
        <line num="102" count="318" type="stmt"/>
        <line num="103" count="318" type="stmt"/>
        <line num="104" count="11653" type="stmt"/>
        <line num="112" count="318" type="stmt"/>
        <line num="113" count="11653" type="cond" truecount="3" falsecount="2"/>
        <line num="115" count="8" type="stmt"/>
        <line num="116" count="8" type="stmt"/>
        <line num="118" count="24" type="stmt"/>
        <line num="119" count="24" type="stmt"/>
        <line num="121" count="11508" type="stmt"/>
        <line num="122" count="11508" type="stmt"/>
        <line num="124" count="0" type="stmt"/>
        <line num="125" count="0" type="stmt"/>
        <line num="127" count="0" type="stmt"/>
        <line num="128" count="0" type="stmt"/>
        <line num="132" count="318" type="stmt"/>
        <line num="169" count="48" type="stmt"/>
        <line num="170" count="48" type="stmt"/>
        <line num="173" count="288" type="stmt"/>
        <line num="177" count="62" type="stmt"/>
        <line num="178" count="62" type="stmt"/>
        <line num="185" count="219" type="stmt"/>
        <line num="186" count="219" type="stmt"/>
        <line num="189" count="48" type="stmt"/>
        <line num="192" count="11218" type="stmt"/>
        <line num="193" count="208" type="stmt"/>
        <line num="196" count="1" type="stmt"/>
        <line num="197" count="1" type="stmt"/>
        <line num="200" count="8" type="stmt"/>
        <line num="201" count="8" type="stmt"/>
        <line num="204" count="2" type="stmt"/>
        <line num="205" count="2" type="stmt"/>
        <line num="208" count="23" type="stmt"/>
        <line num="209" count="23" type="stmt"/>
        <line num="210" count="23" type="stmt"/>
      </file>
    </package>
  </project>
</coverage>
