{"C:\\Users\\jay\\Desktop\\ClaudeWorks\\Glance-Bar\\src\\providers\\index.ts": {"path":"C:\\Users\\jay\\Desktop\\ClaudeWorks\\Glance-Bar\\src\\providers\\index.ts","statementMap":{},"fnMap":{},"branchMap":{},"s":{},"f":{},"b":{},"meta":{"lastBranch":0,"lastFunction":0,"lastStatement":0,"seen":{},"fnNames":{}}}
,"C:\\Users\\jay\\Desktop\\ClaudeWorks\\Glance-Bar\\src\\providers\\core\\index.ts": {"path":"C:\\Users\\jay\\Desktop\\ClaudeWorks\\Glance-Bar\\src\\providers\\core\\index.ts","statementMap":{},"fnMap":{},"branchMap":{},"s":{},"f":{},"b":{},"meta":{"lastBranch":0,"lastFunction":0,"lastStatement":0,"seen":{},"fnNames":{}}}
,"C:\\Users\\jay\\Desktop\\ClaudeWorks\\Glance-Bar\\src\\providers\\core\\providerAdapter.ts": {"path":"C:\\Users\\jay\\Desktop\\ClaudeWorks\\Glance-Bar\\src\\providers\\core\\providerAdapter.ts","statementMap":{"0":{"start":{"line":12,"column":22},"end":{"line":20,"column":null}},"1":{"start":{"line":13,"column":4},"end":{"line":19,"column":null}},"2":{"start":{"line":14,"column":6},"end":{"line":18,"column":null}},"3":{"start":{"line":15,"column":8},"end":{"line":15,"column":null}},"4":{"start":{"line":21,"column":18},"end":{"line":21,"column":null}},"5":{"start":{"line":23,"column":2},"end":{"line":32,"column":null}},"6":{"start":{"line":25,"column":6},"end":{"line":27,"column":null}},"7":{"start":{"line":26,"column":8},"end":{"line":26,"column":null}},"8":{"start":{"line":29,"column":6},"end":{"line":29,"column":null}},"9":{"start":{"line":30,"column":6},"end":{"line":30,"column":null}}},"fnMap":{"0":{"name":"connectProviderToEventBus","decl":{"start":{"line":8,"column":16},"end":{"line":8,"column":null}},"loc":{"start":{"line":11,"column":22},"end":{"line":33,"column":null}},"line":11},"1":{"name":"(anonymous_1)","decl":{"start":{"line":12,"column":41},"end":{"line":12,"column":42}},"loc":{"start":{"line":12,"column":53},"end":{"line":20,"column":3}},"line":12},"2":{"name":"disconnect","decl":{"start":{"line":24,"column":4},"end":{"line":24,"column":17}},"loc":{"start":{"line":24,"column":17},"end":{"line":31,"column":null}},"line":24}},"branchMap":{"0":{"loc":{"start":{"line":25,"column":6},"end":{"line":27,"column":null}},"type":"if","locations":[{"start":{"line":25,"column":6},"end":{"line":27,"column":null}},{"start":{},"end":{}}],"line":25}},"s":{"0":80,"1":46,"2":199,"3":199,"4":80,"5":80,"6":88,"7":9,"8":79,"9":79},"f":{"0":80,"1":46,"2":88},"b":{"0":[9,79]},"meta":{"lastBranch":1,"lastFunction":3,"lastStatement":10,"seen":{"f:8:16:8:Infinity":0,"s:12:22:20:Infinity":0,"f:12:41:12:42":1,"s:13:4:19:Infinity":1,"s:14:6:18:Infinity":2,"s:15:8:15:Infinity":3,"s:21:18:21:Infinity":4,"s:23:2:32:Infinity":5,"f:24:4:24:17":2,"b:25:6:27:Infinity:undefined:undefined:undefined:undefined":0,"s:25:6:27:Infinity":6,"s:26:8:26:Infinity":7,"s:29:6:29:Infinity":8,"s:30:6:30:Infinity":9},"fnNames":{}}}
,"C:\\Users\\jay\\Desktop\\ClaudeWorks\\Glance-Bar\\src\\providers\\core\\providerHealthMonitor.ts": {"path":"C:\\Users\\jay\\Desktop\\ClaudeWorks\\Glance-Bar\\src\\providers\\core\\providerHealthMonitor.ts","statementMap":{"0":{"start":{"line":61,"column":32},"end":{"line":61,"column":null}},"1":{"start":{"line":62,"column":2},"end":{"line":73,"column":null}},"2":{"start":{"line":83,"column":20},"end":{"line":83,"column":null}},"3":{"start":{"line":85,"column":54},"end":{"line":89,"column":null}},"4":{"start":{"line":90,"column":46},"end":{"line":90,"column":null}},"5":{"start":{"line":91,"column":19},"end":{"line":91,"column":null}},"6":{"start":{"line":92,"column":16},"end":{"line":92,"column":null}},"7":{"start":{"line":93,"column":51},"end":{"line":93,"column":null}},"8":{"start":{"line":95,"column":2},"end":{"line":101,"column":null}},"9":{"start":{"line":96,"column":4},"end":{"line":96,"column":null}},"10":{"start":{"line":97,"column":4},"end":{"line":97,"column":null}},"11":{"start":{"line":98,"column":4},"end":{"line":98,"column":null}},"12":{"start":{"line":98,"column":27},"end":{"line":98,"column":null}},"13":{"start":{"line":99,"column":4},"end":{"line":99,"column":null}},"14":{"start":{"line":99,"column":24},"end":{"line":99,"column":null}},"15":{"start":{"line":100,"column":4},"end":{"line":100,"column":null}},"16":{"start":{"line":100,"column":45},"end":{"line":100,"column":null}},"17":{"start":{"line":103,"column":2},"end":{"line":115,"column":null}},"18":{"start":{"line":123,"column":2},"end":{"line":125,"column":null}},"19":{"start":{"line":125,"column":22},"end":{"line":125,"column":57}}},"fnMap":{"0":{"name":"snapshotProviderHealth","decl":{"start":{"line":60,"column":16},"end":{"line":60,"column":39}},"loc":{"start":{"line":60,"column":90},"end":{"line":74,"column":null}},"line":60},"1":{"name":"aggregateProviderHealth","decl":{"start":{"line":80,"column":16},"end":{"line":80,"column":null}},"loc":{"start":{"line":82,"column":25},"end":{"line":116,"column":null}},"line":82},"2":{"name":"findDegradedProviders","decl":{"start":{"line":122,"column":16},"end":{"line":122,"column":38}},"loc":{"start":{"line":122,"column":94},"end":{"line":126,"column":null}},"line":122},"3":{"name":"(anonymous_3)","decl":{"start":{"line":125,"column":12},"end":{"line":125,"column":13}},"loc":{"start":{"line":125,"column":22},"end":{"line":125,"column":57}},"line":125}},"branchMap":{"0":{"loc":{"start":{"line":72,"column":18},"end":{"line":72,"column":null}},"type":"binary-expr","locations":[{"start":{"line":72,"column":18},"end":{"line":72,"column":48}},{"start":{"line":72,"column":48},"end":{"line":72,"column":null}}],"line":72},"1":{"loc":{"start":{"line":97,"column":35},"end":{"line":97,"column":71}},"type":"binary-expr","locations":[{"start":{"line":97,"column":35},"end":{"line":97,"column":66}},{"start":{"line":97,"column":66},"end":{"line":97,"column":71}}],"line":97},"2":{"loc":{"start":{"line":98,"column":4},"end":{"line":98,"column":null}},"type":"if","locations":[{"start":{"line":98,"column":4},"end":{"line":98,"column":null}},{"start":{},"end":{}}],"line":98},"3":{"loc":{"start":{"line":99,"column":4},"end":{"line":99,"column":null}},"type":"if","locations":[{"start":{"line":99,"column":4},"end":{"line":99,"column":null}},{"start":{},"end":{}}],"line":99},"4":{"loc":{"start":{"line":100,"column":4},"end":{"line":100,"column":null}},"type":"if","locations":[{"start":{"line":100,"column":4},"end":{"line":100,"column":null}},{"start":{},"end":{}}],"line":100},"5":{"loc":{"start":{"line":100,"column":8},"end":{"line":100,"column":45}},"type":"binary-expr","locations":[{"start":{"line":100,"column":8},"end":{"line":100,"column":27}},{"start":{"line":100,"column":27},"end":{"line":100,"column":45}}],"line":100},"6":{"loc":{"start":{"line":113,"column":16},"end":{"line":113,"column":null}},"type":"binary-expr","locations":[{"start":{"line":113,"column":16},"end":{"line":113,"column":40}},{"start":{"line":113,"column":40},"end":{"line":113,"column":null}}],"line":113},"7":{"loc":{"start":{"line":125,"column":22},"end":{"line":125,"column":57}},"type":"binary-expr","locations":[{"start":{"line":125,"column":22},"end":{"line":125,"column":41}},{"start":{"line":125,"column":41},"end":{"line":125,"column":57}}],"line":125}},"s":{"0":132,"1":132,"2":42,"3":42,"4":42,"5":42,"6":42,"7":42,"8":42,"9":67,"10":67,"11":67,"12":47,"13":67,"14":20,"15":67,"16":18,"17":42,"18":38,"19":59},"f":{"0":132,"1":42,"2":38,"3":59},"b":{"0":[132,84],"1":[67,54],"2":[47,20],"3":[20,47],"4":[18,49],"5":[67,57],"6":[42,27],"7":[59,51]},"meta":{"lastBranch":8,"lastFunction":4,"lastStatement":20,"seen":{"f:60:16:60:39":0,"s:61:32:61:Infinity":0,"s:62:2:73:Infinity":1,"b:72:18:72:48:72:48:72:Infinity":0,"f:80:16:80:Infinity":1,"s:83:20:83:Infinity":2,"s:85:54:89:Infinity":3,"s:90:46:90:Infinity":4,"s:91:19:91:Infinity":5,"s:92:16:92:Infinity":6,"s:93:51:93:Infinity":7,"s:95:2:101:Infinity":8,"s:96:4:96:Infinity":9,"s:97:4:97:Infinity":10,"b:97:35:97:66:97:66:97:71":1,"b:98:4:98:Infinity:undefined:undefined:undefined:undefined":2,"s:98:4:98:Infinity":11,"s:98:27:98:Infinity":12,"b:99:4:99:Infinity:undefined:undefined:undefined:undefined":3,"s:99:4:99:Infinity":13,"s:99:24:99:Infinity":14,"b:100:4:100:Infinity:undefined:undefined:undefined:undefined":4,"s:100:4:100:Infinity":15,"b:100:8:100:27:100:27:100:45":5,"s:100:45:100:Infinity":16,"s:103:2:115:Infinity":17,"b:113:16:113:40:113:40:113:Infinity":6,"f:122:16:122:38":2,"s:123:2:125:Infinity":18,"f:125:12:125:13":3,"s:125:22:125:57":19,"b:125:22:125:41:125:41:125:57":7},"fnNames":{}}}
,"C:\\Users\\jay\\Desktop\\ClaudeWorks\\Glance-Bar\\src\\providers\\core\\providerManager.ts": {"path":"C:\\Users\\jay\\Desktop\\ClaudeWorks\\Glance-Bar\\src\\providers\\core\\providerManager.ts","statementMap":{"0":{"start":{"line":52,"column":57},"end":{"line":52,"column":null}},"1":{"start":{"line":53,"column":8},"end":{"line":53,"column":null}},"2":{"start":{"line":54,"column":44},"end":{"line":54,"column":null}},"3":{"start":{"line":58,"column":28},"end":{"line":58,"column":null}},"4":{"start":{"line":61,"column":19},"end":{"line":61,"column":null}},"5":{"start":{"line":62,"column":4},"end":{"line":66,"column":null}},"6":{"start":{"line":63,"column":6},"end":{"line":63,"column":null}},"7":{"start":{"line":65,"column":6},"end":{"line":65,"column":null}},"8":{"start":{"line":75,"column":2},"end":{"line":86,"column":null}},"9":{"start":{"line":76,"column":4},"end":{"line":76,"column":null}},"10":{"start":{"line":77,"column":4},"end":{"line":77,"column":null}},"11":{"start":{"line":78,"column":4},"end":{"line":78,"column":null}},"12":{"start":{"line":79,"column":4},"end":{"line":79,"column":null}},"13":{"start":{"line":80,"column":4},"end":{"line":80,"column":null}},"14":{"start":{"line":81,"column":4},"end":{"line":81,"column":null}},"15":{"start":{"line":82,"column":4},"end":{"line":82,"column":null}},"16":{"start":{"line":83,"column":4},"end":{"line":83,"column":null}},"17":{"start":{"line":84,"column":4},"end":{"line":84,"column":null}},"18":{"start":{"line":85,"column":4},"end":{"line":85,"column":null}},"19":{"start":{"line":89,"column":2},"end":{"line":94,"column":null}},"20":{"start":{"line":90,"column":4},"end":{"line":90,"column":null}},"21":{"start":{"line":91,"column":4},"end":{"line":91,"column":null}},"22":{"start":{"line":92,"column":4},"end":{"line":92,"column":null}},"23":{"start":{"line":93,"column":4},"end":{"line":93,"column":null}},"24":{"start":{"line":96,"column":2},"end":{"line":137,"column":null}},"25":{"start":{"line":101,"column":6},"end":{"line":103,"column":null}},"26":{"start":{"line":102,"column":8},"end":{"line":102,"column":null}},"27":{"start":{"line":104,"column":6},"end":{"line":104,"column":null}},"28":{"start":{"line":106,"column":6},"end":{"line":118,"column":null}},"29":{"start":{"line":107,"column":25},"end":{"line":107,"column":null}},"30":{"start":{"line":108,"column":8},"end":{"line":110,"column":null}},"31":{"start":{"line":109,"column":10},"end":{"line":109,"column":null}},"32":{"start":{"line":113,"column":14},"end":{"line":113,"column":null}},"33":{"start":{"line":114,"column":8},"end":{"line":114,"column":null}},"34":{"start":{"line":117,"column":8},"end":{"line":117,"column":null}},"35":{"start":{"line":123,"column":6},"end":{"line":125,"column":null}},"36":{"start":{"line":124,"column":8},"end":{"line":124,"column":null}},"37":{"start":{"line":128,"column":6},"end":{"line":130,"column":null}},"38":{"start":{"line":129,"column":8},"end":{"line":129,"column":null}},"39":{"start":{"line":131,"column":6},"end":{"line":131,"column":null}},"40":{"start":{"line":135,"column":6},"end":{"line":135,"column":null}},"41":{"start":{"line":135,"column":45},"end":{"line":135,"column":54}}},"fnMap":{"0":{"name":"createProviderManager","decl":{"start":{"line":48,"column":16},"end":{"line":48,"column":null}},"loc":{"start":{"line":51,"column":19},"end":{"line":138,"column":null}},"line":51},"1":{"name":"registerProvider","decl":{"start":{"line":60,"column":11},"end":{"line":60,"column":28}},"loc":{"start":{"line":60,"column":51},"end":{"line":67,"column":null}},"line":60},"2":{"name":"start","decl":{"start":{"line":99,"column":4},"end":{"line":99,"column":12}},"loc":{"start":{"line":99,"column":12},"end":{"line":119,"column":null}},"line":99},"3":{"name":"stop","decl":{"start":{"line":121,"column":4},"end":{"line":121,"column":11}},"loc":{"start":{"line":121,"column":11},"end":{"line":132,"column":null}},"line":121},"4":{"name":"listProviderIds","decl":{"start":{"line":134,"column":4},"end":{"line":134,"column":22}},"loc":{"start":{"line":134,"column":22},"end":{"line":136,"column":null}},"line":134},"5":{"name":"(anonymous_5)","decl":{"start":{"line":135,"column":33},"end":{"line":135,"column":34}},"loc":{"start":{"line":135,"column":45},"end":{"line":135,"column":54}},"line":135}},"branchMap":{"0":{"loc":{"start":{"line":50,"column":2},"end":{"line":50,"column":null}},"type":"default-arg","locations":[{"start":{"line":50,"column":36},"end":{"line":50,"column":null}}],"line":50},"1":{"loc":{"start":{"line":52,"column":10},"end":{"line":52,"column":32}},"type":"default-arg","locations":[{"start":{"line":52,"column":26},"end":{"line":52,"column":32}}],"line":52},"2":{"loc":{"start":{"line":52,"column":32},"end":{"line":52,"column":53}},"type":"default-arg","locations":[{"start":{"line":52,"column":48},"end":{"line":52,"column":53}}],"line":52},"3":{"loc":{"start":{"line":62,"column":4},"end":{"line":66,"column":null}},"type":"if","locations":[{"start":{"line":62,"column":4},"end":{"line":66,"column":null}},{"start":{"line":64,"column":11},"end":{"line":66,"column":null}}],"line":62},"4":{"loc":{"start":{"line":75,"column":2},"end":{"line":86,"column":null}},"type":"if","locations":[{"start":{"line":75,"column":2},"end":{"line":86,"column":null}},{"start":{},"end":{}}],"line":75},"5":{"loc":{"start":{"line":89,"column":2},"end":{"line":94,"column":null}},"type":"if","locations":[{"start":{"line":89,"column":2},"end":{"line":94,"column":null}},{"start":{},"end":{}}],"line":89},"6":{"loc":{"start":{"line":108,"column":8},"end":{"line":110,"column":null}},"type":"if","locations":[{"start":{"line":108,"column":8},"end":{"line":110,"column":null}},{"start":{},"end":{}}],"line":108}},"s":{"0":26,"1":26,"2":26,"3":26,"4":260,"5":260,"6":260,"7":0,"8":26,"9":20,"10":20,"11":20,"12":20,"13":20,"14":20,"15":20,"16":20,"17":20,"18":20,"19":26,"20":15,"21":15,"22":15,"23":15,"24":26,"25":15,"26":14,"27":15,"28":15,"29":152,"30":152,"31":0,"32":152,"33":152,"34":152,"35":12,"36":110,"37":12,"38":96,"39":12,"40":10,"41":112},"f":{"0":26,"1":260,"2":15,"3":12,"4":10,"5":112},"b":{"0":[26],"1":[26],"2":[26],"3":[260,0],"4":[20,6],"5":[15,11],"6":[0,152]},"meta":{"lastBranch":7,"lastFunction":6,"lastStatement":42,"seen":{"f:48:16:48:Infinity":0,"b:50:36:50:Infinity":0,"s:52:57:52:Infinity":0,"b:52:26:52:32":1,"b:52:48:52:53":2,"s:53:8:53:Infinity":1,"s:54:44:54:Infinity":2,"s:58:28:58:Infinity":3,"f:60:11:60:28":1,"s:61:19:61:Infinity":4,"b:62:4:66:Infinity:64:11:66:Infinity":3,"s:62:4:66:Infinity":5,"s:63:6:63:Infinity":6,"s:65:6:65:Infinity":7,"b:75:2:86:Infinity:undefined:undefined:undefined:undefined":4,"s:75:2:86:Infinity":8,"s:76:4:76:Infinity":9,"s:77:4:77:Infinity":10,"s:78:4:78:Infinity":11,"s:79:4:79:Infinity":12,"s:80:4:80:Infinity":13,"s:81:4:81:Infinity":14,"s:82:4:82:Infinity":15,"s:83:4:83:Infinity":16,"s:84:4:84:Infinity":17,"s:85:4:85:Infinity":18,"b:89:2:94:Infinity:undefined:undefined:undefined:undefined":5,"s:89:2:94:Infinity":19,"s:90:4:90:Infinity":20,"s:91:4:91:Infinity":21,"s:92:4:92:Infinity":22,"s:93:4:93:Infinity":23,"s:96:2:137:Infinity":24,"f:99:4:99:12":2,"s:101:6:103:Infinity":25,"s:102:8:102:Infinity":26,"s:104:6:104:Infinity":27,"s:106:6:118:Infinity":28,"s:107:25:107:Infinity":29,"b:108:8:110:Infinity:undefined:undefined:undefined:undefined":6,"s:108:8:110:Infinity":30,"s:109:10:109:Infinity":31,"s:113:14:113:Infinity":32,"s:114:8:114:Infinity":33,"s:117:8:117:Infinity":34,"f:121:4:121:11":3,"s:123:6:125:Infinity":35,"s:124:8:124:Infinity":36,"s:128:6:130:Infinity":37,"s:129:8:129:Infinity":38,"s:131:6:131:Infinity":39,"f:134:4:134:22":4,"s:135:6:135:Infinity":40,"f:135:33:135:34":5,"s:135:45:135:54":41},"fnNames":{}}}
,"C:\\Users\\jay\\Desktop\\ClaudeWorks\\Glance-Bar\\src\\providers\\core\\providerRegistry.ts": {"path":"C:\\Users\\jay\\Desktop\\ClaudeWorks\\Glance-Bar\\src\\providers\\core\\providerRegistry.ts","statementMap":{"0":{"start":{"line":53,"column":42},"end":{"line":53,"column":null}},"1":{"start":{"line":55,"column":2},"end":{"line":63,"column":null}},"2":{"start":{"line":60,"column":61},"end":{"line":60,"column":79}},"3":{"start":{"line":69,"column":42},"end":{"line":69,"column":null}},"4":{"start":{"line":71,"column":2},"end":{"line":77,"column":null}},"5":{"start":{"line":71,"column":52},"end":{"line":77,"column":4}},"6":{"start":{"line":83,"column":20},"end":{"line":83,"column":null}},"7":{"start":{"line":85,"column":2},"end":{"line":105,"column":null}},"8":{"start":{"line":86,"column":27},"end":{"line":86,"column":null}},"9":{"start":{"line":87,"column":16},"end":{"line":87,"column":null}},"10":{"start":{"line":88,"column":21},"end":{"line":95,"column":null}},"11":{"start":{"line":97,"column":4},"end":{"line":97,"column":null}},"12":{"start":{"line":99,"column":4},"end":{"line":102,"column":null}},"13":{"start":{"line":100,"column":6},"end":{"line":100,"column":null}},"14":{"start":{"line":101,"column":6},"end":{"line":101,"column":null}},"15":{"start":{"line":104,"column":4},"end":{"line":104,"column":null}},"16":{"start":{"line":107,"column":2},"end":{"line":110,"column":null}},"17":{"start":{"line":107,"column":51},"end":{"line":110,"column":4}},"18":{"start":{"line":116,"column":40},"end":{"line":116,"column":null}},"19":{"start":{"line":118,"column":2},"end":{"line":127,"column":null}},"20":{"start":{"line":119,"column":19},"end":{"line":119,"column":null}},"21":{"start":{"line":120,"column":19},"end":{"line":120,"column":null}},"22":{"start":{"line":122,"column":4},"end":{"line":124,"column":null}},"23":{"start":{"line":123,"column":6},"end":{"line":123,"column":null}},"24":{"start":{"line":126,"column":4},"end":{"line":126,"column":null}},"25":{"start":{"line":131,"column":18},"end":{"line":131,"column":null}},"26":{"start":{"line":132,"column":30},"end":{"line":132,"column":null}},"27":{"start":{"line":135,"column":4},"end":{"line":135,"column":null}},"28":{"start":{"line":139,"column":4},"end":{"line":139,"column":null}},"29":{"start":{"line":142,"column":2},"end":{"line":254,"column":null}},"30":{"start":{"line":144,"column":6},"end":{"line":150,"column":null}},"31":{"start":{"line":145,"column":8},"end":{"line":149,"column":null}},"32":{"start":{"line":152,"column":20},"end":{"line":155,"column":null}},"33":{"start":{"line":157,"column":6},"end":{"line":157,"column":null}},"34":{"start":{"line":158,"column":6},"end":{"line":158,"column":null}},"35":{"start":{"line":160,"column":6},"end":{"line":163,"column":null}},"36":{"start":{"line":167,"column":20},"end":{"line":167,"column":null}},"37":{"start":{"line":169,"column":6},"end":{"line":169,"column":null}},"38":{"start":{"line":173,"column":6},"end":{"line":173,"column":null}},"39":{"start":{"line":179,"column":6},"end":{"line":179,"column":null}},"40":{"start":{"line":183,"column":6},"end":{"line":186,"column":null}},"41":{"start":{"line":184,"column":23},"end":{"line":184,"column":56}},"42":{"start":{"line":186,"column":24},"end":{"line":186,"column":65}},"43":{"start":{"line":190,"column":6},"end":{"line":196,"column":null}},"44":{"start":{"line":192,"column":10},"end":{"line":194,"column":null}},"45":{"start":{"line":193,"column":19},"end":{"line":193,"column":null}},"46":{"start":{"line":200,"column":6},"end":{"line":202,"column":null}},"47":{"start":{"line":201,"column":23},"end":{"line":201,"column":80}},"48":{"start":{"line":201,"column":60},"end":{"line":201,"column":79}},"49":{"start":{"line":206,"column":6},"end":{"line":210,"column":null}},"50":{"start":{"line":209,"column":25},"end":{"line":209,"column":61}},"51":{"start":{"line":214,"column":20},"end":{"line":214,"column":null}},"52":{"start":{"line":216,"column":6},"end":{"line":218,"column":null}},"53":{"start":{"line":217,"column":8},"end":{"line":217,"column":null}},"54":{"start":{"line":220,"column":24},"end":{"line":220,"column":null}},"55":{"start":{"line":222,"column":6},"end":{"line":224,"column":null}},"56":{"start":{"line":223,"column":8},"end":{"line":223,"column":null}},"57":{"start":{"line":226,"column":6},"end":{"line":226,"column":null}},"58":{"start":{"line":228,"column":6},"end":{"line":228,"column":null}},"59":{"start":{"line":232,"column":20},"end":{"line":232,"column":null}},"60":{"start":{"line":234,"column":6},"end":{"line":236,"column":null}},"61":{"start":{"line":235,"column":8},"end":{"line":235,"column":null}},"62":{"start":{"line":238,"column":6},"end":{"line":238,"column":null}},"63":{"start":{"line":240,"column":6},"end":{"line":240,"column":null}},"64":{"start":{"line":244,"column":20},"end":{"line":244,"column":null}},"65":{"start":{"line":246,"column":6},"end":{"line":248,"column":null}},"66":{"start":{"line":247,"column":8},"end":{"line":247,"column":null}},"67":{"start":{"line":250,"column":6},"end":{"line":250,"column":null}},"68":{"start":{"line":252,"column":6},"end":{"line":252,"column":null}}},"fnMap":{"0":{"name":"snapshotProvider","decl":{"start":{"line":52,"column":9},"end":{"line":52,"column":26}},"loc":{"start":{"line":52,"column":80},"end":{"line":64,"column":null}},"line":52},"1":{"name":"(anonymous_1)","decl":{"start":{"line":60,"column":44},"end":{"line":60,"column":45}},"loc":{"start":{"line":60,"column":61},"end":{"line":60,"column":79}},"line":60},"2":{"name":"snapshotCapabilitySupport","decl":{"start":{"line":66,"column":9},"end":{"line":66,"column":null}},"loc":{"start":{"line":68,"column":45},"end":{"line":78,"column":null}},"line":68},"3":{"name":"(anonymous_3)","decl":{"start":{"line":71,"column":35},"end":{"line":71,"column":36}},"loc":{"start":{"line":71,"column":52},"end":{"line":77,"column":4}},"line":71},"4":{"name":"summarizeCapabilitySupportRecords","decl":{"start":{"line":80,"column":9},"end":{"line":80,"column":null}},"loc":{"start":{"line":82,"column":46},"end":{"line":111,"column":null}},"line":82},"5":{"name":"(anonymous_5)","decl":{"start":{"line":85,"column":18},"end":{"line":85,"column":19}},"loc":{"start":{"line":85,"column":30},"end":{"line":105,"column":3}},"line":85},"6":{"name":"(anonymous_6)","decl":{"start":{"line":107,"column":37},"end":{"line":107,"column":38}},"loc":{"start":{"line":107,"column":51},"end":{"line":110,"column":4}},"line":107},"7":{"name":"sortByOrigin","decl":{"start":{"line":113,"column":9},"end":{"line":113,"column":null}},"loc":{"start":{"line":115,"column":45},"end":{"line":128,"column":null}},"line":115},"8":{"name":"(anonymous_8)","decl":{"start":{"line":118,"column":27},"end":{"line":118,"column":28}},"loc":{"start":{"line":118,"column":37},"end":{"line":127,"column":3}},"line":118},"9":{"name":"createProviderRegistry","decl":{"start":{"line":130,"column":16},"end":{"line":130,"column":41}},"loc":{"start":{"line":130,"column":41},"end":{"line":255,"column":null}},"line":130},"10":{"name":"getEntry","decl":{"start":{"line":134,"column":11},"end":{"line":134,"column":20}},"loc":{"start":{"line":134,"column":40},"end":{"line":136,"column":null}},"line":134},"11":{"name":"listCapabilitySupport","decl":{"start":{"line":138,"column":11},"end":{"line":138,"column":35}},"loc":{"start":{"line":138,"column":35},"end":{"line":140,"column":null}},"line":138},"12":{"name":"register","decl":{"start":{"line":143,"column":4},"end":{"line":143,"column":13}},"loc":{"start":{"line":143,"column":68},"end":{"line":164,"column":null}},"line":143},"13":{"name":"get","decl":{"start":{"line":166,"column":4},"end":{"line":166,"column":8}},"loc":{"start":{"line":166,"column":28},"end":{"line":170,"column":null}},"line":166},"14":{"name":"list","decl":{"start":{"line":172,"column":4},"end":{"line":172,"column":11}},"loc":{"start":{"line":172,"column":11},"end":{"line":174,"column":null}},"line":172},"15":{"name":"summarizeCapabilitySupport","decl":{"start":{"line":178,"column":4},"end":{"line":178,"column":33}},"loc":{"start":{"line":178,"column":33},"end":{"line":180,"column":null}},"line":178},"16":{"name":"listProvidersByKind","decl":{"start":{"line":182,"column":4},"end":{"line":182,"column":24}},"loc":{"start":{"line":182,"column":73},"end":{"line":187,"column":null}},"line":182},"17":{"name":"(anonymous_17)","decl":{"start":{"line":184,"column":16},"end":{"line":184,"column":17}},"loc":{"start":{"line":184,"column":23},"end":{"line":184,"column":56}},"line":184},"18":{"name":"(anonymous_18)","decl":{"start":{"line":186,"column":14},"end":{"line":186,"column":15}},"loc":{"start":{"line":186,"column":24},"end":{"line":186,"column":65}},"line":186},"19":{"name":"listRealProviders","decl":{"start":{"line":189,"column":4},"end":{"line":189,"column":50}},"loc":{"start":{"line":189,"column":50},"end":{"line":197,"column":null}},"line":189},"20":{"name":"(anonymous_20)","decl":{"start":{"line":191,"column":16},"end":{"line":191,"column":17}},"loc":{"start":{"line":192,"column":10},"end":{"line":194,"column":null}},"line":192},"21":{"name":"(anonymous_21)","decl":{"start":{"line":193,"column":12},"end":{"line":193,"column":13}},"loc":{"start":{"line":193,"column":19},"end":{"line":193,"column":null}},"line":193},"22":{"name":"listMockProviders","decl":{"start":{"line":199,"column":4},"end":{"line":199,"column":50}},"loc":{"start":{"line":199,"column":50},"end":{"line":203,"column":null}},"line":199},"23":{"name":"(anonymous_23)","decl":{"start":{"line":201,"column":16},"end":{"line":201,"column":17}},"loc":{"start":{"line":201,"column":23},"end":{"line":201,"column":80}},"line":201},"24":{"name":"(anonymous_24)","decl":{"start":{"line":201,"column":53},"end":{"line":201,"column":54}},"loc":{"start":{"line":201,"column":60},"end":{"line":201,"column":79}},"line":201},"25":{"name":"listAvailableCapabilities","decl":{"start":{"line":205,"column":4},"end":{"line":205,"column":75}},"loc":{"start":{"line":205,"column":75},"end":{"line":211,"column":null}},"line":205},"26":{"name":"(anonymous_26)","decl":{"start":{"line":209,"column":18},"end":{"line":209,"column":19}},"loc":{"start":{"line":209,"column":25},"end":{"line":209,"column":61}},"line":209},"27":{"name":"unregister","decl":{"start":{"line":213,"column":4},"end":{"line":213,"column":15}},"loc":{"start":{"line":213,"column":35},"end":{"line":229,"column":null}},"line":213},"28":{"name":"start","decl":{"start":{"line":231,"column":4},"end":{"line":231,"column":10}},"loc":{"start":{"line":231,"column":30},"end":{"line":241,"column":null}},"line":231},"29":{"name":"stop","decl":{"start":{"line":243,"column":4},"end":{"line":243,"column":9}},"loc":{"start":{"line":243,"column":29},"end":{"line":253,"column":null}},"line":243}},"branchMap":{"0":{"loc":{"start":{"line":88,"column":21},"end":{"line":95,"column":null}},"type":"binary-expr","locations":[{"start":{"line":88,"column":21},"end":{"line":88,"column":43}},{"start":{"line":88,"column":43},"end":{"line":95,"column":null}}],"line":88},"1":{"loc":{"start":{"line":99,"column":4},"end":{"line":102,"column":null}},"type":"if","locations":[{"start":{"line":99,"column":4},"end":{"line":102,"column":null}},{"start":{},"end":{}}],"line":99},"2":{"loc":{"start":{"line":119,"column":19},"end":{"line":119,"column":null}},"type":"binary-expr","locations":[{"start":{"line":119,"column":19},"end":{"line":119,"column":49}},{"start":{"line":119,"column":49},"end":{"line":119,"column":null}}],"line":119},"3":{"loc":{"start":{"line":120,"column":19},"end":{"line":120,"column":null}},"type":"binary-expr","locations":[{"start":{"line":120,"column":19},"end":{"line":120,"column":49}},{"start":{"line":120,"column":49},"end":{"line":120,"column":null}}],"line":120},"4":{"loc":{"start":{"line":122,"column":4},"end":{"line":124,"column":null}},"type":"if","locations":[{"start":{"line":122,"column":4},"end":{"line":124,"column":null}},{"start":{},"end":{}}],"line":122},"5":{"loc":{"start":{"line":144,"column":6},"end":{"line":150,"column":null}},"type":"if","locations":[{"start":{"line":144,"column":6},"end":{"line":150,"column":null}},{"start":{},"end":{}}],"line":144},"6":{"loc":{"start":{"line":169,"column":13},"end":{"line":169,"column":null}},"type":"cond-expr","locations":[{"start":{"line":169,"column":21},"end":{"line":169,"column":47}},{"start":{"line":169,"column":47},"end":{"line":169,"column":null}}],"line":169},"7":{"loc":{"start":{"line":193,"column":19},"end":{"line":193,"column":null}},"type":"binary-expr","locations":[{"start":{"line":193,"column":19},"end":{"line":193,"column":42}},{"start":{"line":193,"column":42},"end":{"line":193,"column":null}}],"line":193},"8":{"loc":{"start":{"line":216,"column":6},"end":{"line":218,"column":null}},"type":"if","locations":[{"start":{"line":216,"column":6},"end":{"line":218,"column":null}},{"start":{},"end":{}}],"line":216},"9":{"loc":{"start":{"line":222,"column":6},"end":{"line":224,"column":null}},"type":"if","locations":[{"start":{"line":222,"column":6},"end":{"line":224,"column":null}},{"start":{},"end":{}}],"line":222},"10":{"loc":{"start":{"line":222,"column":10},"end":{"line":222,"column":91}},"type":"binary-expr","locations":[{"start":{"line":222,"column":10},"end":{"line":222,"column":37}},{"start":{"line":222,"column":37},"end":{"line":222,"column":67}},{"start":{"line":222,"column":67},"end":{"line":222,"column":91}}],"line":222},"11":{"loc":{"start":{"line":234,"column":6},"end":{"line":236,"column":null}},"type":"if","locations":[{"start":{"line":234,"column":6},"end":{"line":236,"column":null}},{"start":{},"end":{}}],"line":234},"12":{"loc":{"start":{"line":246,"column":6},"end":{"line":248,"column":null}},"type":"if","locations":[{"start":{"line":246,"column":6},"end":{"line":248,"column":null}},{"start":{},"end":{}}],"line":246}},"s":{"0":1306,"1":1306,"2":1316,"3":62,"4":62,"5":72,"6":22,"7":22,"8":38,"9":38,"10":38,"11":38,"12":38,"13":36,"14":36,"15":38,"16":22,"17":34,"18":10,"19":10,"20":20,"21":20,"22":20,"23":8,"24":12,"25":102,"26":102,"27":324,"28":28,"29":102,"30":385,"31":3,"32":382,"33":382,"34":382,"35":382,"36":36,"37":36,"38":81,"39":22,"40":6,"41":12,"42":2,"43":4,"44":10,"45":10,"46":4,"47":10,"48":12,"49":10,"50":24,"51":14,"52":14,"53":2,"54":12,"55":12,"56":8,"57":12,"58":12,"59":160,"60":160,"61":2,"62":158,"63":158,"64":114,"65":114,"66":2,"67":112,"68":112},"f":{"0":1306,"1":1316,"2":62,"3":72,"4":22,"5":38,"6":34,"7":10,"8":20,"9":102,"10":324,"11":28,"12":385,"13":36,"14":81,"15":22,"16":6,"17":12,"18":2,"19":4,"20":10,"21":10,"22":4,"23":10,"24":12,"25":10,"26":24,"27":14,"28":160,"29":114},"b":{"0":[38,34],"1":[36,2],"2":[20,0],"3":[20,0],"4":[8,12],"5":[3,382],"6":[26,10],"7":[10,8],"8":[2,12],"9":[8,4],"10":[12,10,6],"11":[2,158],"12":[2,112]},"meta":{"lastBranch":13,"lastFunction":30,"lastStatement":69,"seen":{"f:52:9:52:26":0,"s:53:42:53:Infinity":0,"s:55:2:63:Infinity":1,"f:60:44:60:45":1,"s:60:61:60:79":2,"f:66:9:66:Infinity":2,"s:69:42:69:Infinity":3,"s:71:2:77:Infinity":4,"f:71:35:71:36":3,"s:71:52:77:4":5,"f:80:9:80:Infinity":4,"s:83:20:83:Infinity":6,"s:85:2:105:Infinity":7,"f:85:18:85:19":5,"s:86:27:86:Infinity":8,"s:87:16:87:Infinity":9,"s:88:21:95:Infinity":10,"b:88:21:88:43:88:43:95:Infinity":0,"s:97:4:97:Infinity":11,"b:99:4:102:Infinity:undefined:undefined:undefined:undefined":1,"s:99:4:102:Infinity":12,"s:100:6:100:Infinity":13,"s:101:6:101:Infinity":14,"s:104:4:104:Infinity":15,"s:107:2:110:Infinity":16,"f:107:37:107:38":6,"s:107:51:110:4":17,"f:113:9:113:Infinity":7,"s:116:40:116:Infinity":18,"s:118:2:127:Infinity":19,"f:118:27:118:28":8,"s:119:19:119:Infinity":20,"b:119:19:119:49:119:49:119:Infinity":2,"s:120:19:120:Infinity":21,"b:120:19:120:49:120:49:120:Infinity":3,"b:122:4:124:Infinity:undefined:undefined:undefined:undefined":4,"s:122:4:124:Infinity":22,"s:123:6:123:Infinity":23,"s:126:4:126:Infinity":24,"f:130:16:130:41":9,"s:131:18:131:Infinity":25,"s:132:30:132:Infinity":26,"f:134:11:134:20":10,"s:135:4:135:Infinity":27,"f:138:11:138:35":11,"s:139:4:139:Infinity":28,"s:142:2:254:Infinity":29,"f:143:4:143:13":12,"b:144:6:150:Infinity:undefined:undefined:undefined:undefined":5,"s:144:6:150:Infinity":30,"s:145:8:149:Infinity":31,"s:152:20:155:Infinity":32,"s:157:6:157:Infinity":33,"s:158:6:158:Infinity":34,"s:160:6:163:Infinity":35,"f:166:4:166:8":13,"s:167:20:167:Infinity":36,"s:169:6:169:Infinity":37,"b:169:21:169:47:169:47:169:Infinity":6,"f:172:4:172:11":14,"s:173:6:173:Infinity":38,"f:178:4:178:33":15,"s:179:6:179:Infinity":39,"f:182:4:182:24":16,"s:183:6:186:Infinity":40,"f:184:16:184:17":17,"s:184:23:184:56":41,"f:186:14:186:15":18,"s:186:24:186:65":42,"f:189:4:189:50":19,"s:190:6:196:Infinity":43,"f:191:16:191:17":20,"s:192:10:194:Infinity":44,"f:193:12:193:13":21,"s:193:19:193:Infinity":45,"b:193:19:193:42:193:42:193:Infinity":7,"f:199:4:199:50":22,"s:200:6:202:Infinity":46,"f:201:16:201:17":23,"s:201:23:201:80":47,"f:201:53:201:54":24,"s:201:60:201:79":48,"f:205:4:205:75":25,"s:206:6:210:Infinity":49,"f:209:18:209:19":26,"s:209:25:209:61":50,"f:213:4:213:15":27,"s:214:20:214:Infinity":51,"b:216:6:218:Infinity:undefined:undefined:undefined:undefined":8,"s:216:6:218:Infinity":52,"s:217:8:217:Infinity":53,"s:220:24:220:Infinity":54,"b:222:6:224:Infinity:undefined:undefined:undefined:undefined":9,"s:222:6:224:Infinity":55,"b:222:10:222:37:222:37:222:67:222:67:222:91":10,"s:223:8:223:Infinity":56,"s:226:6:226:Infinity":57,"s:228:6:228:Infinity":58,"f:231:4:231:10":28,"s:232:20:232:Infinity":59,"b:234:6:236:Infinity:undefined:undefined:undefined:undefined":11,"s:234:6:236:Infinity":60,"s:235:8:235:Infinity":61,"s:238:6:238:Infinity":62,"s:240:6:240:Infinity":63,"f:243:4:243:9":29,"s:244:20:244:Infinity":64,"b:246:6:248:Infinity:undefined:undefined:undefined:undefined":12,"s:246:6:248:Infinity":65,"s:247:8:247:Infinity":66,"s:250:6:250:Infinity":67,"s:252:6:252:Infinity":68},"fnNames":{}}}
,"C:\\Users\\jay\\Desktop\\ClaudeWorks\\Glance-Bar\\src\\providers\\core\\providerShell.ts": {"path":"C:\\Users\\jay\\Desktop\\ClaudeWorks\\Glance-Bar\\src\\providers\\core\\providerShell.ts","statementMap":{"0":{"start":{"line":31,"column":50},"end":{"line":31,"column":null}},"1":{"start":{"line":32,"column":44},"end":{"line":32,"column":null}},"2":{"start":{"line":33,"column":20},"end":{"line":33,"column":null}},"3":{"start":{"line":36,"column":4},"end":{"line":38,"column":null}},"4":{"start":{"line":37,"column":6},"end":{"line":37,"column":null}},"5":{"start":{"line":39,"column":4},"end":{"line":45,"column":null}},"6":{"start":{"line":40,"column":6},"end":{"line":44,"column":null}},"7":{"start":{"line":41,"column":8},"end":{"line":41,"column":null}},"8":{"start":{"line":48,"column":38},"end":{"line":53,"column":null}},"9":{"start":{"line":51,"column":6},"end":{"line":51,"column":null}},"10":{"start":{"line":55,"column":2},"end":{"line":84,"column":null}},"11":{"start":{"line":62,"column":6},"end":{"line":64,"column":null}},"12":{"start":{"line":63,"column":8},"end":{"line":63,"column":null}},"13":{"start":{"line":65,"column":6},"end":{"line":65,"column":null}},"14":{"start":{"line":66,"column":6},"end":{"line":66,"column":null}},"15":{"start":{"line":70,"column":6},"end":{"line":70,"column":null}},"16":{"start":{"line":71,"column":6},"end":{"line":71,"column":null}},"17":{"start":{"line":75,"column":6},"end":{"line":75,"column":null}},"18":{"start":{"line":76,"column":6},"end":{"line":78,"column":null}},"19":{"start":{"line":77,"column":8},"end":{"line":77,"column":null}},"20":{"start":{"line":82,"column":6},"end":{"line":82,"column":null}}},"fnMap":{"0":{"name":"createProviderShell","decl":{"start":{"line":30,"column":16},"end":{"line":30,"column":36}},"loc":{"start":{"line":30,"column":78},"end":{"line":85,"column":null}},"line":30},"1":{"name":"emit","decl":{"start":{"line":35,"column":11},"end":{"line":35,"column":16}},"loc":{"start":{"line":35,"column":36},"end":{"line":46,"column":null}},"line":35},"2":{"name":"(anonymous_2)","decl":{"start":{"line":39,"column":22},"end":{"line":39,"column":23}},"loc":{"start":{"line":39,"column":36},"end":{"line":45,"column":5}},"line":39},"3":{"name":"markDegraded","decl":{"start":{"line":50,"column":4},"end":{"line":50,"column":19}},"loc":{"start":{"line":50,"column":19},"end":{"line":52,"column":null}},"line":50},"4":{"name":"start","decl":{"start":{"line":61,"column":4},"end":{"line":61,"column":12}},"loc":{"start":{"line":61,"column":12},"end":{"line":67,"column":null}},"line":61},"5":{"name":"stop","decl":{"start":{"line":69,"column":4},"end":{"line":69,"column":11}},"loc":{"start":{"line":69,"column":11},"end":{"line":72,"column":null}},"line":69},"6":{"name":"subscribe","decl":{"start":{"line":74,"column":4},"end":{"line":74,"column":14}},"loc":{"start":{"line":74,"column":45},"end":{"line":79,"column":null}},"line":74},"7":{"name":"(anonymous_7)","decl":{"start":{"line":76,"column":13},"end":{"line":76,"column":19}},"loc":{"start":{"line":76,"column":19},"end":{"line":78,"column":null}},"line":76},"8":{"name":"status","decl":{"start":{"line":81,"column":4},"end":{"line":81,"column":32}},"loc":{"start":{"line":81,"column":32},"end":{"line":83,"column":null}},"line":81}},"branchMap":{"0":{"loc":{"start":{"line":36,"column":4},"end":{"line":38,"column":null}},"type":"if","locations":[{"start":{"line":36,"column":4},"end":{"line":38,"column":null}},{"start":{},"end":{}}],"line":36},"1":{"loc":{"start":{"line":62,"column":6},"end":{"line":64,"column":null}},"type":"if","locations":[{"start":{"line":62,"column":6},"end":{"line":64,"column":null}},{"start":{},"end":{}}],"line":62}},"s":{"0":346,"1":346,"2":346,"3":239,"4":16,"5":223,"6":206,"7":206,"8":346,"9":38,"10":346,"11":250,"12":21,"13":229,"14":229,"15":151,"16":151,"17":150,"18":150,"19":73,"20":954},"f":{"0":346,"1":239,"2":206,"3":38,"4":250,"5":151,"6":150,"7":73,"8":954},"b":{"0":[16,223],"1":[21,229]},"meta":{"lastBranch":2,"lastFunction":9,"lastStatement":21,"seen":{"f:30:16:30:36":0,"s:31:50:31:Infinity":0,"s:32:44:32:Infinity":1,"s:33:20:33:Infinity":2,"f:35:11:35:16":1,"b:36:4:38:Infinity:undefined:undefined:undefined:undefined":0,"s:36:4:38:Infinity":3,"s:37:6:37:Infinity":4,"s:39:4:45:Infinity":5,"f:39:22:39:23":2,"s:40:6:44:Infinity":6,"s:41:8:41:Infinity":7,"s:48:38:53:Infinity":8,"f:50:4:50:19":3,"s:51:6:51:Infinity":9,"s:55:2:84:Infinity":10,"f:61:4:61:12":4,"b:62:6:64:Infinity:undefined:undefined:undefined:undefined":1,"s:62:6:64:Infinity":11,"s:63:8:63:Infinity":12,"s:65:6:65:Infinity":13,"s:66:6:66:Infinity":14,"f:69:4:69:11":5,"s:70:6:70:Infinity":15,"s:71:6:71:Infinity":16,"f:74:4:74:14":6,"s:75:6:75:Infinity":17,"s:76:6:78:Infinity":18,"f:76:13:76:19":7,"s:77:8:77:Infinity":19,"f:81:4:81:32":8,"s:82:6:82:Infinity":20},"fnNames":{}}}
,"C:\\Users\\jay\\Desktop\\ClaudeWorks\\Glance-Bar\\src\\providers\\core\\types.ts": {"path":"C:\\Users\\jay\\Desktop\\ClaudeWorks\\Glance-Bar\\src\\providers\\core\\types.ts","statementMap":{},"fnMap":{},"branchMap":{},"s":{},"f":{},"b":{},"meta":{"lastBranch":0,"lastFunction":0,"lastStatement":0,"seen":{},"fnNames":{}}}
,"C:\\Users\\jay\\Desktop\\ClaudeWorks\\Glance-Bar\\src\\providers\\impl\\mock\\index.ts": {"path":"C:\\Users\\jay\\Desktop\\ClaudeWorks\\Glance-Bar\\src\\providers\\impl\\mock\\index.ts","statementMap":{},"fnMap":{},"branchMap":{},"s":{},"f":{},"b":{},"meta":{"lastBranch":0,"lastFunction":0,"lastStatement":0,"seen":{},"fnNames":{}}}
,"C:\\Users\\jay\\Desktop\\ClaudeWorks\\Glance-Bar\\src\\providers\\impl\\mock\\mockAiProvider.ts": {"path":"C:\\Users\\jay\\Desktop\\ClaudeWorks\\Glance-Bar\\src\\providers\\impl\\mock\\mockAiProvider.ts","statementMap":{"0":{"start":{"line":17,"column":37},"end":{"line":35,"column":null}},"1":{"start":{"line":18,"column":8},"end":{"line":18,"column":null}},"2":{"start":{"line":20,"column":2},"end":{"line":34,"column":null}},"3":{"start":{"line":39,"column":23},"end":{"line":49,"column":null}},"4":{"start":{"line":40,"column":2},"end":{"line":42,"column":null}},"5":{"start":{"line":41,"column":4},"end":{"line":41,"column":null}},"6":{"start":{"line":44,"column":2},"end":{"line":46,"column":null}},"7":{"start":{"line":45,"column":4},"end":{"line":45,"column":null}},"8":{"start":{"line":48,"column":2},"end":{"line":48,"column":null}},"9":{"start":{"line":51,"column":52},"end":{"line":55,"column":null}},"10":{"start":{"line":57,"column":21},"end":{"line":80,"column":null}},"11":{"start":{"line":58,"column":17},"end":{"line":58,"column":null}},"12":{"start":{"line":59,"column":16},"end":{"line":59,"column":null}},"13":{"start":{"line":60,"column":27},"end":{"line":67,"column":null}},"14":{"start":{"line":69,"column":2},"end":{"line":79,"column":null}},"15":{"start":{"line":82,"column":36},"end":{"line":89,"column":null}},"16":{"start":{"line":82,"column":69},"end":{"line":89,"column":null}},"17":{"start":{"line":91,"column":40},"end":{"line":91,"column":null}}},"fnMap":{"0":{"name":"(anonymous_0)","decl":{"start":{"line":17,"column":37},"end":{"line":17,"column":38}},"loc":{"start":{"line":17,"column":86},"end":{"line":35,"column":null}},"line":17},"1":{"name":"(anonymous_1)","decl":{"start":{"line":39,"column":23},"end":{"line":39,"column":24}},"loc":{"start":{"line":39,"column":54},"end":{"line":49,"column":null}},"line":39},"2":{"name":"(anonymous_2)","decl":{"start":{"line":57,"column":21},"end":{"line":57,"column":22}},"loc":{"start":{"line":57,"column":68},"end":{"line":80,"column":null}},"line":57},"3":{"name":"(anonymous_3)","decl":{"start":{"line":82,"column":36},"end":{"line":82,"column":37}},"loc":{"start":{"line":82,"column":69},"end":{"line":89,"column":null}},"line":82}},"branchMap":{"0":{"loc":{"start":{"line":17,"column":38},"end":{"line":17,"column":86}},"type":"default-arg","locations":[{"start":{"line":17,"column":69},"end":{"line":17,"column":86}}],"line":17},"1":{"loc":{"start":{"line":40,"column":2},"end":{"line":42,"column":null}},"type":"if","locations":[{"start":{"line":40,"column":2},"end":{"line":42,"column":null}},{"start":{},"end":{}}],"line":40},"2":{"loc":{"start":{"line":44,"column":2},"end":{"line":46,"column":null}},"type":"if","locations":[{"start":{"line":44,"column":2},"end":{"line":46,"column":null}},{"start":{},"end":{}}],"line":44},"3":{"loc":{"start":{"line":82,"column":37},"end":{"line":82,"column":null}},"type":"default-arg","locations":[{"start":{"line":82,"column":68},"end":{"line":82,"column":null}}],"line":82}},"s":{"0":10,"1":6,"2":6,"3":10,"4":16,"5":16,"6":0,"7":0,"8":0,"9":10,"10":10,"11":16,"12":16,"13":16,"14":16,"15":10,"16":48,"17":10},"f":{"0":6,"1":16,"2":16,"3":48},"b":{"0":[6],"1":[16,0],"2":[0,0],"3":[48]},"meta":{"lastBranch":4,"lastFunction":4,"lastStatement":18,"seen":{"s:17:37:35:Infinity":0,"f:17:37:17:38":0,"b:17:69:17:86":0,"s:18:8:18:Infinity":1,"s:20:2:34:Infinity":2,"s:39:23:49:Infinity":3,"f:39:23:39:24":1,"b:40:2:42:Infinity:undefined:undefined:undefined:undefined":1,"s:40:2:42:Infinity":4,"s:41:4:41:Infinity":5,"b:44:2:46:Infinity:undefined:undefined:undefined:undefined":2,"s:44:2:46:Infinity":6,"s:45:4:45:Infinity":7,"s:48:2:48:Infinity":8,"s:51:52:55:Infinity":9,"s:57:21:80:Infinity":10,"f:57:21:57:22":2,"s:58:17:58:Infinity":11,"s:59:16:59:Infinity":12,"s:60:27:67:Infinity":13,"s:69:2:79:Infinity":14,"s:82:36:89:Infinity":15,"f:82:36:82:37":3,"s:82:69:89:Infinity":16,"b:82:68:82:Infinity":3,"s:91:40:91:Infinity":17},"fnNames":{}}}
,"C:\\Users\\jay\\Desktop\\ClaudeWorks\\Glance-Bar\\src\\providers\\impl\\mock\\mockDownloadProvider.ts": {"path":"C:\\Users\\jay\\Desktop\\ClaudeWorks\\Glance-Bar\\src\\providers\\impl\\mock\\mockDownloadProvider.ts","statementMap":{"0":{"start":{"line":17,"column":39},"end":{"line":35,"column":null}},"1":{"start":{"line":18,"column":8},"end":{"line":18,"column":null}},"2":{"start":{"line":20,"column":2},"end":{"line":34,"column":null}},"3":{"start":{"line":39,"column":27},"end":{"line":64,"column":null}},"4":{"start":{"line":40,"column":22},"end":{"line":40,"column":null}},"5":{"start":{"line":41,"column":17},"end":{"line":41,"column":null}},"6":{"start":{"line":42,"column":22},"end":{"line":42,"column":null}},"7":{"start":{"line":43,"column":33},"end":{"line":43,"column":null}},"8":{"start":{"line":44,"column":27},"end":{"line":51,"column":null}},"9":{"start":{"line":53,"column":2},"end":{"line":63,"column":null}},"10":{"start":{"line":66,"column":42},"end":{"line":73,"column":null}},"11":{"start":{"line":66,"column":75},"end":{"line":73,"column":null}}},"fnMap":{"0":{"name":"(anonymous_0)","decl":{"start":{"line":17,"column":39},"end":{"line":17,"column":40}},"loc":{"start":{"line":17,"column":88},"end":{"line":35,"column":null}},"line":17},"1":{"name":"(anonymous_1)","decl":{"start":{"line":39,"column":27},"end":{"line":39,"column":28}},"loc":{"start":{"line":39,"column":74},"end":{"line":64,"column":null}},"line":39},"2":{"name":"(anonymous_2)","decl":{"start":{"line":66,"column":42},"end":{"line":66,"column":43}},"loc":{"start":{"line":66,"column":75},"end":{"line":73,"column":null}},"line":66}},"branchMap":{"0":{"loc":{"start":{"line":17,"column":40},"end":{"line":17,"column":88}},"type":"default-arg","locations":[{"start":{"line":17,"column":71},"end":{"line":17,"column":88}}],"line":17},"1":{"loc":{"start":{"line":43,"column":33},"end":{"line":43,"column":null}},"type":"cond-expr","locations":[{"start":{"line":43,"column":47},"end":{"line":43,"column":61}},{"start":{"line":43,"column":61},"end":{"line":43,"column":null}}],"line":43},"2":{"loc":{"start":{"line":66,"column":43},"end":{"line":66,"column":null}},"type":"default-arg","locations":[{"start":{"line":66,"column":74},"end":{"line":66,"column":null}}],"line":66}},"s":{"0":10,"1":6,"2":6,"3":10,"4":14,"5":14,"6":14,"7":14,"8":14,"9":14,"10":10,"11":31},"f":{"0":6,"1":14,"2":31},"b":{"0":[6],"1":[0,14],"2":[31]},"meta":{"lastBranch":3,"lastFunction":3,"lastStatement":12,"seen":{"s:17:39:35:Infinity":0,"f:17:39:17:40":0,"b:17:71:17:88":0,"s:18:8:18:Infinity":1,"s:20:2:34:Infinity":2,"s:39:27:64:Infinity":3,"f:39:27:39:28":1,"s:40:22:40:Infinity":4,"s:41:17:41:Infinity":5,"s:42:22:42:Infinity":6,"s:43:33:43:Infinity":7,"b:43:47:43:61:43:61:43:Infinity":1,"s:44:27:51:Infinity":8,"s:53:2:63:Infinity":9,"s:66:42:73:Infinity":10,"f:66:42:66:43":2,"s:66:75:73:Infinity":11,"b:66:74:66:Infinity":2},"fnNames":{}}}
,"C:\\Users\\jay\\Desktop\\ClaudeWorks\\Glance-Bar\\src\\providers\\impl\\mock\\mockHubData.ts": {"path":"C:\\Users\\jay\\Desktop\\ClaudeWorks\\Glance-Bar\\src\\providers\\impl\\mock\\mockHubData.ts","statementMap":{"0":{"start":{"line":10,"column":13},"end":{"line":16,"column":null}},"1":{"start":{"line":18,"column":38},"end":{"line":23,"column":null}},"2":{"start":{"line":25,"column":31},"end":{"line":32,"column":null}},"3":{"start":{"line":34,"column":37},"end":{"line":41,"column":null}},"4":{"start":{"line":43,"column":52},"end":{"line":47,"column":null}},"5":{"start":{"line":49,"column":37},"end":{"line":60,"column":null}},"6":{"start":{"line":62,"column":45},"end":{"line":74,"column":null}}},"fnMap":{},"branchMap":{},"s":{"0":0,"1":0,"2":0,"3":0,"4":0,"5":0,"6":0},"f":{},"b":{},"meta":{"lastBranch":0,"lastFunction":0,"lastStatement":7,"seen":{"s:10:13:16:Infinity":0,"s:18:38:23:Infinity":1,"s:25:31:32:Infinity":2,"s:34:37:41:Infinity":3,"s:43:52:47:Infinity":4,"s:49:37:60:Infinity":5,"s:62:45:74:Infinity":6},"fnNames":{}}}
,"C:\\Users\\jay\\Desktop\\ClaudeWorks\\Glance-Bar\\src\\providers\\impl\\mock\\mockMusicProvider.ts": {"path":"C:\\Users\\jay\\Desktop\\ClaudeWorks\\Glance-Bar\\src\\providers\\impl\\mock\\mockMusicProvider.ts","statementMap":{"0":{"start":{"line":20,"column":36},"end":{"line":36,"column":null}},"1":{"start":{"line":21,"column":8},"end":{"line":21,"column":null}},"2":{"start":{"line":23,"column":2},"end":{"line":35,"column":null}},"3":{"start":{"line":38,"column":24},"end":{"line":55,"column":null}},"4":{"start":{"line":39,"column":8},"end":{"line":39,"column":null}},"5":{"start":{"line":40,"column":30},"end":{"line":45,"column":null}},"6":{"start":{"line":47,"column":2},"end":{"line":54,"column":null}},"7":{"start":{"line":57,"column":39},"end":{"line":64,"column":null}},"8":{"start":{"line":57,"column":72},"end":{"line":64,"column":null}}},"fnMap":{"0":{"name":"(anonymous_0)","decl":{"start":{"line":20,"column":36},"end":{"line":20,"column":37}},"loc":{"start":{"line":20,"column":85},"end":{"line":36,"column":null}},"line":20},"1":{"name":"(anonymous_1)","decl":{"start":{"line":38,"column":24},"end":{"line":38,"column":25}},"loc":{"start":{"line":38,"column":71},"end":{"line":55,"column":null}},"line":38},"2":{"name":"(anonymous_2)","decl":{"start":{"line":57,"column":39},"end":{"line":57,"column":40}},"loc":{"start":{"line":57,"column":72},"end":{"line":64,"column":null}},"line":57}},"branchMap":{"0":{"loc":{"start":{"line":20,"column":37},"end":{"line":20,"column":85}},"type":"default-arg","locations":[{"start":{"line":20,"column":68},"end":{"line":20,"column":85}}],"line":20},"1":{"loc":{"start":{"line":57,"column":40},"end":{"line":57,"column":null}},"type":"default-arg","locations":[{"start":{"line":57,"column":71},"end":{"line":57,"column":null}}],"line":57}},"s":{"0":10,"1":7,"2":7,"3":10,"4":26,"5":26,"6":26,"7":10,"8":78},"f":{"0":7,"1":26,"2":78},"b":{"0":[7],"1":[78]},"meta":{"lastBranch":2,"lastFunction":3,"lastStatement":9,"seen":{"s:20:36:36:Infinity":0,"f:20:36:20:37":0,"b:20:68:20:85":0,"s:21:8:21:Infinity":1,"s:23:2:35:Infinity":2,"s:38:24:55:Infinity":3,"f:38:24:38:25":1,"s:39:8:39:Infinity":4,"s:40:30:45:Infinity":5,"s:47:2:54:Infinity":6,"s:57:39:64:Infinity":7,"f:57:39:57:40":2,"s:57:72:64:Infinity":8,"b:57:71:57:Infinity":1},"fnNames":{}}}
,"C:\\Users\\jay\\Desktop\\ClaudeWorks\\Glance-Bar\\src\\providers\\impl\\mock\\mockNotificationProvider.ts": {"path":"C:\\Users\\jay\\Desktop\\ClaudeWorks\\Glance-Bar\\src\\providers\\impl\\mock\\mockNotificationProvider.ts","statementMap":{"0":{"start":{"line":16,"column":43},"end":{"line":31,"column":null}},"1":{"start":{"line":17,"column":8},"end":{"line":17,"column":null}},"2":{"start":{"line":19,"column":2},"end":{"line":30,"column":null}},"3":{"start":{"line":33,"column":46},"end":{"line":38,"column":null}},"4":{"start":{"line":33,"column":79},"end":{"line":38,"column":null}},"5":{"start":{"line":37,"column":18},"end":{"line":37,"column":null}}},"fnMap":{"0":{"name":"(anonymous_0)","decl":{"start":{"line":16,"column":43},"end":{"line":16,"column":44}},"loc":{"start":{"line":16,"column":92},"end":{"line":31,"column":null}},"line":16},"1":{"name":"(anonymous_1)","decl":{"start":{"line":33,"column":46},"end":{"line":33,"column":47}},"loc":{"start":{"line":33,"column":79},"end":{"line":38,"column":null}},"line":33},"2":{"name":"(anonymous_2)","decl":{"start":{"line":37,"column":12},"end":{"line":37,"column":18}},"loc":{"start":{"line":37,"column":18},"end":{"line":37,"column":null}},"line":37}},"branchMap":{"0":{"loc":{"start":{"line":16,"column":44},"end":{"line":16,"column":92}},"type":"default-arg","locations":[{"start":{"line":16,"column":75},"end":{"line":16,"column":92}}],"line":16},"1":{"loc":{"start":{"line":33,"column":47},"end":{"line":33,"column":null}},"type":"default-arg","locations":[{"start":{"line":33,"column":78},"end":{"line":33,"column":null}}],"line":33}},"s":{"0":10,"1":18,"2":18,"3":10,"4":30,"5":15},"f":{"0":18,"1":30,"2":15},"b":{"0":[18],"1":[30]},"meta":{"lastBranch":2,"lastFunction":3,"lastStatement":6,"seen":{"s:16:43:31:Infinity":0,"f:16:43:16:44":0,"b:16:75:16:92":0,"s:17:8:17:Infinity":1,"s:19:2:30:Infinity":2,"s:33:46:38:Infinity":3,"f:33:46:33:47":1,"s:33:79:38:Infinity":4,"b:33:78:33:Infinity":1,"f:37:12:37:18":2,"s:37:18:37:Infinity":5},"fnNames":{}}}
,"C:\\Users\\jay\\Desktop\\ClaudeWorks\\Glance-Bar\\src\\providers\\impl\\mock\\shared.ts": {"path":"C:\\Users\\jay\\Desktop\\ClaudeWorks\\Glance-Bar\\src\\providers\\impl\\mock\\shared.ts","statementMap":{"0":{"start":{"line":12,"column":34},"end":{"line":12,"column":null}},"1":{"start":{"line":15,"column":37},"end":{"line":15,"column":null}},"2":{"start":{"line":18,"column":31},"end":{"line":18,"column":null}},"3":{"start":{"line":21,"column":45},"end":{"line":21,"column":null}},"4":{"start":{"line":24,"column":33},"end":{"line":24,"column":null}},"5":{"start":{"line":27,"column":36},"end":{"line":27,"column":null}},"6":{"start":{"line":30,"column":30},"end":{"line":30,"column":null}},"7":{"start":{"line":32,"column":26},"end":{"line":38,"column":null}},"8":{"start":{"line":33,"column":2},"end":{"line":35,"column":null}},"9":{"start":{"line":34,"column":4},"end":{"line":34,"column":null}},"10":{"start":{"line":37,"column":2},"end":{"line":37,"column":null}},"11":{"start":{"line":40,"column":29},"end":{"line":44,"column":null}},"12":{"start":{"line":44,"column":5},"end":{"line":44,"column":null}},"13":{"start":{"line":52,"column":34},"end":{"line":105,"column":null}},"14":{"start":{"line":57,"column":40},"end":{"line":57,"column":null}},"15":{"start":{"line":58,"column":20},"end":{"line":58,"column":null}},"16":{"start":{"line":60,"column":15},"end":{"line":73,"column":null}},"17":{"start":{"line":61,"column":4},"end":{"line":63,"column":null}},"18":{"start":{"line":62,"column":6},"end":{"line":62,"column":null}},"19":{"start":{"line":65,"column":23},"end":{"line":65,"column":null}},"20":{"start":{"line":66,"column":4},"end":{"line":72,"column":null}},"21":{"start":{"line":67,"column":6},"end":{"line":71,"column":null}},"22":{"start":{"line":68,"column":8},"end":{"line":68,"column":null}},"23":{"start":{"line":75,"column":2},"end":{"line":104,"column":null}},"24":{"start":{"line":81,"column":6},"end":{"line":83,"column":null}},"25":{"start":{"line":82,"column":8},"end":{"line":82,"column":null}},"26":{"start":{"line":85,"column":6},"end":{"line":85,"column":null}},"27":{"start":{"line":86,"column":6},"end":{"line":86,"column":null}},"28":{"start":{"line":89,"column":6},"end":{"line":89,"column":null}},"29":{"start":{"line":92,"column":6},"end":{"line":92,"column":null}},"30":{"start":{"line":94,"column":6},"end":{"line":96,"column":null}},"31":{"start":{"line":95,"column":8},"end":{"line":95,"column":null}},"32":{"start":{"line":99,"column":6},"end":{"line":102,"column":null}},"33":{"start":{"line":115,"column":37},"end":{"line":187,"column":null}},"34":{"start":{"line":122,"column":40},"end":{"line":122,"column":null}},"35":{"start":{"line":123,"column":13},"end":{"line":123,"column":null}},"36":{"start":{"line":125,"column":22},"end":{"line":125,"column":null}},"37":{"start":{"line":126,"column":20},"end":{"line":126,"column":null}},"38":{"start":{"line":128,"column":15},"end":{"line":143,"column":null}},"39":{"start":{"line":129,"column":4},"end":{"line":131,"column":null}},"40":{"start":{"line":130,"column":6},"end":{"line":130,"column":null}},"41":{"start":{"line":133,"column":22},"end":{"line":133,"column":null}},"42":{"start":{"line":134,"column":18},"end":{"line":134,"column":null}},"43":{"start":{"line":135,"column":23},"end":{"line":135,"column":null}},"44":{"start":{"line":136,"column":4},"end":{"line":142,"column":null}},"45":{"start":{"line":137,"column":6},"end":{"line":141,"column":null}},"46":{"start":{"line":138,"column":8},"end":{"line":138,"column":null}},"47":{"start":{"line":145,"column":2},"end":{"line":186,"column":null}},"48":{"start":{"line":151,"column":6},"end":{"line":153,"column":null}},"49":{"start":{"line":152,"column":8},"end":{"line":152,"column":null}},"50":{"start":{"line":155,"column":6},"end":{"line":155,"column":null}},"51":{"start":{"line":156,"column":6},"end":{"line":156,"column":null}},"52":{"start":{"line":157,"column":6},"end":{"line":157,"column":null}},"53":{"start":{"line":158,"column":6},"end":{"line":158,"column":null}},"54":{"start":{"line":160,"column":6},"end":{"line":164,"column":null}},"55":{"start":{"line":161,"column":8},"end":{"line":161,"column":null}},"56":{"start":{"line":162,"column":8},"end":{"line":162,"column":null}},"57":{"start":{"line":163,"column":8},"end":{"line":163,"column":null}},"58":{"start":{"line":167,"column":6},"end":{"line":167,"column":null}},"59":{"start":{"line":168,"column":6},"end":{"line":171,"column":null}},"60":{"start":{"line":169,"column":8},"end":{"line":169,"column":null}},"61":{"start":{"line":170,"column":8},"end":{"line":170,"column":null}},"62":{"start":{"line":174,"column":6},"end":{"line":174,"column":null}},"63":{"start":{"line":176,"column":6},"end":{"line":178,"column":null}},"64":{"start":{"line":177,"column":8},"end":{"line":177,"column":null}},"65":{"start":{"line":181,"column":6},"end":{"line":184,"column":null}},"66":{"start":{"line":189,"column":34},"end":{"line":199,"column":null}},"67":{"start":{"line":193,"column":27},"end":{"line":199,"column":null}},"68":{"start":{"line":201,"column":38},"end":{"line":210,"column":null}},"69":{"start":{"line":203,"column":30},"end":{"line":210,"column":null}}},"fnMap":{"0":{"name":"(anonymous_0)","decl":{"start":{"line":32,"column":26},"end":{"line":32,"column":27}},"loc":{"start":{"line":32,"column":65},"end":{"line":38,"column":null}},"line":32},"1":{"name":"(anonymous_1)","decl":{"start":{"line":40,"column":29},"end":{"line":40,"column":null}},"loc":{"start":{"line":44,"column":5},"end":{"line":44,"column":null}},"line":44},"2":{"name":"(anonymous_2)","decl":{"start":{"line":52,"column":34},"end":{"line":52,"column":35}},"loc":{"start":{"line":56,"column":39},"end":{"line":105,"column":null}},"line":56},"3":{"name":"(anonymous_3)","decl":{"start":{"line":60,"column":15},"end":{"line":60,"column":21}},"loc":{"start":{"line":60,"column":21},"end":{"line":73,"column":null}},"line":60},"4":{"name":"(anonymous_4)","decl":{"start":{"line":66,"column":22},"end":{"line":66,"column":23}},"loc":{"start":{"line":66,"column":36},"end":{"line":72,"column":5}},"line":66},"5":{"name":"start","decl":{"start":{"line":80,"column":4},"end":{"line":80,"column":12}},"loc":{"start":{"line":80,"column":12},"end":{"line":87,"column":null}},"line":80},"6":{"name":"stop","decl":{"start":{"line":88,"column":4},"end":{"line":88,"column":11}},"loc":{"start":{"line":88,"column":11},"end":{"line":90,"column":null}},"line":88},"7":{"name":"subscribe","decl":{"start":{"line":91,"column":4},"end":{"line":91,"column":14}},"loc":{"start":{"line":91,"column":24},"end":{"line":97,"column":null}},"line":91},"8":{"name":"(anonymous_8)","decl":{"start":{"line":94,"column":13},"end":{"line":94,"column":19}},"loc":{"start":{"line":94,"column":19},"end":{"line":96,"column":null}},"line":94},"9":{"name":"status","decl":{"start":{"line":98,"column":4},"end":{"line":98,"column":13}},"loc":{"start":{"line":98,"column":13},"end":{"line":103,"column":null}},"line":98},"10":{"name":"(anonymous_10)","decl":{"start":{"line":115,"column":37},"end":{"line":115,"column":38}},"loc":{"start":{"line":121,"column":42},"end":{"line":187,"column":null}},"line":121},"11":{"name":"(anonymous_11)","decl":{"start":{"line":128,"column":15},"end":{"line":128,"column":21}},"loc":{"start":{"line":128,"column":21},"end":{"line":143,"column":null}},"line":128},"12":{"name":"(anonymous_12)","decl":{"start":{"line":136,"column":22},"end":{"line":136,"column":23}},"loc":{"start":{"line":136,"column":36},"end":{"line":142,"column":5}},"line":136},"13":{"name":"start_2","decl":{"start":{"line":150,"column":4},"end":{"line":150,"column":12}},"loc":{"start":{"line":150,"column":12},"end":{"line":165,"column":null}},"line":150},"14":{"name":"(anonymous_14)","decl":{"start":{"line":160,"column":31},"end":{"line":160,"column":37}},"loc":{"start":{"line":160,"column":37},"end":{"line":164,"column":9}},"line":160},"15":{"name":"stop_2","decl":{"start":{"line":166,"column":4},"end":{"line":166,"column":11}},"loc":{"start":{"line":166,"column":11},"end":{"line":172,"column":null}},"line":166},"16":{"name":"subscribe_2","decl":{"start":{"line":173,"column":4},"end":{"line":173,"column":14}},"loc":{"start":{"line":173,"column":24},"end":{"line":179,"column":null}},"line":173},"17":{"name":"(anonymous_17)","decl":{"start":{"line":176,"column":13},"end":{"line":176,"column":19}},"loc":{"start":{"line":176,"column":19},"end":{"line":178,"column":null}},"line":176},"18":{"name":"status_2","decl":{"start":{"line":180,"column":4},"end":{"line":180,"column":13}},"loc":{"start":{"line":180,"column":13},"end":{"line":185,"column":null}},"line":180},"19":{"name":"(anonymous_19)","decl":{"start":{"line":189,"column":34},"end":{"line":189,"column":null}},"loc":{"start":{"line":193,"column":27},"end":{"line":199,"column":null}},"line":193},"20":{"name":"(anonymous_20)","decl":{"start":{"line":201,"column":38},"end":{"line":201,"column":null}},"loc":{"start":{"line":203,"column":30},"end":{"line":210,"column":null}},"line":203}},"branchMap":{"0":{"loc":{"start":{"line":32,"column":27},"end":{"line":32,"column":65}},"type":"default-arg","locations":[{"start":{"line":32,"column":58},"end":{"line":32,"column":65}}],"line":32},"1":{"loc":{"start":{"line":33,"column":2},"end":{"line":35,"column":null}},"type":"if","locations":[{"start":{"line":33,"column":2},"end":{"line":35,"column":null}},{"start":{},"end":{}}],"line":33},"2":{"loc":{"start":{"line":37,"column":9},"end":{"line":37,"column":null}},"type":"binary-expr","locations":[{"start":{"line":37,"column":9},"end":{"line":37,"column":24}},{"start":{"line":37,"column":24},"end":{"line":37,"column":null}}],"line":37},"3":{"loc":{"start":{"line":61,"column":4},"end":{"line":63,"column":null}},"type":"if","locations":[{"start":{"line":61,"column":4},"end":{"line":63,"column":null}},{"start":{},"end":{}}],"line":61},"4":{"loc":{"start":{"line":81,"column":6},"end":{"line":83,"column":null}},"type":"if","locations":[{"start":{"line":81,"column":6},"end":{"line":83,"column":null}},{"start":{},"end":{}}],"line":81},"5":{"loc":{"start":{"line":129,"column":4},"end":{"line":131,"column":null}},"type":"if","locations":[{"start":{"line":129,"column":4},"end":{"line":131,"column":null}},{"start":{},"end":{}}],"line":129},"6":{"loc":{"start":{"line":151,"column":6},"end":{"line":153,"column":null}},"type":"if","locations":[{"start":{"line":151,"column":6},"end":{"line":153,"column":null}},{"start":{},"end":{}}],"line":151},"7":{"loc":{"start":{"line":168,"column":6},"end":{"line":171,"column":null}},"type":"if","locations":[{"start":{"line":168,"column":6},"end":{"line":171,"column":null}},{"start":{},"end":{}}],"line":168},"8":{"loc":{"start":{"line":192,"column":2},"end":{"line":192,"column":null}},"type":"default-arg","locations":[{"start":{"line":192,"column":7},"end":{"line":192,"column":null}}],"line":192}},"s":{"0":10,"1":10,"2":10,"3":10,"4":10,"5":10,"6":10,"7":10,"8":194,"9":0,"10":194,"11":10,"12":7,"13":10,"14":30,"15":30,"16":30,"17":15,"18":0,"19":15,"20":15,"21":7,"22":7,"23":30,"24":17,"25":2,"26":15,"27":15,"28":6,"29":8,"30":8,"31":4,"32":61,"33":10,"34":157,"35":157,"36":157,"37":157,"38":157,"39":56,"40":0,"41":56,"42":56,"43":56,"44":56,"45":30,"46":30,"47":157,"48":63,"49":7,"50":56,"51":56,"52":56,"53":56,"54":56,"55":0,"56":0,"57":0,"58":23,"59":23,"60":19,"61":19,"62":35,"63":35,"64":22,"65":285,"66":10,"67":187,"68":10,"69":187},"f":{"0":194,"1":7,"2":30,"3":15,"4":7,"5":17,"6":6,"7":8,"8":4,"9":61,"10":157,"11":56,"12":30,"13":63,"14":0,"15":23,"16":35,"17":22,"18":285,"19":187,"20":187},"b":{"0":[194],"1":[0,194],"2":[194,110],"3":[0,15],"4":[2,15],"5":[0,56],"6":[7,56],"7":[19,4],"8":[187]},"meta":{"lastBranch":9,"lastFunction":21,"lastStatement":70,"seen":{"s:12:34:12:Infinity":0,"s:15:37:15:Infinity":1,"s:18:31:18:Infinity":2,"s:21:45:21:Infinity":3,"s:24:33:24:Infinity":4,"s:27:36:27:Infinity":5,"s:30:30:30:Infinity":6,"s:32:26:38:Infinity":7,"f:32:26:32:27":0,"b:32:58:32:65":0,"b:33:2:35:Infinity:undefined:undefined:undefined:undefined":1,"s:33:2:35:Infinity":8,"s:34:4:34:Infinity":9,"s:37:2:37:Infinity":10,"b:37:9:37:24:37:24:37:Infinity":2,"s:40:29:44:Infinity":11,"f:40:29:40:Infinity":1,"s:44:5:44:Infinity":12,"s:52:34:105:Infinity":13,"f:52:34:52:35":2,"s:57:40:57:Infinity":14,"s:58:20:58:Infinity":15,"s:60:15:73:Infinity":16,"f:60:15:60:21":3,"b:61:4:63:Infinity:undefined:undefined:undefined:undefined":3,"s:61:4:63:Infinity":17,"s:62:6:62:Infinity":18,"s:65:23:65:Infinity":19,"s:66:4:72:Infinity":20,"f:66:22:66:23":4,"s:67:6:71:Infinity":21,"s:68:8:68:Infinity":22,"s:75:2:104:Infinity":23,"f:80:4:80:12":5,"b:81:6:83:Infinity:undefined:undefined:undefined:undefined":4,"s:81:6:83:Infinity":24,"s:82:8:82:Infinity":25,"s:85:6:85:Infinity":26,"s:86:6:86:Infinity":27,"f:88:4:88:11":6,"s:89:6:89:Infinity":28,"f:91:4:91:14":7,"s:92:6:92:Infinity":29,"s:94:6:96:Infinity":30,"f:94:13:94:19":8,"s:95:8:95:Infinity":31,"f:98:4:98:13":9,"s:99:6:102:Infinity":32,"s:115:37:187:Infinity":33,"f:115:37:115:38":10,"s:122:40:122:Infinity":34,"s:123:13:123:Infinity":35,"s:125:22:125:Infinity":36,"s:126:20:126:Infinity":37,"s:128:15:143:Infinity":38,"f:128:15:128:21":11,"b:129:4:131:Infinity:undefined:undefined:undefined:undefined":5,"s:129:4:131:Infinity":39,"s:130:6:130:Infinity":40,"s:133:22:133:Infinity":41,"s:134:18:134:Infinity":42,"s:135:23:135:Infinity":43,"s:136:4:142:Infinity":44,"f:136:22:136:23":12,"s:137:6:141:Infinity":45,"s:138:8:138:Infinity":46,"s:145:2:186:Infinity":47,"f:150:4:150:12":13,"b:151:6:153:Infinity:undefined:undefined:undefined:undefined":6,"s:151:6:153:Infinity":48,"s:152:8:152:Infinity":49,"s:155:6:155:Infinity":50,"s:156:6:156:Infinity":51,"s:157:6:157:Infinity":52,"s:158:6:158:Infinity":53,"s:160:6:164:Infinity":54,"f:160:31:160:37":14,"s:161:8:161:Infinity":55,"s:162:8:162:Infinity":56,"s:163:8:163:Infinity":57,"f:166:4:166:11":15,"s:167:6:167:Infinity":58,"b:168:6:171:Infinity:undefined:undefined:undefined:undefined":7,"s:168:6:171:Infinity":59,"s:169:8:169:Infinity":60,"s:170:8:170:Infinity":61,"f:173:4:173:14":16,"s:174:6:174:Infinity":62,"s:176:6:178:Infinity":63,"f:176:13:176:19":17,"s:177:8:177:Infinity":64,"f:180:4:180:13":18,"s:181:6:184:Infinity":65,"s:189:34:199:Infinity":66,"f:189:34:189:Infinity":19,"s:193:27:199:Infinity":67,"b:192:7:192:Infinity":8,"s:201:38:210:Infinity":68,"f:201:38:201:Infinity":20,"s:203:30:210:Infinity":69},"fnNames":{}}}
,"C:\\Users\\jay\\Desktop\\ClaudeWorks\\Glance-Bar\\src\\providers\\impl\\real\\index.ts": {"path":"C:\\Users\\jay\\Desktop\\ClaudeWorks\\Glance-Bar\\src\\providers\\impl\\real\\index.ts","statementMap":{},"fnMap":{},"branchMap":{},"s":{},"f":{},"b":{},"meta":{"lastBranch":0,"lastFunction":0,"lastStatement":0,"seen":{},"fnNames":{}}}
,"C:\\Users\\jay\\Desktop\\ClaudeWorks\\Glance-Bar\\src\\providers\\impl\\real\\realClipboardProvider.ts": {"path":"C:\\Users\\jay\\Desktop\\ClaudeWorks\\Glance-Bar\\src\\providers\\impl\\real\\realClipboardProvider.ts","statementMap":{"0":{"start":{"line":8,"column":20},"end":{"line":8,"column":null}},"1":{"start":{"line":9,"column":36},"end":{"line":9,"column":null}},"2":{"start":{"line":12,"column":20},"end":{"line":12,"column":null}},"3":{"start":{"line":14,"column":2},"end":{"line":25,"column":null}},"4":{"start":{"line":35,"column":40},"end":{"line":41,"column":null}},"5":{"start":{"line":43,"column":48},"end":{"line":45,"column":null}},"6":{"start":{"line":47,"column":2},"end":{"line":72,"column":null}},"7":{"start":{"line":52,"column":6},"end":{"line":65,"column":null}},"8":{"start":{"line":54,"column":8},"end":{"line":56,"column":null}},"9":{"start":{"line":55,"column":10},"end":{"line":55,"column":null}},"10":{"start":{"line":57,"column":8},"end":{"line":57,"column":null}},"11":{"start":{"line":58,"column":8},"end":{"line":58,"column":null}},"12":{"start":{"line":61,"column":10},"end":{"line":61,"column":null}},"13":{"start":{"line":64,"column":10},"end":{"line":64,"column":null}},"14":{"start":{"line":69,"column":6},"end":{"line":69,"column":null}},"15":{"start":{"line":70,"column":6},"end":{"line":70,"column":null}}},"fnMap":{"0":{"name":"clipboardPayloadToEvent","decl":{"start":{"line":11,"column":9},"end":{"line":11,"column":33}},"loc":{"start":{"line":11,"column":77},"end":{"line":26,"column":null}},"line":11},"1":{"name":"createRealClipboardProvider","decl":{"start":{"line":28,"column":16},"end":{"line":28,"column":59}},"loc":{"start":{"line":28,"column":59},"end":{"line":73,"column":null}},"line":28},"2":{"name":"start","decl":{"start":{"line":51,"column":4},"end":{"line":51,"column":10}},"loc":{"start":{"line":51,"column":18},"end":{"line":66,"column":null}},"line":51},"3":{"name":"(anonymous_3)","decl":{"start":{"line":52,"column":25},"end":{"line":52,"column":26}},"loc":{"start":{"line":52,"column":38},"end":{"line":59,"column":7}},"line":52},"4":{"name":"(anonymous_4)","decl":{"start":{"line":60,"column":14},"end":{"line":60,"column":15}},"loc":{"start":{"line":60,"column":30},"end":{"line":62,"column":9}},"line":60},"5":{"name":"(anonymous_5)","decl":{"start":{"line":63,"column":15},"end":{"line":63,"column":21}},"loc":{"start":{"line":63,"column":21},"end":{"line":65,"column":9}},"line":63},"6":{"name":"stop","decl":{"start":{"line":68,"column":4},"end":{"line":68,"column":11}},"loc":{"start":{"line":68,"column":11},"end":{"line":71,"column":null}},"line":68}},"branchMap":{"0":{"loc":{"start":{"line":12,"column":20},"end":{"line":12,"column":null}},"type":"binary-expr","locations":[{"start":{"line":12,"column":20},"end":{"line":12,"column":40}},{"start":{"line":12,"column":40},"end":{"line":12,"column":null}}],"line":12},"1":{"loc":{"start":{"line":54,"column":8},"end":{"line":56,"column":null}},"type":"if","locations":[{"start":{"line":54,"column":8},"end":{"line":56,"column":null}},{"start":{},"end":{}}],"line":54}},"s":{"0":8,"1":8,"2":13,"3":13,"4":35,"5":35,"6":35,"7":24,"8":16,"9":3,"10":13,"11":13,"12":16,"13":7,"14":12,"15":12},"f":{"0":13,"1":35,"2":24,"3":16,"4":16,"5":7,"6":12},"b":{"0":[13,1],"1":[3,13]},"meta":{"lastBranch":2,"lastFunction":7,"lastStatement":16,"seen":{"s:8:20:8:Infinity":0,"s:9:36:9:Infinity":1,"f:11:9:11:33":0,"s:12:20:12:Infinity":2,"b:12:20:12:40:12:40:12:Infinity":0,"s:14:2:25:Infinity":3,"f:28:16:28:59":1,"s:35:40:41:Infinity":4,"s:43:48:45:Infinity":5,"s:47:2:72:Infinity":6,"f:51:4:51:10":2,"s:52:6:65:Infinity":7,"f:52:25:52:26":3,"b:54:8:56:Infinity:undefined:undefined:undefined:undefined":1,"s:54:8:56:Infinity":8,"s:55:10:55:Infinity":9,"s:57:8:57:Infinity":10,"s:58:8:58:Infinity":11,"f:60:14:60:15":4,"s:61:10:61:Infinity":12,"f:63:15:63:21":5,"s:64:10:64:Infinity":13,"f:68:4:68:11":6,"s:69:6:69:Infinity":14,"s:70:6:70:Infinity":15},"fnNames":{}}}
,"C:\\Users\\jay\\Desktop\\ClaudeWorks\\Glance-Bar\\src\\providers\\impl\\real\\realDockerProvider.ts": {"path":"C:\\Users\\jay\\Desktop\\ClaudeWorks\\Glance-Bar\\src\\providers\\impl\\real\\realDockerProvider.ts","statementMap":{"0":{"start":{"line":7,"column":20},"end":{"line":7,"column":null}},"1":{"start":{"line":8,"column":25},"end":{"line":8,"column":null}},"2":{"start":{"line":35,"column":20},"end":{"line":35,"column":null}},"3":{"start":{"line":38,"column":16},"end":{"line":38,"column":null}},"4":{"start":{"line":39,"column":18},"end":{"line":39,"column":null}},"5":{"start":{"line":40,"column":19},"end":{"line":42,"column":null}},"6":{"start":{"line":44,"column":2},"end":{"line":63,"column":null}},"7":{"start":{"line":74,"column":14},"end":{"line":74,"column":null}},"8":{"start":{"line":75,"column":2},"end":{"line":85,"column":null}},"9":{"start":{"line":93,"column":40},"end":{"line":99,"column":null}},"10":{"start":{"line":101,"column":48},"end":{"line":103,"column":null}},"11":{"start":{"line":105,"column":2},"end":{"line":145,"column":null}},"12":{"start":{"line":110,"column":22},"end":{"line":110,"column":null}},"13":{"start":{"line":110,"column":60},"end":{"line":110,"column":69}},"14":{"start":{"line":111,"column":6},"end":{"line":117,"column":null}},"15":{"start":{"line":112,"column":8},"end":{"line":112,"column":null}},"16":{"start":{"line":113,"column":8},"end":{"line":113,"column":null}},"17":{"start":{"line":114,"column":8},"end":{"line":114,"column":null}},"18":{"start":{"line":116,"column":8},"end":{"line":116,"column":null}},"19":{"start":{"line":119,"column":6},"end":{"line":136,"column":null}},"20":{"start":{"line":120,"column":21},"end":{"line":120,"column":null}},"21":{"start":{"line":120,"column":59},"end":{"line":120,"column":68}},"22":{"start":{"line":121,"column":8},"end":{"line":124,"column":null}},"23":{"start":{"line":122,"column":10},"end":{"line":122,"column":null}},"24":{"start":{"line":123,"column":10},"end":{"line":123,"column":null}},"25":{"start":{"line":127,"column":8},"end":{"line":132,"column":null}},"26":{"start":{"line":131,"column":10},"end":{"line":131,"column":null}},"27":{"start":{"line":133,"column":8},"end":{"line":133,"column":null}},"28":{"start":{"line":134,"column":8},"end":{"line":134,"column":null}},"29":{"start":{"line":135,"column":8},"end":{"line":135,"column":null}},"30":{"start":{"line":140,"column":6},"end":{"line":143,"column":null}},"31":{"start":{"line":141,"column":8},"end":{"line":141,"column":null}},"32":{"start":{"line":142,"column":8},"end":{"line":142,"column":null}},"33":{"start":{"line":148,"column":44},"end":{"line":148,"column":null}}},"fnMap":{"0":{"name":"dockerStatusToEvent","decl":{"start":{"line":34,"column":9},"end":{"line":34,"column":29}},"loc":{"start":{"line":34,"column":61},"end":{"line":64,"column":null}},"line":34},"1":{"name":"checkDockerStatus","decl":{"start":{"line":73,"column":15},"end":{"line":73,"column":58}},"loc":{"start":{"line":73,"column":58},"end":{"line":86,"column":null}},"line":73},"2":{"name":"createRealDockerProvider","decl":{"start":{"line":88,"column":16},"end":{"line":88,"column":56}},"loc":{"start":{"line":88,"column":56},"end":{"line":146,"column":null}},"line":88},"3":{"name":"start","decl":{"start":{"line":109,"column":10},"end":{"line":109,"column":16}},"loc":{"start":{"line":109,"column":24},"end":{"line":137,"column":null}},"line":109},"4":{"name":"(anonymous_4)","decl":{"start":{"line":110,"column":54},"end":{"line":110,"column":60}},"loc":{"start":{"line":110,"column":60},"end":{"line":110,"column":69}},"line":110},"5":{"name":"(anonymous_5)","decl":{"start":{"line":119,"column":30},"end":{"line":119,"column":42}},"loc":{"start":{"line":119,"column":42},"end":{"line":136,"column":9}},"line":119},"6":{"name":"(anonymous_6)","decl":{"start":{"line":120,"column":53},"end":{"line":120,"column":59}},"loc":{"start":{"line":120,"column":59},"end":{"line":120,"column":68}},"line":120},"7":{"name":"stop","decl":{"start":{"line":139,"column":4},"end":{"line":139,"column":11}},"loc":{"start":{"line":139,"column":11},"end":{"line":144,"column":null}},"line":139}},"branchMap":{"0":{"loc":{"start":{"line":40,"column":19},"end":{"line":42,"column":null}},"type":"cond-expr","locations":[{"start":{"line":41,"column":6},"end":{"line":41,"column":null}},{"start":{"line":42,"column":7},"end":{"line":42,"column":null}}],"line":40},"1":{"loc":{"start":{"line":42,"column":7},"end":{"line":42,"column":null}},"type":"binary-expr","locations":[{"start":{"line":42,"column":7},"end":{"line":42,"column":28}},{"start":{"line":42,"column":28},"end":{"line":42,"column":null}}],"line":42},"2":{"loc":{"start":{"line":53,"column":13},"end":{"line":53,"column":null}},"type":"cond-expr","locations":[{"start":{"line":53,"column":32},"end":{"line":53,"column":43}},{"start":{"line":53,"column":43},"end":{"line":53,"column":null}}],"line":53},"3":{"loc":{"start":{"line":56,"column":16},"end":{"line":56,"column":null}},"type":"cond-expr","locations":[{"start":{"line":56,"column":28},"end":{"line":56,"column":66}},{"start":{"line":56,"column":66},"end":{"line":56,"column":null}}],"line":56},"4":{"loc":{"start":{"line":111,"column":6},"end":{"line":117,"column":null}},"type":"if","locations":[{"start":{"line":111,"column":6},"end":{"line":117,"column":null}},{"start":{"line":115,"column":13},"end":{"line":117,"column":null}}],"line":111},"5":{"loc":{"start":{"line":121,"column":8},"end":{"line":124,"column":null}},"type":"if","locations":[{"start":{"line":121,"column":8},"end":{"line":124,"column":null}},{"start":{},"end":{}}],"line":121},"6":{"loc":{"start":{"line":127,"column":8},"end":{"line":132,"column":null}},"type":"if","locations":[{"start":{"line":127,"column":8},"end":{"line":132,"column":null}},{"start":{},"end":{}}],"line":127},"7":{"loc":{"start":{"line":128,"column":10},"end":{"line":129,"column":null}},"type":"binary-expr","locations":[{"start":{"line":128,"column":10},"end":{"line":128,"column":null}},{"start":{"line":129,"column":10},"end":{"line":129,"column":null}}],"line":128},"8":{"loc":{"start":{"line":140,"column":6},"end":{"line":143,"column":null}},"type":"if","locations":[{"start":{"line":140,"column":6},"end":{"line":143,"column":null}},{"start":{},"end":{}}],"line":140}},"s":{"0":8,"1":8,"2":20,"3":20,"4":20,"5":20,"6":20,"7":24,"8":24,"9":31,"10":31,"11":31,"12":20,"13":0,"14":20,"15":20,"16":20,"17":20,"18":0,"19":20,"20":4,"21":0,"22":4,"23":0,"24":0,"25":4,"26":4,"27":0,"28":0,"29":0,"30":18,"31":13,"32":13,"33":8},"f":{"0":20,"1":24,"2":31,"3":20,"4":0,"5":4,"6":0,"7":18},"b":{"0":[20,0],"1":[0,0],"2":[20,0],"3":[20,0],"4":[20,0],"5":[0,4],"6":[4,0],"7":[4,4],"8":[13,5]},"meta":{"lastBranch":9,"lastFunction":8,"lastStatement":34,"seen":{"s:7:20:7:Infinity":0,"s:8:25:8:Infinity":1,"f:34:9:34:29":0,"s:35:20:35:Infinity":2,"s:38:16:38:Infinity":3,"s:39:18:39:Infinity":4,"s:40:19:42:Infinity":5,"b:41:6:41:Infinity:42:7:42:Infinity":0,"b:42:7:42:28:42:28:42:Infinity":1,"s:44:2:63:Infinity":6,"b:53:32:53:43:53:43:53:Infinity":2,"b:56:28:56:66:56:66:56:Infinity":3,"f:73:15:73:58":1,"s:74:14:74:Infinity":7,"s:75:2:85:Infinity":8,"f:88:16:88:56":2,"s:93:40:99:Infinity":9,"s:101:48:103:Infinity":10,"s:105:2:145:Infinity":11,"f:109:10:109:16":3,"s:110:22:110:Infinity":12,"f:110:54:110:60":4,"s:110:60:110:69":13,"b:111:6:117:Infinity:115:13:117:Infinity":4,"s:111:6:117:Infinity":14,"s:112:8:112:Infinity":15,"s:113:8:113:Infinity":16,"s:114:8:114:Infinity":17,"s:116:8:116:Infinity":18,"s:119:6:136:Infinity":19,"f:119:30:119:42":5,"s:120:21:120:Infinity":20,"f:120:53:120:59":6,"s:120:59:120:68":21,"b:121:8:124:Infinity:undefined:undefined:undefined:undefined":5,"s:121:8:124:Infinity":22,"s:122:10:122:Infinity":23,"s:123:10:123:Infinity":24,"b:127:8:132:Infinity:undefined:undefined:undefined:undefined":6,"s:127:8:132:Infinity":25,"b:128:10:128:Infinity:129:10:129:Infinity":7,"s:131:10:131:Infinity":26,"s:133:8:133:Infinity":27,"s:134:8:134:Infinity":28,"s:135:8:135:Infinity":29,"f:139:4:139:11":7,"b:140:6:143:Infinity:undefined:undefined:undefined:undefined":8,"s:140:6:143:Infinity":30,"s:141:8:141:Infinity":31,"s:142:8:142:Infinity":32,"s:148:44:148:Infinity":33},"fnNames":{}}}
[...]
olumn":null}},"44":{"start":{"line":132,"column":2},"end":{"line":156,"column":null}},"45":{"start":{"line":169,"column":15},"end":{"line":169,"column":null}},"46":{"start":{"line":170,"column":22},"end":{"line":170,"column":null}},"47":{"start":{"line":173,"column":4},"end":{"line":173,"column":null}},"48":{"start":{"line":177,"column":4},"end":{"line":181,"column":null}},"49":{"start":{"line":178,"column":6},"end":{"line":178,"column":null}},"50":{"start":{"line":185,"column":18},"end":{"line":185,"column":null}},"51":{"start":{"line":186,"column":4},"end":{"line":186,"column":null}},"52":{"start":{"line":186,"column":40},"end":{"line":186,"column":66}},"53":{"start":{"line":189,"column":2},"end":{"line":212,"column":null}},"54":{"start":{"line":192,"column":6},"end":{"line":192,"column":null}},"55":{"start":{"line":192,"column":68},"end":{"line":192,"column":88}},"56":{"start":{"line":193,"column":6},"end":{"line":193,"column":null}},"57":{"start":{"line":196,"column":6},"end":{"line":196,"column":null}},"58":{"start":{"line":197,"column":6},"end":{"line":197,"column":null}},"59":{"start":{"line":200,"column":6},"end":{"line":200,"column":null}},"60":{"start":{"line":201,"column":6},"end":{"line":201,"column":null}},"61":{"start":{"line":204,"column":6},"end":{"line":204,"column":null}},"62":{"start":{"line":205,"column":6},"end":{"line":205,"column":null}},"63":{"start":{"line":208,"column":6},"end":{"line":208,"column":null}},"64":{"start":{"line":209,"column":6},"end":{"line":209,"column":null}},"65":{"start":{"line":210,"column":6},"end":{"line":210,"column":null}},"66":{"start":{"line":210,"column":19},"end":{"line":210,"column":null}}},"fnMap":{"0":{"name":"getActiveHubEvents","decl":{"start":{"line":22,"column":16},"end":{"line":22,"column":35}},"loc":{"start":{"line":22,"column":73},"end":{"line":31,"column":null}},"line":22},"1":{"name":"(anonymous_1)","decl":{"start":{"line":25,"column":6},"end":{"line":25,"column":7}},"loc":{"start":{"line":25,"column":7},"end":{"line":28,"column":null}},"line":25},"2":{"name":"(anonymous_2)","decl":{"start":{"line":30,"column":10},"end":{"line":30,"column":11}},"loc":{"start":{"line":30,"column":20},"end":{"line":30,"column":45}},"line":30},"3":{"name":"resolveHubMode","decl":{"start":{"line":33,"column":16},"end":{"line":33,"column":31}},"loc":{"start":{"line":33,"column":78},"end":{"line":78,"column":null}},"line":33},"4":{"name":"(anonymous_4)","decl":{"start":{"line":40,"column":24},"end":{"line":40,"column":25}},"loc":{"start":{"line":40,"column":35},"end":{"line":40,"column":64}},"line":40},"5":{"name":"(anonymous_5)","decl":{"start":{"line":46,"column":4},"end":{"line":46,"column":5}},"loc":{"start":{"line":47,"column":6},"end":{"line":50,"column":null}},"line":47},"6":{"name":"eventToTask","decl":{"start":{"line":80,"column":9},"end":{"line":80,"column":21}},"loc":{"start":{"line":80,"column":47},"end":{"line":99,"column":null}},"line":80},"7":{"name":"createHubStoreState","decl":{"start":{"line":101,"column":16},"end":{"line":101,"column":36}},"loc":{"start":{"line":101,"column":89},"end":{"line":157,"column":null}},"line":101},"8":{"name":"(anonymous_8)","decl":{"start":{"line":104,"column":36},"end":{"line":104,"column":37}},"loc":{"start":{"line":104,"column":47},"end":{"line":104,"column":76}},"line":104},"9":{"name":"createHubEventBus","decl":{"start":{"line":168,"column":16},"end":{"line":168,"column":34}},"loc":{"start":{"line":168,"column":79},"end":{"line":213,"column":null}},"line":168},"10":{"name":"snapshot","decl":{"start":{"line":172,"column":11},"end":{"line":172,"column":20}},"loc":{"start":{"line":172,"column":38},"end":{"line":174,"column":null}},"line":172},"11":{"name":"deliver","decl":{"start":{"line":176,"column":11},"end":{"line":176,"column":19}},"loc":{"start":{"line":176,"column":85},"end":{"line":182,"column":null}},"line":176},"12":{"name":"notify","decl":{"start":{"line":184,"column":11},"end":{"line":184,"column":20}},"loc":{"start":{"line":184,"column":20},"end":{"line":187,"column":null}},"line":184},"13":{"name":"(anonymous_13)","decl":{"start":{"line":186,"column":24},"end":{"line":186,"column":25}},"loc":{"start":{"line":186,"column":40},"end":{"line":186,"column":66}},"line":186},"14":{"name":"publishHubEvent","decl":{"start":{"line":191,"column":4},"end":{"line":191,"column":20}},"loc":{"start":{"line":191,"column":37},"end":{"line":194,"column":null}},"line":191},"15":{"name":"(anonymous_15)","decl":{"start":{"line":192,"column":58},"end":{"line":192,"column":59}},"loc":{"start":{"line":192,"column":68},"end":{"line":192,"column":88}},"line":192},"16":{"name":"replaceHubEvents","decl":{"start":{"line":195,"column":4},"end":{"line":195,"column":21}},"loc":{"start":{"line":195,"column":45},"end":{"line":198,"column":null}},"line":195},"17":{"name":"clearHubEvents","decl":{"start":{"line":199,"column":4},"end":{"line":199,"column":21}},"loc":{"start":{"line":199,"column":21},"end":{"line":202,"column":null}},"line":199},"18":{"name":"clearExpiredEvents","decl":{"start":{"line":203,"column":4},"end":{"line":203,"column":23}},"loc":{"start":{"line":203,"column":41},"end":{"line":206,"column":null}},"line":203},"19":{"name":"subscribe","decl":{"start":{"line":207,"column":4},"end":{"line":207,"column":14}},"loc":{"start":{"line":207,"column":58},"end":{"line":211,"column":null}},"line":207},"20":{"name":"(anonymous_20)","decl":{"start":{"line":210,"column":13},"end":{"line":210,"column":19}},"loc":{"start":{"line":210,"column":19},"end":{"line":210,"column":null}},"line":210}},"branchMap":{"0":{"loc":{"start":{"line":22,"column":55},"end":{"line":22,"column":73}},"type":"default-arg","locations":[{"start":{"line":22,"column":61},"end":{"line":22,"column":73}}],"line":22},"1":{"loc":{"start":{"line":25,"column":7},"end":{"line":28,"column":null}},"type":"binary-expr","locations":[{"start":{"line":25,"column":7},"end":{"line":26,"column":null}},{"start":{"line":27,"column":9},"end":{"line":27,"column":null}},{"start":{"line":27,"column":29},"end":{"line":28,"column":46}},{"start":{"line":28,"column":46},"end":{"line":28,"column":null}}],"line":25},"2":{"loc":{"start":{"line":33,"column":51},"end":{"line":33,"column":78}},"type":"default-arg","locations":[{"start":{"line":33,"column":57},"end":{"line":33,"column":78}}],"line":33},"3":{"loc":{"start":{"line":36,"column":2},"end":{"line":38,"column":null}},"type":"if","locations":[{"start":{"line":36,"column":2},"end":{"line":38,"column":null}},{"start":{},"end":{}}],"line":36},"4":{"loc":{"start":{"line":40,"column":2},"end":{"line":42,"column":null}},"type":"if","locations":[{"start":{"line":40,"column":2},"end":{"line":42,"column":null}},{"start":{},"end":{}}],"line":40},"5":{"loc":{"start":{"line":47,"column":6},"end":{"line":50,"column":null}},"type":"binary-expr","locations":[{"start":{"line":47,"column":6},"end":{"line":47,"column":null}},{"start":{"line":48,"column":6},"end":{"line":48,"column":null}},{"start":{"line":49,"column":6},"end":{"line":49,"column":null}},{"start":{"line":50,"column":6},"end":{"line":50,"column":null}}],"line":47},"6":{"loc":{"start":{"line":53,"column":2},"end":{"line":55,"column":null}},"type":"if","locations":[{"start":{"line":53,"column":2},"end":{"line":55,"column":null}},{"start":{},"end":{}}],"line":53},"7":{"loc":{"start":{"line":59,"column":2},"end":{"line":61,"column":null}},"type":"if","locations":[{"start":{"line":59,"column":2},"end":{"line":61,"column":null}},{"start":{},"end":{}}],"line":59},"8":{"loc":{"start":{"line":63,"column":2},"end":{"line":65,"column":null}},"type":"if","locations":[{"start":{"line":63,"column":2},"end":{"line":65,"column":null}},{"start":{},"end":{}}],"line":63},"9":{"loc":{"start":{"line":68,"column":2},"end":{"line":70,"column":null}},"type":"if","locations":[{"start":{"line":68,"column":2},"end":{"line":70,"column":null}},{"start":{},"end":{}}],"line":68},"10":{"loc":{"start":{"line":73,"column":2},"end":{"line":75,"column":null}},"type":"if","locations":[{"start":{"line":73,"column":2},"end":{"line":75,"column":null}},{"start":{},"end":{}}],"line":73},"11":{"loc":{"start":{"line":73,"column":6},"end":{"line":73,"column":87}},"type":"binary-expr","locations":[{"start":{"line":73,"column":6},"end":{"line":73,"column":36}},{"start":{"line":73,"column":36},"end":{"line":73,"column":62}},{"start":{"line":73,"column":62},"end":{"line":73,"column":87}}],"line":73},"12":{"loc":{"start":{"line":81,"column":18},"end":{"line":81,"column":null}},"type":"cond-expr","locations":[{"start":{"line":81,"column":62},"end":{"line":81,"column":78}},{"start":{"line":81,"column":78},"end":{"line":81,"column":null}}],"line":81},"13":{"loc":{"start":{"line":81,"column":18},"end":{"line":81,"column":62}},"type":"binary-expr","locations":[{"start":{"line":81,"column":18},"end":{"line":81,"column":35}},{"start":{"line":81,"column":35},"end":{"line":81,"column":62}}],"line":81},"14":{"loc":{"start":{"line":82,"column":32},"end":{"line":82,"column":null}},"type":"binary-expr","locations":[{"start":{"line":82,"column":32},"end":{"line":82,"column":55}},{"start":{"line":82,"column":55},"end":{"line":82,"column":null}}],"line":82},"15":{"loc":{"start":{"line":84,"column":4},"end":{"line":84,"column":null}},"type":"cond-expr","locations":[{"start":{"line":84,"column":40},"end":{"line":84,"column":84}},{"start":{"line":84,"column":84},"end":{"line":84,"column":null}}],"line":84},"16":{"loc":{"start":{"line":84,"column":4},"end":{"line":84,"column":40}},"type":"binary-expr","locations":[{"start":{"line":84,"column":4},"end":{"line":84,"column":15}},{"start":{"line":84,"column":15},"end":{"line":84,"column":40}}],"line":84},"17":{"loc":{"start":{"line":89,"column":11},"end":{"line":89,"column":null}},"type":"binary-expr","locations":[{"start":{"line":89,"column":11},"end":{"line":89,"column":29}},{"start":{"line":89,"column":29},"end":{"line":89,"column":null}}],"line":89},"18":{"loc":{"start":{"line":92,"column":6},"end":{"line":96,"column":null}},"type":"cond-expr","locations":[{"start":{"line":93,"column":10},"end":{"line":95,"column":null}},{"start":{"line":95,"column":12},"end":{"line":96,"column":null}}],"line":92},"19":{"loc":{"start":{"line":93,"column":10},"end":{"line":95,"column":null}},"type":"cond-expr","locations":[{"start":{"line":94,"column":12},"end":{"line":94,"column":null}},{"start":{"line":95,"column":12},"end":{"line":95,"column":null}}],"line":93},"20":{"loc":{"start":{"line":97,"column":12},"end":{"line":97,"column":null}},"type":"binary-expr","locations":[{"start":{"line":97,"column":12},"end":{"line":97,"column":41}},{"start":{"line":97,"column":41},"end":{"line":97,"column":null}}],"line":97},"21":{"loc":{"start":{"line":101,"column":56},"end":{"line":101,"column":89}},"type":"default-arg","locations":[{"start":{"line":101,"column":62},"end":{"line":101,"column":89}}],"line":101},"22":{"loc":{"start":{"line":113,"column":4},"end":{"line":129,"column":null}},"type":"switch","locations":[{"start":{"line":114,"column":6},"end":{"line":116,"column":null}},{"start":{"line":117,"column":6},"end":{"line":119,"column":null}},{"start":{"line":120,"column":6},"end":{"line":122,"column":null}},{"start":{"line":123,"column":6},"end":{"line":125,"column":null}},{"start":{"line":126,"column":6},"end":{"line":128,"column":null}}],"line":113},"23":{"loc":{"start":{"line":137,"column":6},"end":{"line":139,"column":null}},"type":"cond-expr","locations":[{"start":{"line":138,"column":10},"end":{"line":138,"column":null}},{"start":{"line":139,"column":10},"end":{"line":139,"column":null}}],"line":137},"24":{"loc":{"start":{"line":137,"column":6},"end":{"line":137,"column":null}},"type":"binary-expr","locations":[{"start":{"line":137,"column":6},"end":{"line":137,"column":27}},{"start":{"line":137,"column":27},"end":{"line":137,"column":56}},{"start":{"line":137,"column":56},"end":{"line":137,"column":null}}],"line":137},"25":{"loc":{"start":{"line":141,"column":6},"end":{"line":143,"column":null}},"type":"cond-expr","locations":[{"start":{"line":142,"column":10},"end":{"line":142,"column":null}},{"start":{"line":143,"column":10},"end":{"line":143,"column":null}}],"line":141},"26":{"loc":{"start":{"line":141,"column":6},"end":{"line":141,"column":null}},"type":"binary-expr","locations":[{"start":{"line":141,"column":6},"end":{"line":141,"column":20}},{"start":{"line":141,"column":20},"end":{"line":141,"column":42}},{"start":{"line":141,"column":42},"end":{"line":141,"column":null}}],"line":141},"27":{"loc":{"start":{"line":145,"column":6},"end":{"line":147,"column":null}},"type":"cond-expr","locations":[{"start":{"line":146,"column":10},"end":{"line":146,"column":null}},{"start":{"line":147,"column":10},"end":{"line":147,"column":null}}],"line":145},"28":{"loc":{"start":{"line":145,"column":6},"end":{"line":145,"column":null}},"type":"binary-expr","locations":[{"start":{"line":145,"column":6},"end":{"line":145,"column":24}},{"start":{"line":145,"column":24},"end":{"line":145,"column":50}},{"start":{"line":145,"column":50},"end":{"line":145,"column":null}}],"line":145},"29":{"loc":{"start":{"line":149,"column":6},"end":{"line":151,"column":null}},"type":"cond-expr","locations":[{"start":{"line":150,"column":10},"end":{"line":150,"column":null}},{"start":{"line":151,"column":10},"end":{"line":151,"column":null}}],"line":149},"30":{"loc":{"start":{"line":149,"column":6},"end":{"line":149,"column":null}},"type":"binary-expr","locations":[{"start":{"line":149,"column":6},"end":{"line":149,"column":20}},{"start":{"line":149,"column":20},"end":{"line":149,"column":42}},{"start":{"line":149,"column":42},"end":{"line":149,"column":null}}],"line":149},"31":{"loc":{"start":{"line":153,"column":6},"end":{"line":155,"column":null}},"type":"cond-expr","locations":[{"start":{"line":154,"column":10},"end":{"line":154,"column":null}},{"start":{"line":155,"column":10},"end":{"line":155,"column":null}}],"line":153},"32":{"loc":{"start":{"line":153,"column":6},"end":{"line":153,"column":null}},"type":"binary-expr","locations":[{"start":{"line":153,"column":6},"end":{"line":153,"column":21}},{"start":{"line":153,"column":21},"end":{"line":153,"column":44}},{"start":{"line":153,"column":44},"end":{"line":153,"column":null}}],"line":153},"33":{"loc":{"start":{"line":168,"column":34},"end":{"line":168,"column":79}},"type":"default-arg","locations":[{"start":{"line":168,"column":62},"end":{"line":168,"column":79}}],"line":168},"34":{"loc":{"start":{"line":172,"column":20},"end":{"line":172,"column":38}},"type":"default-arg","locations":[{"start":{"line":172,"column":26},"end":{"line":172,"column":38}}],"line":172},"35":{"loc":{"start":{"line":203,"column":23},"end":{"line":203,"column":41}},"type":"default-arg","locations":[{"start":{"line":203,"column":29},"end":{"line":203,"column":41}}],"line":203}},"s":{"0":7,"1":666,"2":23363,"3":22769,"4":332,"5":332,"6":47,"7":285,"8":11667,"9":11,"10":274,"11":11649,"12":274,"13":23,"14":251,"15":251,"16":174,"17":77,"18":31,"19":46,"20":0,"21":46,"22":0,"23":46,"24":11645,"25":11645,"26":11645,"27":11645,"28":318,"29":318,"30":318,"31":11653,"32":318,"33":11653,"34":8,"35":8,"36":24,"37":24,"38":11508,"39":11508,"40":0,"41":0,"42":0,"43":0,"44":318,"45":48,"46":48,"47":288,"48":62,"49":62,"50":219,"51":219,"52":39,"53":48,"54":208,"55":11218,"56":208,"57":1,"58":1,"59":8,"60":8,"61":2,"62":2,"63":23,"64":23,"65":23,"66":22},"f":{"0":666,"1":23363,"2":22769,"3":332,"4":11667,"5":11649,"6":11645,"7":318,"8":11653,"9":48,"10":288,"11":62,"12":219,"13":39,"14":208,"15":11218,"16":1,"17":8,"18":2,"19":23,"20":22},"b":{"0":[666],"1":[23363,23359,135,133],"2":[332],"3":[47,285],"4":[11,274],"5":[11649,11649,141,141],"6":[23,251],"7":[174,77],"8":[31,46],"9":[0,46],"10":[0,46],"11":[46,46,46],"12":[137,11508],"13":[11645,148],"14":[11645,11563],"15":[137,11508],"16":[11645,137],"17":[11645,11508],"18":[11560,85],"19":[52,11508],"20":[11645,11508],"21":[318],"22":[8,24,11508,0,0],"23":[7,311],"24":[318,8,8],"25":[24,294],"26":[318,24,24],"27":[6,312],"28":[318,174,6],"29":[0,318],"30":[318,0,0],"31":[0,318],"32":[318,0,0],"33":[48],"34":[288],"35":[2]},"meta":{"lastBranch":36,"lastFunction":21,"lastStatement":67,"seen":{"s:14:57:20:Infinity":0,"f:22:16:22:35":0,"b:22:61:22:73":0,"s:23:2:30:Infinity":1,"f:25:6:25:7":1,"s:25:7:28:Infinity":2,"b:25:7:26:Infinity:27:9:27:Infinity:27:29:28:46:28:46:28:Infinity":1,"f:30:10:30:11":2,"s:30:20:30:45":3,"f:33:16:33:31":3,"b:33:57:33:78":2,"s:34:23:34:Infinity":4,"b:36:2:38:Infinity:undefined:undefined:undefined:undefined":3,"s:36:2:38:Infinity":5,"s:37:4:37:Infinity":6,"b:40:2:42:Infinity:undefined:undefined:undefined:undefined":4,"s:40:2:42:Infinity":7,"f:40:24:40:25":4,"s:40:35:40:64":8,"s:41:4:41:Infinity":9,"s:45:21:51:Infinity":10,"f:46:4:46:5":5,"s:47:6:50:Infinity":11,"b:47:6:47:Infinity:48:6:48:Infinity:49:6:49:Infinity:50:6:50:Infinity":5,"b:53:2:55:Infinity:undefined:undefined:undefined:undefined":6,"s:53:2:55:Infinity":12,"s:54:4:54:Infinity":13,"s:57:18:57:Infinity":14,"b:59:2:61:Infinity:undefined:undefined:undefined:undefined":7,"s:59:2:61:Infinity":15,"s:60:4:60:Infinity":16,"b:63:2:65:Infinity:undefined:undefined:undefined:undefined":8,"s:63:2:65:Infinity":17,"s:64:4:64:Infinity":18,"b:68:2:70:Infinity:undefined:undefined:undefined:undefined":9,"s:68:2:70:Infinity":19,"s:69:4:69:Infinity":20,"b:73:2:75:Infinity:undefined:undefined:undefined:undefined":10,"s:73:2:75:Infinity":21,"b:73:6:73:36:73:36:73:62:73:62:73:87":11,"s:74:4:74:Infinity":22,"s:77:2:77:Infinity":23,"f:80:9:80:21":6,"s:81:18:81:Infinity":24,"b:81:62:81:78:81:78:81:Infinity":12,"b:81:18:81:35:81:35:81:62":13,"s:82:32:82:Infinity":25,"b:82:32:82:55:82:55:82:Infinity":14,"s:84:4:84:Infinity":26,"b:84:40:84:84:84:84:84:Infinity":15,"b:84:4:84:15:84:15:84:40":16,"s:86:2:98:Infinity":27,"b:89:11:89:29:89:29:89:Infinity":17,"b:93:10:95:Infinity:95:12:96:Infinity":18,"b:94:12:94:Infinity:95:12:95:Infinity":19,"b:97:12:97:41:97:41:97:Infinity":20,"f:101:16:101:36":7,"b:101:62:101:89":21,"s:102:23:102:Infinity":28,"s:103:15:103:Infinity":29,"s:104:16:104:Infinity":30,"f:104:36:104:37":8,"s:104:47:104:76":31,"s:112:2:130:Infinity":32,"b:114:6:116:Infinity:117:6:119:Infinity:120:6:122:Infinity:123:6:125:Infinity:126:6:128:Infinity":22,"s:113:4:129:Infinity":33,"s:115:8:115:Infinity":34,"s:116:8:116:Infinity":35,"s:118:8:118:Infinity":36,"s:119:8:119:Infinity":37,"s:121:8:121:Infinity":38,"s:122:8:122:Infinity":39,"s:124:8:124:Infinity":40,"s:125:8:125:Infinity":41,"s:127:8:127:Infinity":42,"s:128:8:128:Infinity":43,"s:132:2:156:Infinity":44,"b:138:10:138:Infinity:139:10:139:Infinity":23,"b:137:6:137:27:137:27:137:56:137:56:137:Infinity":24,"b:142:10:142:Infinity:143:10:143:Infinity":25,"b:141:6:141:20:141:20:141:42:141:42:141:Infinity":26,"b:146:10:146:Infinity:147:10:147:Infinity":27,"b:145:6:145:24:145:24:145:50:145:50:145:Infinity":28,"b:150:10:150:Infinity:151:10:151:Infinity":29,"b:149:6:149:20:149:20:149:42:149:42:149:Infinity":30,"b:154:10:154:Infinity:155:10:155:Infinity":31,"b:153:6:153:21:153:21:153:44:153:44:153:Infinity":32,"f:168:16:168:34":9,"b:168:62:168:79":33,"s:169:15:169:Infinity":45,"s:170:22:170:Infinity":46,"f:172:11:172:20":10,"b:172:26:172:38":34,"s:173:4:173:Infinity":47,"f:176:11:176:19":11,"s:177:4:181:Infinity":48,"s:178:6:178:Infinity":49,"f:184:11:184:20":12,"s:185:18:185:Infinity":50,"s:186:4:186:Infinity":51,"f:186:24:186:25":13,"s:186:40:186:66":52,"s:189:2:212:Infinity":53,"f:191:4:191:20":14,"s:192:6:192:Infinity":54,"f:192:58:192:59":15,"s:192:68:192:88":55,"s:193:6:193:Infinity":56,"f:195:4:195:21":16,"s:196:6:196:Infinity":57,"s:197:6:197:Infinity":58,"f:199:4:199:21":17,"s:200:6:200:Infinity":59,"s:201:6:201:Infinity":60,"f:203:4:203:23":18,"b:203:29:203:41":35,"s:204:6:204:Infinity":61,"s:205:6:205:Infinity":62,"f:207:4:207:14":19,"s:208:6:208:Infinity":63,"s:209:6:209:Infinity":64,"s:210:6:210:Infinity":65,"f:210:13:210:19":20,"s:210:19:210:Infinity":66},"fnNames":{}}}
}
